[0.096s] Invoking command in '/home/om/slambot/build/bumperbot_msgs': CMAKE_PREFIX_PATH=${CMAKE_PREFIX_PATH}:/opt/ros/humble /usr/bin/cmake --build /home/om/slambot/build/bumperbot_msgs -- -j8 -l8
[0.214s] [  2%] Built target bumperbot_msgs__cpp
[0.231s] [ 12%] Built target bumperbot_msgs__rosidl_generator_c
[0.286s] [ 12%] Built target ament_cmake_python_copy_bumperbot_msgs
[0.304s] [ 23%] Built target bumperbot_msgs__rosidl_typesupport_introspection_cpp
[0.326s] [ 33%] Built target bumperbot_msgs__rosidl_typesupport_introspection_c
[0.327s] [ 43%] Built target bumperbot_msgs__rosidl_typesupport_c
[0.330s] [ 53%] Built target bumperbot_msgs__rosidl_typesupport_cpp
[0.333s] [ 64%] Built target bumperbot_msgs__rosidl_typesupport_fastrtps_cpp
[0.367s] [ 74%] Built target bumperbot_msgs__rosidl_typesupport_fastrtps_c
[0.402s] [ 74%] Built target bumperbot_msgs
[0.453s] [ 76%] Built target bumperbot_msgs__py
[0.514s] [ 84%] Built target bumperbot_msgs__rosidl_generator_py
[0.574s] [ 89%] Built target bumperbot_msgs__rosidl_typesupport_introspection_c__pyext
[0.584s] [ 94%] Built target bumperbot_msgs__rosidl_typesupport_fastrtps_c__pyext
[0.598s] [100%] Built target bumperbot_msgs__rosidl_typesupport_c__pyext
[0.887s] running egg_info
[0.891s] writing bumperbot_msgs.egg-info/PKG-INFO
[0.891s] writing dependency_links to bumperbot_msgs.egg-info/dependency_links.txt
[0.891s] writing top-level names to bumperbot_msgs.egg-info/top_level.txt
[0.897s] reading manifest file 'bumperbot_msgs.egg-info/SOURCES.txt'
[0.904s] writing manifest file 'bumperbot_msgs.egg-info/SOURCES.txt'
[0.990s] [100%] Built target ament_cmake_python_build_bumperbot_msgs_egg
[1.023s] Invoked command in '/home/om/slambot/build/bumperbot_msgs' returned '0': CMAKE_PREFIX_PATH=${CMAKE_PREFIX_PATH}:/opt/ros/humble /usr/bin/cmake --build /home/om/slambot/build/bumperbot_msgs -- -j8 -l8
[1.200s] Invoking command in '/home/om/slambot/build/bumperbot_msgs': CMAKE_PREFIX_PATH=${CMAKE_PREFIX_PATH}:/opt/ros/humble /usr/bin/cmake --install /home/om/slambot/build/bumperbot_msgs
[1.229s] -- Install configuration: ""
[1.229s] -- Up-to-date: /home/om/slambot/install/bumperbot_msgs/share/ament_index/resource_index/rosidl_interfaces/bumperbot_msgs
[1.231s] -- Up-to-date: /home/om/slambot/install/bumperbot_msgs/include/bumperbot_msgs/bumperbot_msgs
[1.232s] -- Up-to-date: /home/om/slambot/install/bumperbot_msgs/include/bumperbot_msgs/bumperbot_msgs/msg
[1.232s] -- Up-to-date: /home/om/slambot/install/bumperbot_msgs/include/bumperbot_msgs/bumperbot_msgs/msg/rosidl_generator_c__visibility_control.h
[1.232s] -- Up-to-date: /home/om/slambot/install/bumperbot_msgs/include/bumperbot_msgs/bumperbot_msgs/srv
[1.232s] -- Up-to-date: /home/om/slambot/install/bumperbot_msgs/include/bumperbot_msgs/bumperbot_msgs/srv/add_two_ints.h
[1.232s] -- Up-to-date: /home/om/slambot/install/bumperbot_msgs/include/bumperbot_msgs/bumperbot_msgs/srv/get_transform.h
[1.232s] -- Up-to-date: /home/om/slambot/install/bumperbot_msgs/include/bumperbot_msgs/bumperbot_msgs/srv/detail
[1.232s] -- Up-to-date: /home/om/slambot/install/bumperbot_msgs/include/bumperbot_msgs/bumperbot_msgs/srv/detail/add_two_ints__functions.h
[1.232s] -- Up-to-date: /home/om/slambot/install/bumperbot_msgs/include/bumperbot_msgs/bumperbot_msgs/srv/detail/add_two_ints__struct.h
[1.233s] -- Up-to-date: /home/om/slambot/install/bumperbot_msgs/include/bumperbot_msgs/bumperbot_msgs/srv/detail/get_transform__functions.h
[1.233s] -- Up-to-date: /home/om/slambot/install/bumperbot_msgs/include/bumperbot_msgs/bumperbot_msgs/srv/detail/get_transform__type_support.h
[1.233s] -- Up-to-date: /home/om/slambot/install/bumperbot_msgs/include/bumperbot_msgs/bumperbot_msgs/srv/detail/get_transform__functions.c
[1.237s] -- Up-to-date: /home/om/slambot/install/bumperbot_msgs/include/bumperbot_msgs/bumperbot_msgs/srv/detail/get_transform__struct.h
[1.237s] -- Up-to-date: /home/om/slambot/install/bumperbot_msgs/include/bumperbot_msgs/bumperbot_msgs/srv/detail/add_two_ints__type_support.h
[1.237s] -- Up-to-date: /home/om/slambot/install/bumperbot_msgs/include/bumperbot_msgs/bumperbot_msgs/srv/detail/add_two_ints__functions.c
[1.237s] -- Up-to-date: /home/om/slambot/install/bumperbot_msgs/share/bumperbot_msgs/environment/library_path.sh
[1.237s] -- Up-to-date: /home/om/slambot/install/bumperbot_msgs/share/bumperbot_msgs/environment/library_path.dsv
[1.238s] -- Up-to-date: /home/om/slambot/install/bumperbot_msgs/lib/libbumperbot_msgs__rosidl_generator_c.so
[1.238s] -- Up-to-date: /home/om/slambot/install/bumperbot_msgs/include/bumperbot_msgs/bumperbot_msgs
[1.238s] -- Up-to-date: /home/om/slambot/install/bumperbot_msgs/include/bumperbot_msgs/bumperbot_msgs/msg
[1.240s] -- Up-to-date: /home/om/slambot/install/bumperbot_msgs/include/bumperbot_msgs/bumperbot_msgs/msg/rosidl_typesupport_fastrtps_c__visibility_control.h
[1.240s] -- Up-to-date: /home/om/slambot/install/bumperbot_msgs/include/bumperbot_msgs/bumperbot_msgs/srv
[1.241s] -- Up-to-date: /home/om/slambot/install/bumperbot_msgs/include/bumperbot_msgs/bumperbot_msgs/srv/detail
[1.241s] -- Up-to-date: /home/om/slambot/install/bumperbot_msgs/include/bumperbot_msgs/bumperbot_msgs/srv/detail/get_transform__rosidl_typesupport_fastrtps_c.h
[1.241s] -- Up-to-date: /home/om/slambot/install/bumperbot_msgs/include/bumperbot_msgs/bumperbot_msgs/srv/detail/add_two_ints__rosidl_typesupport_fastrtps_c.h
[1.242s] -- Up-to-date: /home/om/slambot/install/bumperbot_msgs/lib/libbumperbot_msgs__rosidl_typesupport_fastrtps_c.so
[1.242s] -- Up-to-date: /home/om/slambot/install/bumperbot_msgs/include/bumperbot_msgs/bumperbot_msgs
[1.242s] -- Up-to-date: /home/om/slambot/install/bumperbot_msgs/include/bumperbot_msgs/bumperbot_msgs/srv
[1.242s] -- Up-to-date: /home/om/slambot/install/bumperbot_msgs/include/bumperbot_msgs/bumperbot_msgs/srv/detail
[1.242s] -- Up-to-date: /home/om/slambot/install/bumperbot_msgs/include/bumperbot_msgs/bumperbot_msgs/srv/detail/add_two_ints__builder.hpp
[1.242s] -- Up-to-date: /home/om/slambot/install/bumperbot_msgs/include/bumperbot_msgs/bumperbot_msgs/srv/detail/get_transform__struct.hpp
[1.243s] -- Up-to-date: /home/om/slambot/install/bumperbot_msgs/include/bumperbot_msgs/bumperbot_msgs/srv/detail/get_transform__builder.hpp
[1.243s] -- Up-to-date: /home/om/slambot/install/bumperbot_msgs/include/bumperbot_msgs/bumperbot_msgs/srv/detail/get_transform__traits.hpp
[1.243s] -- Up-to-date: /home/om/slambot/install/bumperbot_msgs/include/bumperbot_msgs/bumperbot_msgs/srv/detail/add_two_ints__struct.hpp
[1.251s] -- Up-to-date: /home/om/slambot/install/bumperbot_msgs/include/bumperbot_msgs/bumperbot_msgs/srv/detail/add_two_ints__traits.hpp
[1.253s] -- Up-to-date: /home/om/slambot/install/bumperbot_msgs/include/bumperbot_msgs/bumperbot_msgs/srv/get_transform.hpp
[1.258s] -- Up-to-date: /home/om/slambot/install/bumperbot_msgs/include/bumperbot_msgs/bumperbot_msgs/srv/add_two_ints.hpp
[1.258s] -- Up-to-date: /home/om/slambot/install/bumperbot_msgs/include/bumperbot_msgs/bumperbot_msgs
[1.258s] -- Up-to-date: /home/om/slambot/install/bumperbot_msgs/include/bumperbot_msgs/bumperbot_msgs/msg
[1.258s] -- Up-to-date: /home/om/slambot/install/bumperbot_msgs/include/bumperbot_msgs/bumperbot_msgs/msg/rosidl_typesupport_fastrtps_cpp__visibility_control.h
[1.259s] -- Up-to-date: /home/om/slambot/install/bumperbot_msgs/include/bumperbot_msgs/bumperbot_msgs/srv
[1.259s] -- Up-to-date: /home/om/slambot/install/bumperbot_msgs/include/bumperbot_msgs/bumperbot_msgs/srv/detail
[1.259s] -- Up-to-date: /home/om/slambot/install/bumperbot_msgs/include/bumperbot_msgs/bumperbot_msgs/srv/detail/add_two_ints__rosidl_typesupport_fastrtps_cpp.hpp
[1.265s] -- Up-to-date: /home/om/slambot/install/bumperbot_msgs/include/bumperbot_msgs/bumperbot_msgs/srv/detail/dds_fastrtps
[1.265s] -- Up-to-date: /home/om/slambot/install/bumperbot_msgs/include/bumperbot_msgs/bumperbot_msgs/srv/detail/get_transform__rosidl_typesupport_fastrtps_cpp.hpp
[1.265s] -- Up-to-date: /home/om/slambot/install/bumperbot_msgs/lib/libbumperbot_msgs__rosidl_typesupport_fastrtps_cpp.so
[1.265s] -- Up-to-date: /home/om/slambot/install/bumperbot_msgs/include/bumperbot_msgs/bumperbot_msgs
[1.266s] -- Up-to-date: /home/om/slambot/install/bumperbot_msgs/include/bumperbot_msgs/bumperbot_msgs/msg
[1.270s] -- Up-to-date: /home/om/slambot/install/bumperbot_msgs/include/bumperbot_msgs/bumperbot_msgs/msg/rosidl_typesupport_introspection_c__visibility_control.h
[1.270s] -- Up-to-date: /home/om/slambot/install/bumperbot_msgs/include/bumperbot_msgs/bumperbot_msgs/srv
[1.270s] -- Up-to-date: /home/om/slambot/install/bumperbot_msgs/include/bumperbot_msgs/bumperbot_msgs/srv/detail
[1.270s] -- Up-to-date: /home/om/slambot/install/bumperbot_msgs/include/bumperbot_msgs/bumperbot_msgs/srv/detail/add_two_ints__type_support.c
[1.270s] -- Up-to-date: /home/om/slambot/install/bumperbot_msgs/include/bumperbot_msgs/bumperbot_msgs/srv/detail/get_transform__type_support.c
[1.270s] -- Up-to-date: /home/om/slambot/install/bumperbot_msgs/include/bumperbot_msgs/bumperbot_msgs/srv/detail/add_two_ints__rosidl_typesupport_introspection_c.h
[1.271s] -- Up-to-date: /home/om/slambot/install/bumperbot_msgs/include/bumperbot_msgs/bumperbot_msgs/srv/detail/get_transform__rosidl_typesupport_introspection_c.h
[1.271s] -- Up-to-date: /home/om/slambot/install/bumperbot_msgs/lib/libbumperbot_msgs__rosidl_typesupport_introspection_c.so
[1.272s] -- Up-to-date: /home/om/slambot/install/bumperbot_msgs/lib/libbumperbot_msgs__rosidl_typesupport_c.so
[1.272s] -- Up-to-date: /home/om/slambot/install/bumperbot_msgs/include/bumperbot_msgs/bumperbot_msgs
[1.272s] -- Up-to-date: /home/om/slambot/install/bumperbot_msgs/include/bumperbot_msgs/bumperbot_msgs/srv
[1.272s] -- Up-to-date: /home/om/slambot/install/bumperbot_msgs/include/bumperbot_msgs/bumperbot_msgs/srv/detail
[1.272s] -- Up-to-date: /home/om/slambot/install/bumperbot_msgs/include/bumperbot_msgs/bumperbot_msgs/srv/detail/get_transform__rosidl_typesupport_introspection_cpp.hpp
[1.272s] -- Up-to-date: /home/om/slambot/install/bumperbot_msgs/include/bumperbot_msgs/bumperbot_msgs/srv/detail/add_two_ints__rosidl_typesupport_introspection_cpp.hpp
[1.272s] -- Up-to-date: /home/om/slambot/install/bumperbot_msgs/include/bumperbot_msgs/bumperbot_msgs/srv/detail/add_two_ints__type_support.cpp
[1.273s] -- Up-to-date: /home/om/slambot/install/bumperbot_msgs/include/bumperbot_msgs/bumperbot_msgs/srv/detail/get_transform__type_support.cpp
[1.273s] -- Up-to-date: /home/om/slambot/install/bumperbot_msgs/lib/libbumperbot_msgs__rosidl_typesupport_introspection_cpp.so
[1.273s] -- Up-to-date: /home/om/slambot/install/bumperbot_msgs/lib/libbumperbot_msgs__rosidl_typesupport_cpp.so
[1.273s] -- Up-to-date: /home/om/slambot/install/bumperbot_msgs/share/bumperbot_msgs/environment/pythonpath.sh
[1.273s] -- Up-to-date: /home/om/slambot/install/bumperbot_msgs/share/bumperbot_msgs/environment/pythonpath.dsv
[1.273s] -- Up-to-date: /home/om/slambot/install/bumperbot_msgs/local/lib/python3.10/dist-packages/bumperbot_msgs-0.0.0-py3.10.egg-info
[1.273s] -- Installing: /home/om/slambot/install/bumperbot_msgs/local/lib/python3.10/dist-packages/bumperbot_msgs-0.0.0-py3.10.egg-info/PKG-INFO
[1.279s] -- Installing: /home/om/slambot/install/bumperbot_msgs/local/lib/python3.10/dist-packages/bumperbot_msgs-0.0.0-py3.10.egg-info/dependency_links.txt
[1.279s] -- Installing: /home/om/slambot/install/bumperbot_msgs/local/lib/python3.10/dist-packages/bumperbot_msgs-0.0.0-py3.10.egg-info/SOURCES.txt
[1.279s] -- Installing: /home/om/slambot/install/bumperbot_msgs/local/lib/python3.10/dist-packages/bumperbot_msgs-0.0.0-py3.10.egg-info/top_level.txt
[1.282s] -- Up-to-date: /home/om/slambot/install/bumperbot_msgs/local/lib/python3.10/dist-packages/bumperbot_msgs
[1.282s] -- Up-to-date: /home/om/slambot/install/bumperbot_msgs/local/lib/python3.10/dist-packages/bumperbot_msgs/_bumperbot_msgs_s.ep.rosidl_typesupport_introspection_c.c
[1.282s] -- Up-to-date: /home/om/slambot/install/bumperbot_msgs/local/lib/python3.10/dist-packages/bumperbot_msgs/_bumperbot_msgs_s.ep.rosidl_typesupport_fastrtps_c.c
[1.282s] -- Up-to-date: /home/om/slambot/install/bumperbot_msgs/local/lib/python3.10/dist-packages/bumperbot_msgs/__init__.py
[1.282s] -- Up-to-date: /home/om/slambot/install/bumperbot_msgs/local/lib/python3.10/dist-packages/bumperbot_msgs/_bumperbot_msgs_s.ep.rosidl_typesupport_c.c
[1.282s] -- Up-to-date: /home/om/slambot/install/bumperbot_msgs/local/lib/python3.10/dist-packages/bumperbot_msgs/srv
[1.283s] -- Up-to-date: /home/om/slambot/install/bumperbot_msgs/local/lib/python3.10/dist-packages/bumperbot_msgs/srv/_get_transform_s.c
[1.283s] -- Up-to-date: /home/om/slambot/install/bumperbot_msgs/local/lib/python3.10/dist-packages/bumperbot_msgs/srv/_get_transform.py
[1.283s] -- Up-to-date: /home/om/slambot/install/bumperbot_msgs/local/lib/python3.10/dist-packages/bumperbot_msgs/srv/__init__.py
[1.283s] -- Up-to-date: /home/om/slambot/install/bumperbot_msgs/local/lib/python3.10/dist-packages/bumperbot_msgs/srv/_add_two_ints.py
[1.283s] -- Up-to-date: /home/om/slambot/install/bumperbot_msgs/local/lib/python3.10/dist-packages/bumperbot_msgs/srv/_add_two_ints_s.c
[1.283s] -- Up-to-date: /home/om/slambot/install/bumperbot_msgs/local/lib/python3.10/dist-packages/bumperbot_msgs/libbumperbot_msgs__rosidl_generator_py.so
[1.283s] -- Up-to-date: /home/om/slambot/install/bumperbot_msgs/local/lib/python3.10/dist-packages/bumperbot_msgs/bumperbot_msgs_s__rosidl_typesupport_introspection_c.cpython-310-x86_64-linux-gnu.so
[1.283s] -- Up-to-date: /home/om/slambot/install/bumperbot_msgs/local/lib/python3.10/dist-packages/bumperbot_msgs/bumperbot_msgs_s__rosidl_typesupport_fastrtps_c.cpython-310-x86_64-linux-gnu.so
[1.284s] -- Up-to-date: /home/om/slambot/install/bumperbot_msgs/local/lib/python3.10/dist-packages/bumperbot_msgs/bumperbot_msgs_s__rosidl_typesupport_c.cpython-310-x86_64-linux-gnu.so
[1.311s] Listing '/home/om/slambot/install/bumperbot_msgs/local/lib/python3.10/dist-packages/bumperbot_msgs'...
[1.312s] Listing '/home/om/slambot/install/bumperbot_msgs/local/lib/python3.10/dist-packages/bumperbot_msgs/srv'...
[1.321s] -- Up-to-date: /home/om/slambot/install/bumperbot_msgs/local/lib/python3.10/dist-packages/bumperbot_msgs/bumperbot_msgs_s__rosidl_typesupport_fastrtps_c.cpython-310-x86_64-linux-gnu.so
[1.321s] -- Up-to-date: /home/om/slambot/install/bumperbot_msgs/local/lib/python3.10/dist-packages/bumperbot_msgs/bumperbot_msgs_s__rosidl_typesupport_introspection_c.cpython-310-x86_64-linux-gnu.so
[1.321s] -- Up-to-date: /home/om/slambot/install/bumperbot_msgs/local/lib/python3.10/dist-packages/bumperbot_msgs/bumperbot_msgs_s__rosidl_typesupport_c.cpython-310-x86_64-linux-gnu.so
[1.323s] -- Up-to-date: /home/om/slambot/install/bumperbot_msgs/lib/libbumperbot_msgs__rosidl_generator_py.so
[1.323s] -- Up-to-date: /home/om/slambot/install/bumperbot_msgs/share/bumperbot_msgs/srv/AddTwoInts.idl
[1.324s] -- Up-to-date: /home/om/slambot/install/bumperbot_msgs/share/bumperbot_msgs/srv/GetTransform.idl
[1.324s] -- Up-to-date: /home/om/slambot/install/bumperbot_msgs/share/bumperbot_msgs/srv/AddTwoInts.srv
[1.325s] -- Up-to-date: /home/om/slambot/install/bumperbot_msgs/share/bumperbot_msgs/srv/AddTwoInts_Request.msg
[1.325s] -- Up-to-date: /home/om/slambot/install/bumperbot_msgs/share/bumperbot_msgs/srv/AddTwoInts_Response.msg
[1.325s] -- Up-to-date: /home/om/slambot/install/bumperbot_msgs/share/bumperbot_msgs/srv/GetTransform.srv
[1.325s] -- Up-to-date: /home/om/slambot/install/bumperbot_msgs/share/bumperbot_msgs/srv/GetTransform_Request.msg
[1.326s] -- Up-to-date: /home/om/slambot/install/bumperbot_msgs/share/bumperbot_msgs/srv/GetTransform_Response.msg
[1.326s] -- Up-to-date: /home/om/slambot/install/bumperbot_msgs/share/ament_index/resource_index/package_run_dependencies/bumperbot_msgs
[1.326s] -- Up-to-date: /home/om/slambot/install/bumperbot_msgs/share/ament_index/resource_index/parent_prefix_path/bumperbot_msgs
[1.326s] -- Up-to-date: /home/om/slambot/install/bumperbot_msgs/share/bumperbot_msgs/environment/ament_prefix_path.sh
[1.326s] -- Up-to-date: /home/om/slambot/install/bumperbot_msgs/share/bumperbot_msgs/environment/ament_prefix_path.dsv
[1.326s] -- Up-to-date: /home/om/slambot/install/bumperbot_msgs/share/bumperbot_msgs/environment/path.sh
[1.327s] -- Up-to-date: /home/om/slambot/install/bumperbot_msgs/share/bumperbot_msgs/environment/path.dsv
[1.327s] -- Up-to-date: /home/om/slambot/install/bumperbot_msgs/share/bumperbot_msgs/local_setup.bash
[1.327s] -- Up-to-date: /home/om/slambot/install/bumperbot_msgs/share/bumperbot_msgs/local_setup.sh
[1.327s] -- Up-to-date: /home/om/slambot/install/bumperbot_msgs/share/bumperbot_msgs/local_setup.zsh
[1.327s] -- Up-to-date: /home/om/slambot/install/bumperbot_msgs/share/bumperbot_msgs/local_setup.dsv
[1.327s] -- Installing: /home/om/slambot/install/bumperbot_msgs/share/bumperbot_msgs/package.dsv
[1.328s] -- Up-to-date: /home/om/slambot/install/bumperbot_msgs/share/ament_index/resource_index/packages/bumperbot_msgs
[1.328s] -- Up-to-date: /home/om/slambot/install/bumperbot_msgs/share/bumperbot_msgs/cmake/export_bumperbot_msgs__rosidl_generator_cExport.cmake
[1.329s] -- Up-to-date: /home/om/slambot/install/bumperbot_msgs/share/bumperbot_msgs/cmake/export_bumperbot_msgs__rosidl_generator_cExport-noconfig.cmake
[1.329s] -- Up-to-date: /home/om/slambot/install/bumperbot_msgs/share/bumperbot_msgs/cmake/export_bumperbot_msgs__rosidl_typesupport_fastrtps_cExport.cmake
[1.329s] -- Up-to-date: /home/om/slambot/install/bumperbot_msgs/share/bumperbot_msgs/cmake/export_bumperbot_msgs__rosidl_typesupport_fastrtps_cExport-noconfig.cmake
[1.329s] -- Up-to-date: /home/om/slambot/install/bumperbot_msgs/share/bumperbot_msgs/cmake/export_bumperbot_msgs__rosidl_generator_cppExport.cmake
[1.332s] -- Up-to-date: /home/om/slambot/install/bumperbot_msgs/share/bumperbot_msgs/cmake/export_bumperbot_msgs__rosidl_typesupport_fastrtps_cppExport.cmake
[1.333s] -- Up-to-date: /home/om/slambot/install/bumperbot_msgs/share/bumperbot_msgs/cmake/export_bumperbot_msgs__rosidl_typesupport_fastrtps_cppExport-noconfig.cmake
[1.334s] -- Up-to-date: /home/om/slambot/install/bumperbot_msgs/share/bumperbot_msgs/cmake/bumperbot_msgs__rosidl_typesupport_introspection_cExport.cmake
[1.334s] -- Up-to-date: /home/om/slambot/install/bumperbot_msgs/share/bumperbot_msgs/cmake/bumperbot_msgs__rosidl_typesupport_introspection_cExport-noconfig.cmake
[1.334s] -- Up-to-date: /home/om/slambot/install/bumperbot_msgs/share/bumperbot_msgs/cmake/bumperbot_msgs__rosidl_typesupport_cExport.cmake
[1.334s] -- Up-to-date: /home/om/slambot/install/bumperbot_msgs/share/bumperbot_msgs/cmake/bumperbot_msgs__rosidl_typesupport_cExport-noconfig.cmake
[1.335s] -- Up-to-date: /home/om/slambot/install/bumperbot_msgs/share/bumperbot_msgs/cmake/bumperbot_msgs__rosidl_typesupport_introspection_cppExport.cmake
[1.335s] -- Up-to-date: /home/om/slambot/install/bumperbot_msgs/share/bumperbot_msgs/cmake/bumperbot_msgs__rosidl_typesupport_introspection_cppExport-noconfig.cmake
[1.336s] -- Up-to-date: /home/om/slambot/install/bumperbot_msgs/share/bumperbot_msgs/cmake/bumperbot_msgs__rosidl_typesupport_cppExport.cmake
[1.337s] -- Up-to-date: /home/om/slambot/install/bumperbot_msgs/share/bumperbot_msgs/cmake/bumperbot_msgs__rosidl_typesupport_cppExport-noconfig.cmake
[1.337s] -- Up-to-date: /home/om/slambot/install/bumperbot_msgs/share/bumperbot_msgs/cmake/export_bumperbot_msgs__rosidl_generator_pyExport.cmake
[1.337s] -- Up-to-date: /home/om/slambot/install/bumperbot_msgs/share/bumperbot_msgs/cmake/export_bumperbot_msgs__rosidl_generator_pyExport-noconfig.cmake
[1.337s] -- Up-to-date: /home/om/slambot/install/bumperbot_msgs/share/bumperbot_msgs/cmake/rosidl_cmake-extras.cmake
[1.337s] -- Up-to-date: /home/om/slambot/install/bumperbot_msgs/share/bumperbot_msgs/cmake/ament_cmake_export_dependencies-extras.cmake
[1.338s] -- Up-to-date: /home/om/slambot/install/bumperbot_msgs/share/bumperbot_msgs/cmake/ament_cmake_export_include_directories-extras.cmake
[1.338s] -- Up-to-date: /home/om/slambot/install/bumperbot_msgs/share/bumperbot_msgs/cmake/ament_cmake_export_libraries-extras.cmake
[1.338s] -- Up-to-date: /home/om/slambot/install/bumperbot_msgs/share/bumperbot_msgs/cmake/ament_cmake_export_targets-extras.cmake
[1.338s] -- Up-to-date: /home/om/slambot/install/bumperbot_msgs/share/bumperbot_msgs/cmake/rosidl_cmake_export_typesupport_targets-extras.cmake
[1.340s] -- Up-to-date: /home/om/slambot/install/bumperbot_msgs/share/bumperbot_msgs/cmake/rosidl_cmake_export_typesupport_libraries-extras.cmake
[1.340s] -- Up-to-date: /home/om/slambot/install/bumperbot_msgs/share/bumperbot_msgs/cmake/bumperbot_msgsConfig.cmake
[1.340s] -- Up-to-date: /home/om/slambot/install/bumperbot_msgs/share/bumperbot_msgs/cmake/bumperbot_msgsConfig-version.cmake
[1.342s] -- Up-to-date: /home/om/slambot/install/bumperbot_msgs/share/bumperbot_msgs/package.xml
[1.363s] Invoked command in '/home/om/slambot/build/bumperbot_msgs' returned '0': CMAKE_PREFIX_PATH=${CMAKE_PREFIX_PATH}:/opt/ros/humble /usr/bin/cmake --install /home/om/slambot/build/bumperbot_msgs
