[0.025s] Invoking command in '/home/om/slambot/build/new_practice_bringup': CMAKE_PREFIX_PATH=${CMAKE_PREFIX_PATH}:/opt/ros/humble /usr/bin/cmake /home/om/slambot/src/new_practice_bringup -DCMAKE_INSTALL_PREFIX=/home/om/slambot/install/new_practice_bringup
[0.138s] -- The C compiler identification is GNU 11.4.0
[0.244s] -- The CXX compiler identification is GNU 11.4.0
[0.257s] -- Detecting C compiler ABI info
[0.347s] -- Detecting C compiler ABI info - done
[0.356s] -- Check for working C compiler: /usr/bin/cc - skipped
[0.357s] -- Detecting C compile features
[0.357s] -- Detecting C compile features - done
[0.362s] -- Detecting CXX compiler ABI info
[0.468s] -- Detecting CXX compiler ABI info - done
[0.478s] -- Check for working CXX compiler: /usr/bin/c++ - skipped
[0.478s] -- Detecting CXX compile features
[0.478s] -- Detecting CXX compile features - done
[0.482s] -- Found ament_cmake: 1.3.9 (/opt/ros/humble/share/ament_cmake/cmake)
[0.659s] -- Found Python3: /usr/bin/python3 (found version "3.10.12") found components: Interpreter 
[0.857s] -- Configuring done
[0.860s] -- Generating done
[0.861s] -- Build files have been written to: /home/om/slambot/build/new_practice_bringup
[0.867s] Invoked command in '/home/om/slambot/build/new_practice_bringup' returned '0': CMAKE_PREFIX_PATH=${CMAKE_PREFIX_PATH}:/opt/ros/humble /usr/bin/cmake /home/om/slambot/src/new_practice_bringup -DCMAKE_INSTALL_PREFIX=/home/om/slambot/install/new_practice_bringup
[0.869s] Invoking command in '/home/om/slambot/build/new_practice_bringup': CMAKE_PREFIX_PATH=${CMAKE_PREFIX_PATH}:/opt/ros/humble /usr/bin/cmake --build /home/om/slambot/build/new_practice_bringup -- -j8 -l8
[0.922s] Invoked command in '/home/om/slambot/build/new_practice_bringup' returned '0': CMAKE_PREFIX_PATH=${CMAKE_PREFIX_PATH}:/opt/ros/humble /usr/bin/cmake --build /home/om/slambot/build/new_practice_bringup -- -j8 -l8
[0.953s] Invoking command in '/home/om/slambot/build/new_practice_bringup': CMAKE_PREFIX_PATH=${CMAKE_PREFIX_PATH}:/opt/ros/humble /usr/bin/cmake --install /home/om/slambot/build/new_practice_bringup
[0.963s] -- Install configuration: ""
[0.963s] -- Installing: /home/om/slambot/install/new_practice_bringup/share/new_practice_bringup//launch
[0.963s] -- Installing: /home/om/slambot/install/new_practice_bringup/share/new_practice_bringup//launch/new_bringup.launch.xml
[0.963s] -- Installing: /home/om/slambot/install/new_practice_bringup/share/new_practice_bringup//rviz
[0.963s] -- Installing: /home/om/slambot/install/new_practice_bringup/share/new_practice_bringup//rviz/urdf_config.rviz
[0.964s] -- Installing: /home/om/slambot/install/new_practice_bringup/share/new_practice_bringup//world
[0.964s] -- Installing: /home/om/slambot/install/new_practice_bringup/share/new_practice_bringup//world/my_world
[0.964s] -- Installing: /home/om/slambot/install/new_practice_bringup/share/ament_index/resource_index/package_run_dependencies/new_practice_bringup
[0.964s] -- Installing: /home/om/slambot/install/new_practice_bringup/share/ament_index/resource_index/parent_prefix_path/new_practice_bringup
[0.965s] -- Installing: /home/om/slambot/install/new_practice_bringup/share/new_practice_bringup/environment/ament_prefix_path.sh
[0.965s] -- Installing: /home/om/slambot/install/new_practice_bringup/share/new_practice_bringup/environment/ament_prefix_path.dsv
[0.965s] -- Installing: /home/om/slambot/install/new_practice_bringup/share/new_practice_bringup/environment/path.sh
[0.965s] -- Installing: /home/om/slambot/install/new_practice_bringup/share/new_practice_bringup/environment/path.dsv
[0.965s] -- Installing: /home/om/slambot/install/new_practice_bringup/share/new_practice_bringup/local_setup.bash
[0.965s] -- Installing: /home/om/slambot/install/new_practice_bringup/share/new_practice_bringup/local_setup.sh
[0.965s] -- Installing: /home/om/slambot/install/new_practice_bringup/share/new_practice_bringup/local_setup.zsh
[0.965s] -- Installing: /home/om/slambot/install/new_practice_bringup/share/new_practice_bringup/local_setup.dsv
[0.965s] -- Installing: /home/om/slambot/install/new_practice_bringup/share/new_practice_bringup/package.dsv
[0.966s] -- Installing: /home/om/slambot/install/new_practice_bringup/share/ament_index/resource_index/packages/new_practice_bringup
[0.966s] -- Installing: /home/om/slambot/install/new_practice_bringup/share/new_practice_bringup/cmake/new_practice_bringupConfig.cmake
[0.966s] -- Installing: /home/om/slambot/install/new_practice_bringup/share/new_practice_bringup/cmake/new_practice_bringupConfig-version.cmake
[0.966s] -- Installing: /home/om/slambot/install/new_practice_bringup/share/new_practice_bringup/package.xml
[0.974s] Invoked command in '/home/om/slambot/build/new_practice_bringup' returned '0': CMAKE_PREFIX_PATH=${CMAKE_PREFIX_PATH}:/opt/ros/humble /usr/bin/cmake --install /home/om/slambot/build/new_practice_bringup
