[0.079s] Invoking command in '/home/om/slambot/build/new_robot_controller': CMAKE_PREFIX_PATH=/opt/ros/humble /usr/bin/cmake --build /home/om/slambot/build/new_robot_controller -- -j8 -l8
[0.221s] [ 50%] [32mBuilding CXX object CMakeFiles/simple_controller.dir/src/simple_controller.cpp.o[0m
[0.267s] [ 50%] Built target ament_cmake_python_copy_new_robot_controller
[0.681s] running egg_info
[0.681s] writing new_robot_controller.egg-info/PKG-INFO
[0.681s] writing dependency_links to new_robot_controller.egg-info/dependency_links.txt
[0.681s] writing top-level names to new_robot_controller.egg-info/top_level.txt
[0.683s] reading manifest file 'new_robot_controller.egg-info/SOURCES.txt'
[0.684s] writing manifest file 'new_robot_controller.egg-info/SOURCES.txt'
[0.799s] [ 50%] Built target ament_cmake_python_build_new_robot_controller_egg
[10.377s] [100%] [32m[1mLinking CXX executable simple_controller[0m
[10.813s] [100%] Built target simple_controller
[10.824s] Invoked command in '/home/om/slambot/build/new_robot_controller' returned '0': CMAKE_PREFIX_PATH=/opt/ros/humble /usr/bin/cmake --build /home/om/slambot/build/new_robot_controller -- -j8 -l8
[10.847s] Invoking command in '/home/om/slambot/build/new_robot_controller': CMAKE_PREFIX_PATH=/opt/ros/humble /usr/bin/cmake --install /home/om/slambot/build/new_robot_controller
[10.853s] -- Install configuration: ""
[10.853s] -- Installing: /home/om/slambot/install/new_robot_controller/share/new_robot_controller/environment/pythonpath.sh
[10.853s] -- Installing: /home/om/slambot/install/new_robot_controller/share/new_robot_controller/environment/pythonpath.dsv
[10.853s] -- Installing: /home/om/slambot/install/new_robot_controller/local/lib/python3.10/dist-packages/new_robot_controller-0.0.0-py3.10.egg-info
[10.853s] -- Installing: /home/om/slambot/install/new_robot_controller/local/lib/python3.10/dist-packages/new_robot_controller-0.0.0-py3.10.egg-info/PKG-INFO
[10.854s] -- Installing: /home/om/slambot/install/new_robot_controller/local/lib/python3.10/dist-packages/new_robot_controller-0.0.0-py3.10.egg-info/dependency_links.txt
[10.854s] -- Installing: /home/om/slambot/install/new_robot_controller/local/lib/python3.10/dist-packages/new_robot_controller-0.0.0-py3.10.egg-info/SOURCES.txt
[10.854s] -- Installing: /home/om/slambot/install/new_robot_controller/local/lib/python3.10/dist-packages/new_robot_controller-0.0.0-py3.10.egg-info/top_level.txt
[10.854s] -- Installing: /home/om/slambot/install/new_robot_controller/local/lib/python3.10/dist-packages/new_robot_controller
[10.854s] -- Installing: /home/om/slambot/install/new_robot_controller/local/lib/python3.10/dist-packages/new_robot_controller/simple_controller.py
[10.854s] -- Installing: /home/om/slambot/install/new_robot_controller/local/lib/python3.10/dist-packages/new_robot_controller/__init__.py
[10.877s] Listing '/home/om/slambot/install/new_robot_controller/local/lib/python3.10/dist-packages/new_robot_controller'...
[10.878s] Compiling '/home/om/slambot/install/new_robot_controller/local/lib/python3.10/dist-packages/new_robot_controller/__init__.py'...
[10.878s] Compiling '/home/om/slambot/install/new_robot_controller/local/lib/python3.10/dist-packages/new_robot_controller/simple_controller.py'...
[10.881s] -- Installing: /home/om/slambot/install/new_robot_controller/include/include
[10.881s] -- Installing: /home/om/slambot/install/new_robot_controller/include/include/new_robot_controller
[10.881s] -- Installing: /home/om/slambot/install/new_robot_controller/include/include/new_robot_controller/simple_controller.hpp
[10.882s] -- Installing: /home/om/slambot/install/new_robot_controller/lib/new_robot_controller/simple_controller
[10.885s] -- Set runtime path of "/home/om/slambot/install/new_robot_controller/lib/new_robot_controller/simple_controller" to ""
[10.885s] -- Up-to-date: /home/om/slambot/install/new_robot_controller/share/new_robot_controller/launch
[10.885s] -- Installing: /home/om/slambot/install/new_robot_controller/share/new_robot_controller/launch/joystick_teleop.launch.py
[10.885s] -- Installing: /home/om/slambot/install/new_robot_controller/share/new_robot_controller/launch/simple_controller.launch.py
[10.885s] -- Up-to-date: /home/om/slambot/install/new_robot_controller/share/new_robot_controller/config
[10.885s] -- Installing: /home/om/slambot/install/new_robot_controller/share/new_robot_controller/config/joy_config.yaml
[10.885s] -- Up-to-date: /home/om/slambot/install/new_robot_controller/share/new_robot_controller/config/new_robot_controllers.yaml
[10.886s] -- Installing: /home/om/slambot/install/new_robot_controller/share/new_robot_controller/config/joy_teleop.yaml
[10.886s] -- Installing: /home/om/slambot/install/new_robot_controller/lib/new_robot_controller/simple_controller.py
[10.886s] -- Installing: /home/om/slambot/install/new_robot_controller/share/ament_index/resource_index/package_run_dependencies/new_robot_controller
[10.886s] -- Up-to-date: /home/om/slambot/install/new_robot_controller/share/ament_index/resource_index/parent_prefix_path/new_robot_controller
[10.886s] -- Up-to-date: /home/om/slambot/install/new_robot_controller/share/new_robot_controller/environment/ament_prefix_path.sh
[10.886s] -- Installing: /home/om/slambot/install/new_robot_controller/share/new_robot_controller/environment/ament_prefix_path.dsv
[10.886s] -- Up-to-date: /home/om/slambot/install/new_robot_controller/share/new_robot_controller/environment/path.sh
[10.887s] -- Installing: /home/om/slambot/install/new_robot_controller/share/new_robot_controller/environment/path.dsv
[10.887s] -- Up-to-date: /home/om/slambot/install/new_robot_controller/share/new_robot_controller/local_setup.bash
[10.887s] -- Installing: /home/om/slambot/install/new_robot_controller/share/new_robot_controller/local_setup.sh
[10.887s] -- Up-to-date: /home/om/slambot/install/new_robot_controller/share/new_robot_controller/local_setup.zsh
[10.887s] -- Installing: /home/om/slambot/install/new_robot_controller/share/new_robot_controller/local_setup.dsv
[10.887s] -- Up-to-date: /home/om/slambot/install/new_robot_controller/share/new_robot_controller/package.dsv
[10.887s] -- Up-to-date: /home/om/slambot/install/new_robot_controller/share/ament_index/resource_index/packages/new_robot_controller
[10.887s] -- Up-to-date: /home/om/slambot/install/new_robot_controller/share/new_robot_controller/cmake/new_robot_controllerConfig.cmake
[10.887s] -- Up-to-date: /home/om/slambot/install/new_robot_controller/share/new_robot_controller/cmake/new_robot_controllerConfig-version.cmake
[10.887s] -- Installing: /home/om/slambot/install/new_robot_controller/share/new_robot_controller/package.xml
[10.890s] Invoked command in '/home/om/slambot/build/new_robot_controller' returned '0': CMAKE_PREFIX_PATH=/opt/ros/humble /usr/bin/cmake --install /home/om/slambot/build/new_robot_controller
