[0.047s] Invoking command in '/home/om/slambot/build/bumperbot_msgs': CMAKE_PREFIX_PATH=/opt/ros/humble /usr/bin/cmake --build /home/om/slambot/build/bumperbot_msgs -- -j8 -l8
[0.137s] [  2%] Built target bumperbot_msgs__cpp
[0.150s] [ 12%] Built target bumperbot_msgs__rosidl_generator_c
[0.171s] [ 12%] Built target ament_cmake_python_copy_bumperbot_msgs
[0.195s] [ 23%] Built target bumperbot_msgs__rosidl_typesupport_introspection_cpp
[0.227s] [ 33%] Built target bumperbot_msgs__rosidl_typesupport_fastrtps_cpp
[0.237s] [ 43%] Built target bumperbot_msgs__rosidl_typesupport_cpp
[0.258s] [ 53%] Built target bumperbot_msgs__rosidl_typesupport_fastrtps_c
[0.265s] [ 64%] Built target bumperbot_msgs__rosidl_typesupport_introspection_c
[0.272s] [ 74%] Built target bumperbot_msgs__rosidl_typesupport_c
[0.328s] [ 74%] Built target bumperbot_msgs
[0.376s] [ 76%] Built target bumperbot_msgs__py
[0.423s] [ 84%] Built target bumperbot_msgs__rosidl_generator_py
[0.469s] [ 89%] Built target bumperbot_msgs__rosidl_typesupport_fastrtps_c__pyext
[0.472s] [ 94%] Built target bumperbot_msgs__rosidl_typesupport_introspection_c__pyext
[0.505s] [100%] Built target bumperbot_msgs__rosidl_typesupport_c__pyext
[0.599s] running egg_info
[0.600s] writing bumperbot_msgs.egg-info/PKG-INFO
[0.600s] writing dependency_links to bumperbot_msgs.egg-info/dependency_links.txt
[0.601s] writing top-level names to bumperbot_msgs.egg-info/top_level.txt
[0.608s] reading manifest file 'bumperbot_msgs.egg-info/SOURCES.txt'
[0.618s] writing manifest file 'bumperbot_msgs.egg-info/SOURCES.txt'
[0.699s] [100%] Built target ament_cmake_python_build_bumperbot_msgs_egg
[0.729s] Invoked command in '/home/om/slambot/build/bumperbot_msgs' returned '0': CMAKE_PREFIX_PATH=/opt/ros/humble /usr/bin/cmake --build /home/om/slambot/build/bumperbot_msgs -- -j8 -l8
[0.865s] Invoking command in '/home/om/slambot/build/bumperbot_msgs': CMAKE_PREFIX_PATH=/opt/ros/humble /usr/bin/cmake --install /home/om/slambot/build/bumperbot_msgs
[0.878s] -- Install configuration: ""
[0.878s] -- Up-to-date: /home/om/slambot/install/bumperbot_msgs/share/ament_index/resource_index/rosidl_interfaces/bumperbot_msgs
[0.878s] -- Up-to-date: /home/om/slambot/install/bumperbot_msgs/include/bumperbot_msgs/bumperbot_msgs
[0.878s] -- Up-to-date: /home/om/slambot/install/bumperbot_msgs/include/bumperbot_msgs/bumperbot_msgs/msg
[0.878s] -- Up-to-date: /home/om/slambot/install/bumperbot_msgs/include/bumperbot_msgs/bumperbot_msgs/msg/rosidl_generator_c__visibility_control.h
[0.879s] -- Up-to-date: /home/om/slambot/install/bumperbot_msgs/include/bumperbot_msgs/bumperbot_msgs/srv
[0.879s] -- Up-to-date: /home/om/slambot/install/bumperbot_msgs/include/bumperbot_msgs/bumperbot_msgs/srv/add_two_ints.h
[0.879s] -- Up-to-date: /home/om/slambot/install/bumperbot_msgs/include/bumperbot_msgs/bumperbot_msgs/srv/get_transform.h
[0.879s] -- Up-to-date: /home/om/slambot/install/bumperbot_msgs/include/bumperbot_msgs/bumperbot_msgs/srv/detail
[0.879s] -- Up-to-date: /home/om/slambot/install/bumperbot_msgs/include/bumperbot_msgs/bumperbot_msgs/srv/detail/add_two_ints__functions.h
[0.879s] -- Up-to-date: /home/om/slambot/install/bumperbot_msgs/include/bumperbot_msgs/bumperbot_msgs/srv/detail/add_two_ints__struct.h
[0.879s] -- Up-to-date: /home/om/slambot/install/bumperbot_msgs/include/bumperbot_msgs/bumperbot_msgs/srv/detail/get_transform__functions.h
[0.879s] -- Up-to-date: /home/om/slambot/install/bumperbot_msgs/include/bumperbot_msgs/bumperbot_msgs/srv/detail/get_transform__type_support.h
[0.879s] -- Up-to-date: /home/om/slambot/install/bumperbot_msgs/include/bumperbot_msgs/bumperbot_msgs/srv/detail/get_transform__functions.c
[0.879s] -- Up-to-date: /home/om/slambot/install/bumperbot_msgs/include/bumperbot_msgs/bumperbot_msgs/srv/detail/get_transform__struct.h
[0.879s] -- Up-to-date: /home/om/slambot/install/bumperbot_msgs/include/bumperbot_msgs/bumperbot_msgs/srv/detail/add_two_ints__type_support.h
[0.879s] -- Up-to-date: /home/om/slambot/install/bumperbot_msgs/include/bumperbot_msgs/bumperbot_msgs/srv/detail/add_two_ints__functions.c
[0.879s] -- Up-to-date: /home/om/slambot/install/bumperbot_msgs/share/bumperbot_msgs/environment/library_path.sh
[0.880s] -- Up-to-date: /home/om/slambot/install/bumperbot_msgs/share/bumperbot_msgs/environment/library_path.dsv
[0.880s] -- Up-to-date: /home/om/slambot/install/bumperbot_msgs/lib/libbumperbot_msgs__rosidl_generator_c.so
[0.880s] -- Up-to-date: /home/om/slambot/install/bumperbot_msgs/include/bumperbot_msgs/bumperbot_msgs
[0.880s] -- Up-to-date: /home/om/slambot/install/bumperbot_msgs/include/bumperbot_msgs/bumperbot_msgs/msg
[0.880s] -- Up-to-date: /home/om/slambot/install/bumperbot_msgs/include/bumperbot_msgs/bumperbot_msgs/msg/rosidl_typesupport_fastrtps_c__visibility_control.h
[0.880s] -- Up-to-date: /home/om/slambot/install/bumperbot_msgs/include/bumperbot_msgs/bumperbot_msgs/srv
[0.880s] -- Up-to-date: /home/om/slambot/install/bumperbot_msgs/include/bumperbot_msgs/bumperbot_msgs/srv/detail
[0.880s] -- Up-to-date: /home/om/slambot/install/bumperbot_msgs/include/bumperbot_msgs/bumperbot_msgs/srv/detail/get_transform__rosidl_typesupport_fastrtps_c.h
[0.880s] -- Up-to-date: /home/om/slambot/install/bumperbot_msgs/include/bumperbot_msgs/bumperbot_msgs/srv/detail/add_two_ints__rosidl_typesupport_fastrtps_c.h
[0.881s] -- Up-to-date: /home/om/slambot/install/bumperbot_msgs/lib/libbumperbot_msgs__rosidl_typesupport_fastrtps_c.so
[0.881s] -- Up-to-date: /home/om/slambot/install/bumperbot_msgs/include/bumperbot_msgs/bumperbot_msgs
[0.881s] -- Up-to-date: /home/om/slambot/install/bumperbot_msgs/include/bumperbot_msgs/bumperbot_msgs/srv
[0.881s] -- Up-to-date: /home/om/slambot/install/bumperbot_msgs/include/bumperbot_msgs/bumperbot_msgs/srv/detail
[0.881s] -- Up-to-date: /home/om/slambot/install/bumperbot_msgs/include/bumperbot_msgs/bumperbot_msgs/srv/detail/add_two_ints__builder.hpp
[0.881s] -- Up-to-date: /home/om/slambot/install/bumperbot_msgs/include/bumperbot_msgs/bumperbot_msgs/srv/detail/get_transform__struct.hpp
[0.881s] -- Up-to-date: /home/om/slambot/install/bumperbot_msgs/include/bumperbot_msgs/bumperbot_msgs/srv/detail/get_transform__builder.hpp
[0.881s] -- Up-to-date: /home/om/slambot/install/bumperbot_msgs/include/bumperbot_msgs/bumperbot_msgs/srv/detail/get_transform__traits.hpp
[0.881s] -- Up-to-date: /home/om/slambot/install/bumperbot_msgs/include/bumperbot_msgs/bumperbot_msgs/srv/detail/add_two_ints__struct.hpp
[0.882s] -- Up-to-date: /home/om/slambot/install/bumperbot_msgs/include/bumperbot_msgs/bumperbot_msgs/srv/detail/add_two_ints__traits.hpp
[0.882s] -- Up-to-date: /home/om/slambot/install/bumperbot_msgs/include/bumperbot_msgs/bumperbot_msgs/srv/get_transform.hpp
[0.882s] -- Up-to-date: /home/om/slambot/install/bumperbot_msgs/include/bumperbot_msgs/bumperbot_msgs/srv/add_two_ints.hpp
[0.882s] -- Up-to-date: /home/om/slambot/install/bumperbot_msgs/include/bumperbot_msgs/bumperbot_msgs
[0.882s] -- Up-to-date: /home/om/slambot/install/bumperbot_msgs/include/bumperbot_msgs/bumperbot_msgs/msg
[0.882s] -- Up-to-date: /home/om/slambot/install/bumperbot_msgs/include/bumperbot_msgs/bumperbot_msgs/msg/rosidl_typesupport_fastrtps_cpp__visibility_control.h
[0.882s] -- Up-to-date: /home/om/slambot/install/bumperbot_msgs/include/bumperbot_msgs/bumperbot_msgs/srv
[0.882s] -- Up-to-date: /home/om/slambot/install/bumperbot_msgs/include/bumperbot_msgs/bumperbot_msgs/srv/detail
[0.882s] -- Up-to-date: /home/om/slambot/install/bumperbot_msgs/include/bumperbot_msgs/bumperbot_msgs/srv/detail/add_two_ints__rosidl_typesupport_fastrtps_cpp.hpp
[0.882s] -- Up-to-date: /home/om/slambot/install/bumperbot_msgs/include/bumperbot_msgs/bumperbot_msgs/srv/detail/dds_fastrtps
[0.882s] -- Up-to-date: /home/om/slambot/install/bumperbot_msgs/include/bumperbot_msgs/bumperbot_msgs/srv/detail/get_transform__rosidl_typesupport_fastrtps_cpp.hpp
[0.882s] -- Up-to-date: /home/om/slambot/install/bumperbot_msgs/lib/libbumperbot_msgs__rosidl_typesupport_fastrtps_cpp.so
[0.882s] -- Up-to-date: /home/om/slambot/install/bumperbot_msgs/include/bumperbot_msgs/bumperbot_msgs
[0.883s] -- Up-to-date: /home/om/slambot/install/bumperbot_msgs/include/bumperbot_msgs/bumperbot_msgs/msg
[0.883s] -- Up-to-date: /home/om/slambot/install/bumperbot_msgs/include/bumperbot_msgs/bumperbot_msgs/msg/rosidl_typesupport_introspection_c__visibility_control.h
[0.883s] -- Up-to-date: /home/om/slambot/install/bumperbot_msgs/include/bumperbot_msgs/bumperbot_msgs/srv
[0.883s] -- Up-to-date: /home/om/slambot/install/bumperbot_msgs/include/bumperbot_msgs/bumperbot_msgs/srv/detail
[0.883s] -- Up-to-date: /home/om/slambot/install/bumperbot_msgs/include/bumperbot_msgs/bumperbot_msgs/srv/detail/add_two_ints__type_support.c
[0.883s] -- Up-to-date: /home/om/slambot/install/bumperbot_msgs/include/bumperbot_msgs/bumperbot_msgs/srv/detail/get_transform__type_support.c
[0.883s] -- Up-to-date: /home/om/slambot/install/bumperbot_msgs/include/bumperbot_msgs/bumperbot_msgs/srv/detail/add_two_ints__rosidl_typesupport_introspection_c.h
[0.883s] -- Up-to-date: /home/om/slambot/install/bumperbot_msgs/include/bumperbot_msgs/bumperbot_msgs/srv/detail/get_transform__rosidl_typesupport_introspection_c.h
[0.883s] -- Up-to-date: /home/om/slambot/install/bumperbot_msgs/lib/libbumperbot_msgs__rosidl_typesupport_introspection_c.so
[0.884s] -- Up-to-date: /home/om/slambot/install/bumperbot_msgs/lib/libbumperbot_msgs__rosidl_typesupport_c.so
[0.884s] -- Up-to-date: /home/om/slambot/install/bumperbot_msgs/include/bumperbot_msgs/bumperbot_msgs
[0.885s] -- Up-to-date: /home/om/slambot/install/bumperbot_msgs/include/bumperbot_msgs/bumperbot_msgs/srv
[0.885s] -- Up-to-date: /home/om/slambot/install/bumperbot_msgs/include/bumperbot_msgs/bumperbot_msgs/srv/detail
[0.885s] -- Up-to-date: /home/om/slambot/install/bumperbot_msgs/include/bumperbot_msgs/bumperbot_msgs/srv/detail/get_transform__rosidl_typesupport_introspection_cpp.hpp
[0.885s] -- Up-to-date: /home/om/slambot/install/bumperbot_msgs/include/bumperbot_msgs/bumperbot_msgs/srv/detail/add_two_ints__rosidl_typesupport_introspection_cpp.hpp
[0.885s] -- Up-to-date: /home/om/slambot/install/bumperbot_msgs/include/bumperbot_msgs/bumperbot_msgs/srv/detail/add_two_ints__type_support.cpp
[0.885s] -- Up-to-date: /home/om/slambot/install/bumperbot_msgs/include/bumperbot_msgs/bumperbot_msgs/srv/detail/get_transform__type_support.cpp
[0.885s] -- Up-to-date: /home/om/slambot/install/bumperbot_msgs/lib/libbumperbot_msgs__rosidl_typesupport_introspection_cpp.so
[0.886s] -- Up-to-date: /home/om/slambot/install/bumperbot_msgs/lib/libbumperbot_msgs__rosidl_typesupport_cpp.so
[0.886s] -- Up-to-date: /home/om/slambot/install/bumperbot_msgs/share/bumperbot_msgs/environment/pythonpath.sh
[0.886s] -- Up-to-date: /home/om/slambot/install/bumperbot_msgs/share/bumperbot_msgs/environment/pythonpath.dsv
[0.886s] -- Up-to-date: /home/om/slambot/install/bumperbot_msgs/local/lib/python3.10/dist-packages/bumperbot_msgs-0.0.0-py3.10.egg-info
[0.886s] -- Installing: /home/om/slambot/install/bumperbot_msgs/local/lib/python3.10/dist-packages/bumperbot_msgs-0.0.0-py3.10.egg-info/PKG-INFO
[0.887s] -- Installing: /home/om/slambot/install/bumperbot_msgs/local/lib/python3.10/dist-packages/bumperbot_msgs-0.0.0-py3.10.egg-info/dependency_links.txt
[0.887s] -- Installing: /home/om/slambot/install/bumperbot_msgs/local/lib/python3.10/dist-packages/bumperbot_msgs-0.0.0-py3.10.egg-info/SOURCES.txt
[0.887s] -- Installing: /home/om/slambot/install/bumperbot_msgs/local/lib/python3.10/dist-packages/bumperbot_msgs-0.0.0-py3.10.egg-info/top_level.txt
[0.887s] -- Up-to-date: /home/om/slambot/install/bumperbot_msgs/local/lib/python3.10/dist-packages/bumperbot_msgs
[0.887s] -- Up-to-date: /home/om/slambot/install/bumperbot_msgs/local/lib/python3.10/dist-packages/bumperbot_msgs/_bumperbot_msgs_s.ep.rosidl_typesupport_introspection_c.c
[0.887s] -- Up-to-date: /home/om/slambot/install/bumperbot_msgs/local/lib/python3.10/dist-packages/bumperbot_msgs/_bumperbot_msgs_s.ep.rosidl_typesupport_fastrtps_c.c
[0.887s] -- Up-to-date: /home/om/slambot/install/bumperbot_msgs/local/lib/python3.10/dist-packages/bumperbot_msgs/__init__.py
[0.887s] -- Up-to-date: /home/om/slambot/install/bumperbot_msgs/local/lib/python3.10/dist-packages/bumperbot_msgs/_bumperbot_msgs_s.ep.rosidl_typesupport_c.c
[0.888s] -- Up-to-date: /home/om/slambot/install/bumperbot_msgs/local/lib/python3.10/dist-packages/bumperbot_msgs/srv
[0.888s] -- Up-to-date: /home/om/slambot/install/bumperbot_msgs/local/lib/python3.10/dist-packages/bumperbot_msgs/srv/_get_transform_s.c
[0.888s] -- Up-to-date: /home/om/slambot/install/bumperbot_msgs/local/lib/python3.10/dist-packages/bumperbot_msgs/srv/_get_transform.py
[0.888s] -- Up-to-date: /home/om/slambot/install/bumperbot_msgs/local/lib/python3.10/dist-packages/bumperbot_msgs/srv/__init__.py
[0.888s] -- Up-to-date: /home/om/slambot/install/bumperbot_msgs/local/lib/python3.10/dist-packages/bumperbot_msgs/srv/_add_two_ints.py
[0.888s] -- Up-to-date: /home/om/slambot/install/bumperbot_msgs/local/lib/python3.10/dist-packages/bumperbot_msgs/srv/_add_two_ints_s.c
[0.888s] -- Up-to-date: /home/om/slambot/install/bumperbot_msgs/local/lib/python3.10/dist-packages/bumperbot_msgs/libbumperbot_msgs__rosidl_generator_py.so
[0.888s] -- Up-to-date: /home/om/slambot/install/bumperbot_msgs/local/lib/python3.10/dist-packages/bumperbot_msgs/bumperbot_msgs_s__rosidl_typesupport_introspection_c.cpython-310-x86_64-linux-gnu.so
[0.888s] -- Up-to-date: /home/om/slambot/install/bumperbot_msgs/local/lib/python3.10/dist-packages/bumperbot_msgs/bumperbot_msgs_s__rosidl_typesupport_fastrtps_c.cpython-310-x86_64-linux-gnu.so
[0.888s] -- Up-to-date: /home/om/slambot/install/bumperbot_msgs/local/lib/python3.10/dist-packages/bumperbot_msgs/bumperbot_msgs_s__rosidl_typesupport_c.cpython-310-x86_64-linux-gnu.so
[0.939s] Listing '/home/om/slambot/install/bumperbot_msgs/local/lib/python3.10/dist-packages/bumperbot_msgs'...
[0.940s] Listing '/home/om/slambot/install/bumperbot_msgs/local/lib/python3.10/dist-packages/bumperbot_msgs/srv'...
[0.943s] -- Up-to-date: /home/om/slambot/install/bumperbot_msgs/local/lib/python3.10/dist-packages/bumperbot_msgs/bumperbot_msgs_s__rosidl_typesupport_fastrtps_c.cpython-310-x86_64-linux-gnu.so
[0.944s] -- Up-to-date: /home/om/slambot/install/bumperbot_msgs/local/lib/python3.10/dist-packages/bumperbot_msgs/bumperbot_msgs_s__rosidl_typesupport_introspection_c.cpython-310-x86_64-linux-gnu.so
[0.944s] -- Up-to-date: /home/om/slambot/install/bumperbot_msgs/local/lib/python3.10/dist-packages/bumperbot_msgs/bumperbot_msgs_s__rosidl_typesupport_c.cpython-310-x86_64-linux-gnu.so
[0.946s] -- Up-to-date: /home/om/slambot/install/bumperbot_msgs/lib/libbumperbot_msgs__rosidl_generator_py.so
[0.946s] -- Up-to-date: /home/om/slambot/install/bumperbot_msgs/share/bumperbot_msgs/srv/AddTwoInts.idl
[0.946s] -- Up-to-date: /home/om/slambot/install/bumperbot_msgs/share/bumperbot_msgs/srv/GetTransform.idl
[0.947s] -- Up-to-date: /home/om/slambot/install/bumperbot_msgs/share/bumperbot_msgs/srv/AddTwoInts.srv
[0.947s] -- Up-to-date: /home/om/slambot/install/bumperbot_msgs/share/bumperbot_msgs/srv/AddTwoInts_Request.msg
[0.947s] -- Up-to-date: /home/om/slambot/install/bumperbot_msgs/share/bumperbot_msgs/srv/AddTwoInts_Response.msg
[0.947s] -- Up-to-date: /home/om/slambot/install/bumperbot_msgs/share/bumperbot_msgs/srv/GetTransform.srv
[0.947s] -- Up-to-date: /home/om/slambot/install/bumperbot_msgs/share/bumperbot_msgs/srv/GetTransform_Request.msg
[0.947s] -- Up-to-date: /home/om/slambot/install/bumperbot_msgs/share/bumperbot_msgs/srv/GetTransform_Response.msg
[0.947s] -- Up-to-date: /home/om/slambot/install/bumperbot_msgs/share/ament_index/resource_index/package_run_dependencies/bumperbot_msgs
[0.947s] -- Up-to-date: /home/om/slambot/install/bumperbot_msgs/share/ament_index/resource_index/parent_prefix_path/bumperbot_msgs
[0.947s] -- Up-to-date: /home/om/slambot/install/bumperbot_msgs/share/bumperbot_msgs/environment/ament_prefix_path.sh
[0.947s] -- Up-to-date: /home/om/slambot/install/bumperbot_msgs/share/bumperbot_msgs/environment/ament_prefix_path.dsv
[0.947s] -- Up-to-date: /home/om/slambot/install/bumperbot_msgs/share/bumperbot_msgs/environment/path.sh
[0.947s] -- Up-to-date: /home/om/slambot/install/bumperbot_msgs/share/bumperbot_msgs/environment/path.dsv
[0.947s] -- Up-to-date: /home/om/slambot/install/bumperbot_msgs/share/bumperbot_msgs/local_setup.bash
[0.947s] -- Up-to-date: /home/om/slambot/install/bumperbot_msgs/share/bumperbot_msgs/local_setup.sh
[0.948s] -- Up-to-date: /home/om/slambot/install/bumperbot_msgs/share/bumperbot_msgs/local_setup.zsh
[0.948s] -- Up-to-date: /home/om/slambot/install/bumperbot_msgs/share/bumperbot_msgs/local_setup.dsv
[0.948s] -- Installing: /home/om/slambot/install/bumperbot_msgs/share/bumperbot_msgs/package.dsv
[0.948s] -- Up-to-date: /home/om/slambot/install/bumperbot_msgs/share/ament_index/resource_index/packages/bumperbot_msgs
[0.948s] -- Up-to-date: /home/om/slambot/install/bumperbot_msgs/share/bumperbot_msgs/cmake/export_bumperbot_msgs__rosidl_generator_cExport.cmake
[0.948s] -- Up-to-date: /home/om/slambot/install/bumperbot_msgs/share/bumperbot_msgs/cmake/export_bumperbot_msgs__rosidl_generator_cExport-noconfig.cmake
[0.948s] -- Up-to-date: /home/om/slambot/install/bumperbot_msgs/share/bumperbot_msgs/cmake/export_bumperbot_msgs__rosidl_typesupport_fastrtps_cExport.cmake
[0.948s] -- Up-to-date: /home/om/slambot/install/bumperbot_msgs/share/bumperbot_msgs/cmake/export_bumperbot_msgs__rosidl_typesupport_fastrtps_cExport-noconfig.cmake
[0.948s] -- Up-to-date: /home/om/slambot/install/bumperbot_msgs/share/bumperbot_msgs/cmake/export_bumperbot_msgs__rosidl_generator_cppExport.cmake
[0.948s] -- Up-to-date: /home/om/slambot/install/bumperbot_msgs/share/bumperbot_msgs/cmake/export_bumperbot_msgs__rosidl_typesupport_fastrtps_cppExport.cmake
[0.948s] -- Up-to-date: /home/om/slambot/install/bumperbot_msgs/share/bumperbot_msgs/cmake/export_bumperbot_msgs__rosidl_typesupport_fastrtps_cppExport-noconfig.cmake
[0.949s] -- Up-to-date: /home/om/slambot/install/bumperbot_msgs/share/bumperbot_msgs/cmake/bumperbot_msgs__rosidl_typesupport_introspection_cExport.cmake
[0.949s] -- Up-to-date: /home/om/slambot/install/bumperbot_msgs/share/bumperbot_msgs/cmake/bumperbot_msgs__rosidl_typesupport_introspection_cExport-noconfig.cmake
[0.949s] -- Up-to-date: /home/om/slambot/install/bumperbot_msgs/share/bumperbot_msgs/cmake/bumperbot_msgs__rosidl_typesupport_cExport.cmake
[0.949s] -- Up-to-date: /home/om/slambot/install/bumperbot_msgs/share/bumperbot_msgs/cmake/bumperbot_msgs__rosidl_typesupport_cExport-noconfig.cmake
[0.949s] -- Up-to-date: /home/om/slambot/install/bumperbot_msgs/share/bumperbot_msgs/cmake/bumperbot_msgs__rosidl_typesupport_introspection_cppExport.cmake
[0.949s] -- Up-to-date: /home/om/slambot/install/bumperbot_msgs/share/bumperbot_msgs/cmake/bumperbot_msgs__rosidl_typesupport_introspection_cppExport-noconfig.cmake
[0.949s] -- Up-to-date: /home/om/slambot/install/bumperbot_msgs/share/bumperbot_msgs/cmake/bumperbot_msgs__rosidl_typesupport_cppExport.cmake
[0.950s] -- Up-to-date: /home/om/slambot/install/bumperbot_msgs/share/bumperbot_msgs/cmake/bumperbot_msgs__rosidl_typesupport_cppExport-noconfig.cmake
[0.950s] -- Up-to-date: /home/om/slambot/install/bumperbot_msgs/share/bumperbot_msgs/cmake/export_bumperbot_msgs__rosidl_generator_pyExport.cmake
[0.950s] -- Up-to-date: /home/om/slambot/install/bumperbot_msgs/share/bumperbot_msgs/cmake/export_bumperbot_msgs__rosidl_generator_pyExport-noconfig.cmake
[0.950s] -- Up-to-date: /home/om/slambot/install/bumperbot_msgs/share/bumperbot_msgs/cmake/rosidl_cmake-extras.cmake
[0.950s] -- Up-to-date: /home/om/slambot/install/bumperbot_msgs/share/bumperbot_msgs/cmake/ament_cmake_export_dependencies-extras.cmake
[0.950s] -- Up-to-date: /home/om/slambot/install/bumperbot_msgs/share/bumperbot_msgs/cmake/ament_cmake_export_include_directories-extras.cmake
[0.950s] -- Up-to-date: /home/om/slambot/install/bumperbot_msgs/share/bumperbot_msgs/cmake/ament_cmake_export_libraries-extras.cmake
[0.950s] -- Up-to-date: /home/om/slambot/install/bumperbot_msgs/share/bumperbot_msgs/cmake/ament_cmake_export_targets-extras.cmake
[0.950s] -- Up-to-date: /home/om/slambot/install/bumperbot_msgs/share/bumperbot_msgs/cmake/rosidl_cmake_export_typesupport_targets-extras.cmake
[0.951s] -- Up-to-date: /home/om/slambot/install/bumperbot_msgs/share/bumperbot_msgs/cmake/rosidl_cmake_export_typesupport_libraries-extras.cmake
[0.952s] -- Up-to-date: /home/om/slambot/install/bumperbot_msgs/share/bumperbot_msgs/cmake/bumperbot_msgsConfig.cmake
[0.953s] -- Up-to-date: /home/om/slambot/install/bumperbot_msgs/share/bumperbot_msgs/cmake/bumperbot_msgsConfig-version.cmake
[0.953s] -- Up-to-date: /home/om/slambot/install/bumperbot_msgs/share/bumperbot_msgs/package.xml
[0.986s] Invoked command in '/home/om/slambot/build/bumperbot_msgs' returned '0': CMAKE_PREFIX_PATH=/opt/ros/humble /usr/bin/cmake --install /home/om/slambot/build/bumperbot_msgs
