[0.045s] Invoking command in '/home/om/slambot/build/new_practice_bringup': CMAKE_PREFIX_PATH=/opt/ros/humble /usr/bin/cmake --build /home/om/slambot/build/new_practice_bringup -- -j8 -l8
[0.147s] Invoked command in '/home/om/slambot/build/new_practice_bringup' returned '0': CMAKE_PREFIX_PATH=/opt/ros/humble /usr/bin/cmake --build /home/om/slambot/build/new_practice_bringup -- -j8 -l8
[0.260s] Invoking command in '/home/om/slambot/build/new_practice_bringup': CMAKE_PREFIX_PATH=/opt/ros/humble /usr/bin/cmake --install /home/om/slambot/build/new_practice_bringup
[0.308s] -- Install configuration: ""
[0.309s] -- Up-to-date: /home/om/slambot/install/new_practice_bringup/share/new_practice_bringup//launch
[0.309s] -- Up-to-date: /home/om/slambot/install/new_practice_bringup/share/new_practice_bringup//launch/new_bringup.launch.xml
[0.309s] -- Up-to-date: /home/om/slambot/install/new_practice_bringup/share/new_practice_bringup//rviz
[0.309s] -- Up-to-date: /home/om/slambot/install/new_practice_bringup/share/new_practice_bringup//rviz/urdf_config.rviz
[0.309s] -- Up-to-date: /home/om/slambot/install/new_practice_bringup/share/new_practice_bringup//world
[0.309s] -- Up-to-date: /home/om/slambot/install/new_practice_bringup/share/new_practice_bringup//world/my_world
[0.309s] -- Up-to-date: /home/om/slambot/install/new_practice_bringup/share/ament_index/resource_index/package_run_dependencies/new_practice_bringup
[0.309s] -- Up-to-date: /home/om/slambot/install/new_practice_bringup/share/ament_index/resource_index/parent_prefix_path/new_practice_bringup
[0.309s] -- Up-to-date: /home/om/slambot/install/new_practice_bringup/share/new_practice_bringup/environment/ament_prefix_path.sh
[0.309s] -- Up-to-date: /home/om/slambot/install/new_practice_bringup/share/new_practice_bringup/environment/ament_prefix_path.dsv
[0.309s] -- Up-to-date: /home/om/slambot/install/new_practice_bringup/share/new_practice_bringup/environment/path.sh
[0.310s] -- Up-to-date: /home/om/slambot/install/new_practice_bringup/share/new_practice_bringup/environment/path.dsv
[0.310s] -- Up-to-date: /home/om/slambot/install/new_practice_bringup/share/new_practice_bringup/local_setup.bash
[0.310s] -- Up-to-date: /home/om/slambot/install/new_practice_bringup/share/new_practice_bringup/local_setup.sh
[0.310s] -- Up-to-date: /home/om/slambot/install/new_practice_bringup/share/new_practice_bringup/local_setup.zsh
[0.310s] -- Up-to-date: /home/om/slambot/install/new_practice_bringup/share/new_practice_bringup/local_setup.dsv
[0.310s] -- Installing: /home/om/slambot/install/new_practice_bringup/share/new_practice_bringup/package.dsv
[0.310s] -- Up-to-date: /home/om/slambot/install/new_practice_bringup/share/ament_index/resource_index/packages/new_practice_bringup
[0.310s] -- Up-to-date: /home/om/slambot/install/new_practice_bringup/share/new_practice_bringup/cmake/new_practice_bringupConfig.cmake
[0.310s] -- Up-to-date: /home/om/slambot/install/new_practice_bringup/share/new_practice_bringup/cmake/new_practice_bringupConfig-version.cmake
[0.310s] -- Up-to-date: /home/om/slambot/install/new_practice_bringup/share/new_practice_bringup/package.xml
[0.330s] Invoked command in '/home/om/slambot/build/new_practice_bringup' returned '0': CMAKE_PREFIX_PATH=/opt/ros/humble /usr/bin/cmake --install /home/om/slambot/build/new_practice_bringup
