[0.021s] Invoking command in '/home/om/slambot/build/new_practice_bringup': CMAKE_PREFIX_PATH=/opt/ros/humble /usr/bin/cmake /home/om/slambot/src/new_practice_bringup -DCMAKE_INSTALL_PREFIX=/home/om/slambot/install/new_practice_bringup
[0.926s] -- The C compiler identification is GNU 11.4.0
[0.926s] -- The CXX compiler identification is GNU 11.4.0
[0.926s] -- Detecting C compiler ABI info
[0.926s] -- Detecting C compiler ABI info - done
[0.926s] -- Check for working C compiler: /usr/bin/cc - skipped
[0.926s] -- Detecting C compile features
[0.926s] -- Detecting C compile features - done
[0.926s] -- Detecting CXX compiler ABI info
[0.926s] -- Detecting CXX compiler ABI info - done
[0.926s] -- Check for working CXX compiler: /usr/bin/c++ - skipped
[0.926s] -- Detecting CXX compile features
[0.926s] -- Detecting CXX compile features - done
[0.926s] -- Found ament_cmake: 1.3.9 (/opt/ros/humble/share/ament_cmake/cmake)
[0.926s] -- Found Python3: /usr/bin/python3 (found version "3.10.12") found components: Interpreter 
[0.927s] -- Configuring done
[0.927s] -- Generating done
[0.929s] -- Build files have been written to: /home/om/slambot/build/new_practice_bringup
[0.936s] Invoked command in '/home/om/slambot/build/new_practice_bringup' returned '0': CMAKE_PREFIX_PATH=/opt/ros/humble /usr/bin/cmake /home/om/slambot/src/new_practice_bringup -DCMAKE_INSTALL_PREFIX=/home/om/slambot/install/new_practice_bringup
[0.936s] Invoking command in '/home/om/slambot/build/new_practice_bringup': CMAKE_PREFIX_PATH=/opt/ros/humble /usr/bin/cmake --build /home/om/slambot/build/new_practice_bringup -- -j8 -l8
[0.974s] Invoked command in '/home/om/slambot/build/new_practice_bringup' returned '0': CMAKE_PREFIX_PATH=/opt/ros/humble /usr/bin/cmake --build /home/om/slambot/build/new_practice_bringup -- -j8 -l8
[1.017s] Invoking command in '/home/om/slambot/build/new_practice_bringup': CMAKE_PREFIX_PATH=/opt/ros/humble /usr/bin/cmake --install /home/om/slambot/build/new_practice_bringup
[1.027s] -- Install configuration: ""
[1.028s] -- Installing: /home/om/slambot/install/new_practice_bringup/share/new_practice_bringup//launch
[1.028s] -- Installing: /home/om/slambot/install/new_practice_bringup/share/new_practice_bringup//launch/new_bringup.launch.xml
[1.028s] -- Installing: /home/om/slambot/install/new_practice_bringup/share/new_practice_bringup//rviz
[1.028s] -- Installing: /home/om/slambot/install/new_practice_bringup/share/new_practice_bringup//rviz/urdf_config.rviz
[1.029s] -- Installing: /home/om/slambot/install/new_practice_bringup/share/new_practice_bringup//world
[1.029s] -- Installing: /home/om/slambot/install/new_practice_bringup/share/new_practice_bringup//world/my_world
[1.030s] -- Installing: /home/om/slambot/install/new_practice_bringup/share/ament_index/resource_index/package_run_dependencies/new_practice_bringup
[1.030s] -- Installing: /home/om/slambot/install/new_practice_bringup/share/ament_index/resource_index/parent_prefix_path/new_practice_bringup
[1.030s] -- Installing: /home/om/slambot/install/new_practice_bringup/share/new_practice_bringup/environment/ament_prefix_path.sh
[1.030s] -- Installing: /home/om/slambot/install/new_practice_bringup/share/new_practice_bringup/environment/ament_prefix_path.dsv
[1.030s] -- Installing: /home/om/slambot/install/new_practice_bringup/share/new_practice_bringup/environment/path.sh
[1.030s] -- Installing: /home/om/slambot/install/new_practice_bringup/share/new_practice_bringup/environment/path.dsv
[1.031s] -- Installing: /home/om/slambot/install/new_practice_bringup/share/new_practice_bringup/local_setup.bash
[1.031s] -- Installing: /home/om/slambot/install/new_practice_bringup/share/new_practice_bringup/local_setup.sh
[1.031s] -- Installing: /home/om/slambot/install/new_practice_bringup/share/new_practice_bringup/local_setup.zsh
[1.031s] -- Installing: /home/om/slambot/install/new_practice_bringup/share/new_practice_bringup/local_setup.dsv
[1.031s] -- Installing: /home/om/slambot/install/new_practice_bringup/share/new_practice_bringup/package.dsv
[1.031s] -- Installing: /home/om/slambot/install/new_practice_bringup/share/ament_index/resource_index/packages/new_practice_bringup
[1.031s] -- Installing: /home/om/slambot/install/new_practice_bringup/share/new_practice_bringup/cmake/new_practice_bringupConfig.cmake
[1.031s] -- Installing: /home/om/slambot/install/new_practice_bringup/share/new_practice_bringup/cmake/new_practice_bringupConfig-version.cmake
[1.031s] -- Installing: /home/om/slambot/install/new_practice_bringup/share/new_practice_bringup/package.xml
[1.037s] Invoked command in '/home/om/slambot/build/new_practice_bringup' returned '0': CMAKE_PREFIX_PATH=/opt/ros/humble /usr/bin/cmake --install /home/om/slambot/build/new_practice_bringup
