[0.020s] Invoking command in '/home/om/slambot/build/new_robot_description': CMAKE_PREFIX_PATH=${CMAKE_PREFIX_PATH}:/opt/ros/humble /usr/bin/cmake /home/om/slambot/src/new_robot_description -DCMAKE_INSTALL_PREFIX=/home/om/slambot/install/new_robot_description
[0.128s] -- The C compiler identification is GNU 11.4.0
[0.236s] -- The CXX compiler identification is GNU 11.4.0
[0.248s] -- Detecting C compiler ABI info
[0.338s] -- Detecting C compiler ABI info - done
[0.348s] -- Check for working C compiler: /usr/bin/cc - skipped
[0.348s] -- Detecting C compile features
[0.349s] -- Detecting C compile features - done
[0.353s] -- Detecting CXX compiler ABI info
[0.459s] -- Detecting CXX compiler ABI info - done
[0.468s] -- Check for working CXX compiler: /usr/bin/c++ - skipped
[0.469s] -- Detecting CXX compile features
[0.469s] -- Detecting CXX compile features - done
[0.473s] -- Found ament_cmake: 1.3.9 (/opt/ros/humble/share/ament_cmake/cmake)
[0.650s] -- Found Python3: /usr/bin/python3 (found version "3.10.12") found components: Interpreter 
[0.845s] -- Configuring done
[0.848s] -- Generating done
[0.849s] -- Build files have been written to: /home/om/slambot/build/new_robot_description
[0.854s] Invoked command in '/home/om/slambot/build/new_robot_description' returned '0': CMAKE_PREFIX_PATH=${CMAKE_PREFIX_PATH}:/opt/ros/humble /usr/bin/cmake /home/om/slambot/src/new_robot_description -DCMAKE_INSTALL_PREFIX=/home/om/slambot/install/new_robot_description
[0.857s] Invoking command in '/home/om/slambot/build/new_robot_description': CMAKE_PREFIX_PATH=${CMAKE_PREFIX_PATH}:/opt/ros/humble /usr/bin/cmake --build /home/om/slambot/build/new_robot_description -- -j8 -l8
[0.905s] Invoked command in '/home/om/slambot/build/new_robot_description' returned '0': CMAKE_PREFIX_PATH=${CMAKE_PREFIX_PATH}:/opt/ros/humble /usr/bin/cmake --build /home/om/slambot/build/new_robot_description -- -j8 -l8
[0.939s] Invoking command in '/home/om/slambot/build/new_robot_description': CMAKE_PREFIX_PATH=${CMAKE_PREFIX_PATH}:/opt/ros/humble /usr/bin/cmake --install /home/om/slambot/build/new_robot_description
[0.947s] -- Install configuration: ""
[0.947s] -- Installing: /home/om/slambot/install/new_robot_description/share/new_robot_description//urdf
[0.948s] -- Installing: /home/om/slambot/install/new_robot_description/share/new_robot_description//urdf/my_robot.xacro
[0.948s] -- Installing: /home/om/slambot/install/new_robot_description/share/new_robot_description//urdf/base_robot.xacro
[0.948s] -- Installing: /home/om/slambot/install/new_robot_description/share/new_robot_description//urdf/common_properties.xacro
[0.948s] -- Installing: /home/om/slambot/install/new_robot_description/share/new_robot_description//urdf/base_robot_gazebo.xacro
[0.948s] -- Installing: /home/om/slambot/install/new_robot_description/share/new_robot_description//urdf/laser.xacro
[0.948s] -- Installing: /home/om/slambot/install/new_robot_description/share/new_robot_description//launch
[0.948s] -- Installing: /home/om/slambot/install/new_robot_description/share/new_robot_description//launch/my_robot.launch.xml
[0.948s] -- Installing: /home/om/slambot/install/new_robot_description/share/new_robot_description//rviz
[0.949s] -- Installing: /home/om/slambot/install/new_robot_description/share/new_robot_description//rviz/urdf_config.rviz
[0.949s] -- Installing: /home/om/slambot/install/new_robot_description/share/ament_index/resource_index/package_run_dependencies/new_robot_description
[0.949s] -- Installing: /home/om/slambot/install/new_robot_description/share/ament_index/resource_index/parent_prefix_path/new_robot_description
[0.949s] -- Installing: /home/om/slambot/install/new_robot_description/share/new_robot_description/environment/ament_prefix_path.sh
[0.949s] -- Installing: /home/om/slambot/install/new_robot_description/share/new_robot_description/environment/ament_prefix_path.dsv
[0.949s] -- Installing: /home/om/slambot/install/new_robot_description/share/new_robot_description/environment/path.sh
[0.949s] -- Installing: /home/om/slambot/install/new_robot_description/share/new_robot_description/environment/path.dsv
[0.949s] -- Installing: /home/om/slambot/install/new_robot_description/share/new_robot_description/local_setup.bash
[0.950s] -- Installing: /home/om/slambot/install/new_robot_description/share/new_robot_description/local_setup.sh
[0.950s] -- Installing: /home/om/slambot/install/new_robot_description/share/new_robot_description/local_setup.zsh
[0.950s] -- Installing: /home/om/slambot/install/new_robot_description/share/new_robot_description/local_setup.dsv
[0.950s] -- Installing: /home/om/slambot/install/new_robot_description/share/new_robot_description/package.dsv
[0.950s] -- Installing: /home/om/slambot/install/new_robot_description/share/ament_index/resource_index/packages/new_robot_description
[0.950s] -- Installing: /home/om/slambot/install/new_robot_description/share/new_robot_description/cmake/new_robot_descriptionConfig.cmake
[0.950s] -- Installing: /home/om/slambot/install/new_robot_description/share/new_robot_description/cmake/new_robot_descriptionConfig-version.cmake
[0.950s] -- Installing: /home/om/slambot/install/new_robot_description/share/new_robot_description/package.xml
[0.954s] Invoked command in '/home/om/slambot/build/new_robot_description' returned '0': CMAKE_PREFIX_PATH=${CMAKE_PREFIX_PATH}:/opt/ros/humble /usr/bin/cmake --install /home/om/slambot/build/new_robot_description
