[0.029s] Invoking command in '/home/om/slambot/build/new_robot_controller': CMAKE_PREFIX_PATH=/opt/ros/humble /usr/bin/cmake /home/om/slambot/src/new_robot_controller -DCMAKE_INSTALL_PREFIX=/home/om/slambot/install/new_robot_controller
[0.927s] -- The C compiler identification is GNU 11.4.0
[0.927s] -- The CXX compiler identification is GNU 11.4.0
[0.927s] -- Detecting C compiler ABI info
[0.927s] -- Detecting C compiler ABI info - done
[0.927s] -- Check for working C compiler: /usr/bin/cc - skipped
[0.928s] -- Detecting C compile features
[0.928s] -- Detecting C compile features - done
[0.928s] -- Detecting CXX compiler ABI info
[0.928s] -- Detecting CXX compiler ABI info - done
[0.928s] -- Check for working CXX compiler: /usr/bin/c++ - skipped
[0.928s] -- Detecting CXX compile features
[0.928s] -- Detecting CXX compile features - done
[0.928s] -- Found ament_cmake: 1.3.9 (/opt/ros/humble/share/ament_cmake/cmake)
[0.928s] -- Found Python3: /usr/bin/python3 (found version "3.10.12") found components: Interpreter 
[0.928s] -- Found ament_lint_auto: 0.12.11 (/opt/ros/humble/share/ament_lint_auto/cmake)
[0.928s] -- Added test 'flake8' to check Python code syntax and style conventions
[0.928s] -- Added test 'lint_cmake' to check CMake code style
[0.928s] -- Added test 'pep257' to check Python code against some of the docstring style conventions in PEP 257
[0.929s] -- Added test 'xmllint' to check XML markup files
[0.929s] -- Configuring done
[0.934s] -- Generating done
[0.934s] -- Build files have been written to: /home/om/slambot/build/new_robot_controller
[0.936s] Invoked command in '/home/om/slambot/build/new_robot_controller' returned '0': CMAKE_PREFIX_PATH=/opt/ros/humble /usr/bin/cmake /home/om/slambot/src/new_robot_controller -DCMAKE_INSTALL_PREFIX=/home/om/slambot/install/new_robot_controller
[0.936s] Invoking command in '/home/om/slambot/build/new_robot_controller': CMAKE_PREFIX_PATH=/opt/ros/humble /usr/bin/cmake --build /home/om/slambot/build/new_robot_controller -- -j8 -l8
[0.972s] Invoked command in '/home/om/slambot/build/new_robot_controller' returned '0': CMAKE_PREFIX_PATH=/opt/ros/humble /usr/bin/cmake --build /home/om/slambot/build/new_robot_controller -- -j8 -l8
[1.020s] Invoking command in '/home/om/slambot/build/new_robot_controller': CMAKE_PREFIX_PATH=/opt/ros/humble /usr/bin/cmake --install /home/om/slambot/build/new_robot_controller
[1.032s] -- Install configuration: ""
[1.032s] -- Installing: /home/om/slambot/install/new_robot_controller/share/$(PROJECT_NAME)/config
[1.032s] -- Installing: /home/om/slambot/install/new_robot_controller/share/$(PROJECT_NAME)/config/new_robot_controllers.yaml
[1.033s] -- Installing: /home/om/slambot/install/new_robot_controller/share/$(PROJECT_NAME)/launch
[1.033s] -- Installing: /home/om/slambot/install/new_robot_controller/share/$(PROJECT_NAME)/launch/simple_controller.launch.py
[1.033s] -- Installing: /home/om/slambot/install/new_robot_controller/share/ament_index/resource_index/package_run_dependencies/new_robot_controller
[1.033s] -- Installing: /home/om/slambot/install/new_robot_controller/share/ament_index/resource_index/parent_prefix_path/new_robot_controller
[1.033s] -- Installing: /home/om/slambot/install/new_robot_controller/share/new_robot_controller/environment/ament_prefix_path.sh
[1.033s] -- Installing: /home/om/slambot/install/new_robot_controller/share/new_robot_controller/environment/ament_prefix_path.dsv
[1.033s] -- Installing: /home/om/slambot/install/new_robot_controller/share/new_robot_controller/environment/path.sh
[1.033s] -- Installing: /home/om/slambot/install/new_robot_controller/share/new_robot_controller/environment/path.dsv
[1.034s] -- Installing: /home/om/slambot/install/new_robot_controller/share/new_robot_controller/local_setup.bash
[1.034s] -- Installing: /home/om/slambot/install/new_robot_controller/share/new_robot_controller/local_setup.sh
[1.034s] -- Installing: /home/om/slambot/install/new_robot_controller/share/new_robot_controller/local_setup.zsh
[1.034s] -- Installing: /home/om/slambot/install/new_robot_controller/share/new_robot_controller/local_setup.dsv
[1.035s] -- Installing: /home/om/slambot/install/new_robot_controller/share/new_robot_controller/package.dsv
[1.035s] -- Installing: /home/om/slambot/install/new_robot_controller/share/ament_index/resource_index/packages/new_robot_controller
[1.035s] -- Installing: /home/om/slambot/install/new_robot_controller/share/new_robot_controller/cmake/new_robot_controllerConfig.cmake
[1.035s] -- Installing: /home/om/slambot/install/new_robot_controller/share/new_robot_controller/cmake/new_robot_controllerConfig-version.cmake
[1.035s] -- Installing: /home/om/slambot/install/new_robot_controller/share/new_robot_controller/package.xml
[1.048s] Invoked command in '/home/om/slambot/build/new_robot_controller' returned '0': CMAKE_PREFIX_PATH=/opt/ros/humble /usr/bin/cmake --install /home/om/slambot/build/new_robot_controller
