[0.052s] Invoking command in '/home/om/slambot/build/bumperbot_bringup': CMAKE_PREFIX_PATH=${CMAKE_PREFIX_PATH}:/opt/ros/humble /usr/bin/cmake --build /home/om/slambot/build/bumperbot_bringup -- -j8 -l8
[0.097s] -- Found ament_cmake: 1.3.10 (/opt/ros/humble/share/ament_cmake/cmake)
[0.468s] -- Configuring done
[0.478s] -- Generating done
[0.478s] -- Build files have been written to: /home/om/slambot/build/bumperbot_bringup
[0.508s] Invoked command in '/home/om/slambot/build/bumperbot_bringup' returned '0': CMAKE_PREFIX_PATH=${CMAKE_PREFIX_PATH}:/opt/ros/humble /usr/bin/cmake --build /home/om/slambot/build/bumperbot_bringup -- -j8 -l8
[0.552s] Invoking command in '/home/om/slambot/build/bumperbot_bringup': CMAKE_PREFIX_PATH=${CMAKE_PREFIX_PATH}:/opt/ros/humble /usr/bin/cmake --install /home/om/slambot/build/bumperbot_bringup
[0.616s] -- Install configuration: ""
[0.616s] -- Up-to-date: /home/om/slambot/install/bumperbot_bringup/share/bumperbot_bringup/launch
[0.617s] -- Up-to-date: /home/om/slambot/install/bumperbot_bringup/share/bumperbot_bringup/launch/simulated_robot.launch.py
[0.618s] -- Up-to-date: /home/om/slambot/install/bumperbot_bringup/share/bumperbot_bringup/launch/real_robot.launch.py
[0.618s] -- Up-to-date: /home/om/slambot/install/bumperbot_bringup/share/ament_index/resource_index/package_run_dependencies/bumperbot_bringup
[0.619s] -- Installing: /home/om/slambot/install/bumperbot_bringup/share/ament_index/resource_index/parent_prefix_path/bumperbot_bringup
[0.620s] -- Installing: /home/om/slambot/install/bumperbot_bringup/share/bumperbot_bringup/environment/ament_prefix_path.sh
[0.621s] -- Installing: /home/om/slambot/install/bumperbot_bringup/share/bumperbot_bringup/environment/ament_prefix_path.dsv
[0.622s] -- Installing: /home/om/slambot/install/bumperbot_bringup/share/bumperbot_bringup/environment/path.sh
[0.622s] -- Installing: /home/om/slambot/install/bumperbot_bringup/share/bumperbot_bringup/environment/path.dsv
[0.623s] -- Up-to-date: /home/om/slambot/install/bumperbot_bringup/share/bumperbot_bringup/local_setup.bash
[0.624s] -- Up-to-date: /home/om/slambot/install/bumperbot_bringup/share/bumperbot_bringup/local_setup.sh
[0.625s] -- Up-to-date: /home/om/slambot/install/bumperbot_bringup/share/bumperbot_bringup/local_setup.zsh
[0.625s] -- Installing: /home/om/slambot/install/bumperbot_bringup/share/bumperbot_bringup/local_setup.dsv
[0.625s] -- Installing: /home/om/slambot/install/bumperbot_bringup/share/bumperbot_bringup/package.dsv
[0.625s] -- Up-to-date: /home/om/slambot/install/bumperbot_bringup/share/ament_index/resource_index/packages/bumperbot_bringup
[0.625s] -- Up-to-date: /home/om/slambot/install/bumperbot_bringup/share/bumperbot_bringup/cmake/bumperbot_bringupConfig.cmake
[0.625s] -- Up-to-date: /home/om/slambot/install/bumperbot_bringup/share/bumperbot_bringup/cmake/bumperbot_bringupConfig-version.cmake
[0.625s] -- Up-to-date: /home/om/slambot/install/bumperbot_bringup/share/bumperbot_bringup/package.xml
[0.626s] Invoked command in '/home/om/slambot/build/bumperbot_bringup' returned '0': CMAKE_PREFIX_PATH=${CMAKE_PREFIX_PATH}:/opt/ros/humble /usr/bin/cmake --install /home/om/slambot/build/bumperbot_bringup
