[0.059s] Invoking command in '/home/om/slambot/build/bumperbot_msgs': CMAKE_PREFIX_PATH=${CMAKE_PREFIX_PATH}:/opt/ros/humble /usr/bin/cmake --build /home/om/slambot/build/bumperbot_msgs -- -j8 -l8
[0.108s] -- Found ament_cmake: 1.3.10 (/opt/ros/humble/share/ament_cmake/cmake)
[0.361s] -- Found geometry_msgs: 4.2.4 (/opt/ros/humble/share/geometry_msgs/cmake)
[0.418s] -- Found rosidl_generator_c: 3.1.5 (/opt/ros/humble/share/rosidl_generator_c/cmake)
[0.421s] -- Found rosidl_adapter: 3.1.5 (/opt/ros/humble/share/rosidl_adapter/cmake)
[0.436s] -- Found rosidl_generator_cpp: 3.1.5 (/opt/ros/humble/share/rosidl_generator_cpp/cmake)
[0.455s] -- Using all available rosidl_typesupport_c: rosidl_typesupport_fastrtps_c;rosidl_typesupport_introspection_c
[0.479s] -- Using all available rosidl_typesupport_cpp: rosidl_typesupport_fastrtps_cpp;rosidl_typesupport_introspection_cpp
[0.546s] -- Found rosidl_default_generators: 1.2.0 (/opt/ros/humble/share/rosidl_default_generators/cmake)
[1.044s] -- Found ament_cmake_ros: 0.10.0 (/opt/ros/humble/share/ament_cmake_ros/cmake)
[1.783s] -- Using all available rosidl_typesupport_c: rosidl_typesupport_fastrtps_c;rosidl_typesupport_introspection_c
[2.054s] -- Using all available rosidl_typesupport_cpp: rosidl_typesupport_fastrtps_cpp;rosidl_typesupport_introspection_cpp
[2.084s] -- Found python_cmake_module: 0.10.0 (/opt/ros/humble/share/python_cmake_module/cmake)
[2.119s] -- Using PYTHON_EXECUTABLE: /usr/bin/python3
[2.119s] -- Using PYTHON_INCLUDE_DIRS: /usr/include/python3.10
[2.119s] -- Using PYTHON_LIBRARIES: /usr/lib/x86_64-linux-gnu/libpython3.10.so
[2.180s] -- Configuring done
[2.239s] -- Generating done
[2.243s] -- Build files have been written to: /home/om/slambot/build/bumperbot_msgs
[2.282s] [35m[1mConsolidate compiler generated dependencies of target bumperbot_msgs__rosidl_generator_c[0m
[2.298s] [  2%] Built target bumperbot_msgs__cpp
[2.300s] [ 12%] Built target bumperbot_msgs__rosidl_generator_c
[2.316s] [35m[1mConsolidate compiler generated dependencies of target bumperbot_msgs__rosidl_typesupport_fastrtps_cpp[0m
[2.321s] [ 12%] Built target ament_cmake_python_copy_bumperbot_msgs
[2.331s] [35m[1mConsolidate compiler generated dependencies of target bumperbot_msgs__rosidl_typesupport_cpp[0m
[2.338s] [35m[1mConsolidate compiler generated dependencies of target bumperbot_msgs__rosidl_typesupport_introspection_c[0m
[2.338s] [35m[1mConsolidate compiler generated dependencies of target bumperbot_msgs__rosidl_typesupport_introspection_cpp[0m
[2.338s] [35m[1mConsolidate compiler generated dependencies of target bumperbot_msgs__rosidl_typesupport_fastrtps_c[0m
[2.341s] [ 23%] Built target bumperbot_msgs__rosidl_typesupport_fastrtps_cpp
[2.344s] [35m[1mConsolidate compiler generated dependencies of target bumperbot_msgs__rosidl_typesupport_c[0m
[2.357s] [ 33%] Built target bumperbot_msgs__rosidl_typesupport_cpp
[2.368s] [ 43%] Built target bumperbot_msgs__rosidl_typesupport_c
[2.371s] [ 64%] Built target bumperbot_msgs__rosidl_typesupport_introspection_c
[2.371s] [ 64%] Built target bumperbot_msgs__rosidl_typesupport_introspection_cpp
[2.375s] [ 74%] Built target bumperbot_msgs__rosidl_typesupport_fastrtps_c
[2.402s] [ 74%] Built target bumperbot_msgs
[2.426s] [ 76%] Built target bumperbot_msgs__py
[2.439s] [35m[1mConsolidate compiler generated dependencies of target bumperbot_msgs__rosidl_generator_py[0m
[2.453s] [ 84%] Built target bumperbot_msgs__rosidl_generator_py
[2.465s] [35m[1mConsolidate compiler generated dependencies of target bumperbot_msgs__rosidl_typesupport_fastrtps_c__pyext[0m
[2.468s] [35m[1mConsolidate compiler generated dependencies of target bumperbot_msgs__rosidl_typesupport_c__pyext[0m
[2.469s] [35m[1mConsolidate compiler generated dependencies of target bumperbot_msgs__rosidl_typesupport_introspection_c__pyext[0m
[2.484s] [ 89%] Built target bumperbot_msgs__rosidl_typesupport_c__pyext
[2.485s] [ 94%] Built target bumperbot_msgs__rosidl_typesupport_introspection_c__pyext
[2.486s] [100%] Built target bumperbot_msgs__rosidl_typesupport_fastrtps_c__pyext
[2.617s] running egg_info
[2.618s] writing bumperbot_msgs.egg-info/PKG-INFO
[2.618s] writing dependency_links to bumperbot_msgs.egg-info/dependency_links.txt
[2.618s] writing top-level names to bumperbot_msgs.egg-info/top_level.txt
[2.621s] reading manifest file 'bumperbot_msgs.egg-info/SOURCES.txt'
[2.622s] writing manifest file 'bumperbot_msgs.egg-info/SOURCES.txt'
[2.659s] [100%] Built target ament_cmake_python_build_bumperbot_msgs_egg
