[0.600s] Invoking command in '/home/om/slambot/src/bumperbot_py_examples': AMENT_PREFIX_PATH=/home/om/slambot/install/bumperbot_msgs:${AMENT_PREFIX_PATH} CMAKE_PREFIX_PATH=/home/om/slambot/install/bumperbot_msgs LD_LIBRARY_PATH=/home/om/slambot/install/bumperbot_msgs/lib:${LD_LIBRARY_PATH} PYTHONPATH=/home/om/slambot/build/bumperbot_py_examples/prefix_override:/usr/lib/python3/dist-packages/colcon_core/task/python/colcon_distutils_commands:/home/om/slambot/install/bumperbot_py_examples/lib/python3.10/site-packages:/home/om/slambot/install/bumperbot_msgs/local/lib/python3.10/dist-packages:${PYTHONPATH} /usr/bin/python3 -W ignore:setup.py install is deprecated setup.py egg_info --egg-base ../../build/bumperbot_py_examples build --build-base /home/om/slambot/build/bumperbot_py_examples/build install --record /home/om/slambot/build/bumperbot_py_examples/install.log --single-version-externally-managed install_data
[0.778s] running egg_info
[0.778s] writing ../../build/bumperbot_py_examples/bumperbot_py_examples.egg-info/PKG-INFO
[0.779s] writing dependency_links to ../../build/bumperbot_py_examples/bumperbot_py_examples.egg-info/dependency_links.txt
[0.779s] writing entry points to ../../build/bumperbot_py_examples/bumperbot_py_examples.egg-info/entry_points.txt
[0.779s] writing requirements to ../../build/bumperbot_py_examples/bumperbot_py_examples.egg-info/requires.txt
[0.779s] writing top-level names to ../../build/bumperbot_py_examples/bumperbot_py_examples.egg-info/top_level.txt
[0.780s] reading manifest file '../../build/bumperbot_py_examples/bumperbot_py_examples.egg-info/SOURCES.txt'
[0.787s] writing manifest file '../../build/bumperbot_py_examples/bumperbot_py_examples.egg-info/SOURCES.txt'
[0.787s] running build
[0.788s] running build_py
[0.788s] running install
[0.788s] running install_lib
[0.789s] running install_data
[0.789s] running install_egg_info
[0.792s] removing '/home/om/slambot/install/bumperbot_py_examples/lib/python3.10/site-packages/bumperbot_py_examples-0.0.0-py3.10.egg-info' (and everything under it)
[0.792s] Copying ../../build/bumperbot_py_examples/bumperbot_py_examples.egg-info to /home/om/slambot/install/bumperbot_py_examples/lib/python3.10/site-packages/bumperbot_py_examples-0.0.0-py3.10.egg-info
[0.792s] running install_scripts
[0.808s] Installing simple_lifecycle_node script to /home/om/slambot/install/bumperbot_py_examples/lib/bumperbot_py_examples
[0.808s] Installing simple_parameter script to /home/om/slambot/install/bumperbot_py_examples/lib/bumperbot_py_examples
[0.808s] Installing simple_publisher script to /home/om/slambot/install/bumperbot_py_examples/lib/bumperbot_py_examples
[0.808s] Installing simple_service_client script to /home/om/slambot/install/bumperbot_py_examples/lib/bumperbot_py_examples
[0.808s] Installing simple_service_server script to /home/om/slambot/install/bumperbot_py_examples/lib/bumperbot_py_examples
[0.808s] Installing simple_subscriber script to /home/om/slambot/install/bumperbot_py_examples/lib/bumperbot_py_examples
[0.808s] Installing simple_tf_kinematics script to /home/om/slambot/install/bumperbot_py_examples/lib/bumperbot_py_examples
[0.809s] Installing simple_turtlesim_kinematics script to /home/om/slambot/install/bumperbot_py_examples/lib/bumperbot_py_examples
[0.809s] writing list of installed files to '/home/om/slambot/build/bumperbot_py_examples/install.log'
[0.834s] Invoked command in '/home/om/slambot/src/bumperbot_py_examples' returned '0': AMENT_PREFIX_PATH=/home/om/slambot/install/bumperbot_msgs:${AMENT_PREFIX_PATH} CMAKE_PREFIX_PATH=/home/om/slambot/install/bumperbot_msgs LD_LIBRARY_PATH=/home/om/slambot/install/bumperbot_msgs/lib:${LD_LIBRARY_PATH} PYTHONPATH=/home/om/slambot/build/bumperbot_py_examples/prefix_override:/usr/lib/python3/dist-packages/colcon_core/task/python/colcon_distutils_commands:/home/om/slambot/install/bumperbot_py_examples/lib/python3.10/site-packages:/home/om/slambot/install/bumperbot_msgs/local/lib/python3.10/dist-packages:${PYTHONPATH} /usr/bin/python3 -W ignore:setup.py install is deprecated setup.py egg_info --egg-base ../../build/bumperbot_py_examples build --build-base /home/om/slambot/build/bumperbot_py_examples/build install --record /home/om/slambot/build/bumperbot_py_examples/install.log --single-version-externally-managed install_data
