[0.044s] Invoking command in '/home/om/slambot/build/bumperbot_firmware': CMAKE_PREFIX_PATH=/opt/ros/humble /usr/bin/cmake --build /home/om/slambot/build/bumperbot_firmware -- -j8 -l8
[0.179s] [ 33%] Built target bumperbot_firmware
[0.218s] [ 33%] Built target ament_cmake_python_copy_bumperbot_firmware
[0.219s] [ 66%] Built target simple_serial_receiver
[0.227s] [100%] Built target simple_serial_transmitter
[0.590s] running egg_info
[0.593s] writing bumperbot_firmware.egg-info/PKG-INFO
[0.594s] writing dependency_links to bumperbot_firmware.egg-info/dependency_links.txt
[0.594s] writing top-level names to bumperbot_firmware.egg-info/top_level.txt
[0.598s] reading manifest file 'bumperbot_firmware.egg-info/SOURCES.txt'
[0.599s] writing manifest file 'bumperbot_firmware.egg-info/SOURCES.txt'
[0.702s] [100%] Built target ament_cmake_python_build_bumperbot_firmware_egg
[0.719s] Invoked command in '/home/om/slambot/build/bumperbot_firmware' returned '0': CMAKE_PREFIX_PATH=/opt/ros/humble /usr/bin/cmake --build /home/om/slambot/build/bumperbot_firmware -- -j8 -l8
[0.768s] Invoking command in '/home/om/slambot/build/bumperbot_firmware': CMAKE_PREFIX_PATH=/opt/ros/humble /usr/bin/cmake --install /home/om/slambot/build/bumperbot_firmware
[0.779s] -- Install configuration: ""
[0.779s] -- Up-to-date: /home/om/slambot/install/bumperbot_firmware/share/bumperbot_firmware/environment/pythonpath.sh
[0.779s] -- Up-to-date: /home/om/slambot/install/bumperbot_firmware/share/bumperbot_firmware/environment/pythonpath.dsv
[0.779s] -- Up-to-date: /home/om/slambot/install/bumperbot_firmware/local/lib/python3.10/dist-packages/bumperbot_firmware-0.0.0-py3.10.egg-info
[0.779s] -- Installing: /home/om/slambot/install/bumperbot_firmware/local/lib/python3.10/dist-packages/bumperbot_firmware-0.0.0-py3.10.egg-info/PKG-INFO
[0.780s] -- Installing: /home/om/slambot/install/bumperbot_firmware/local/lib/python3.10/dist-packages/bumperbot_firmware-0.0.0-py3.10.egg-info/dependency_links.txt
[0.781s] -- Installing: /home/om/slambot/install/bumperbot_firmware/local/lib/python3.10/dist-packages/bumperbot_firmware-0.0.0-py3.10.egg-info/SOURCES.txt
[0.781s] -- Installing: /home/om/slambot/install/bumperbot_firmware/local/lib/python3.10/dist-packages/bumperbot_firmware-0.0.0-py3.10.egg-info/top_level.txt
[0.781s] -- Up-to-date: /home/om/slambot/install/bumperbot_firmware/local/lib/python3.10/dist-packages/bumperbot_firmware
[0.781s] -- Up-to-date: /home/om/slambot/install/bumperbot_firmware/local/lib/python3.10/dist-packages/bumperbot_firmware/__init__.py
[0.781s] -- Up-to-date: /home/om/slambot/install/bumperbot_firmware/local/lib/python3.10/dist-packages/bumperbot_firmware/simple_serial_receiver.py
[0.781s] -- Up-to-date: /home/om/slambot/install/bumperbot_firmware/local/lib/python3.10/dist-packages/bumperbot_firmware/simple_serial_transmitter.py
[0.824s] Listing '/home/om/slambot/install/bumperbot_firmware/local/lib/python3.10/dist-packages/bumperbot_firmware'...
[0.832s] -- Up-to-date: /home/om/slambot/install/bumperbot_firmware/share/bumperbot_firmware/bumperbot_interface.xml
[0.832s] -- Up-to-date: /home/om/slambot/install/bumperbot_firmware/lib/libbumperbot_firmware.so
[0.832s] -- Up-to-date: /home/om/slambot/install/bumperbot_firmware/include/include
[0.832s] -- Up-to-date: /home/om/slambot/install/bumperbot_firmware/include/include/bumperbot_firmware
[0.833s] -- Up-to-date: /home/om/slambot/install/bumperbot_firmware/include/include/bumperbot_firmware/bumperbot_interface.hpp
[0.833s] -- Up-to-date: /home/om/slambot/install/bumperbot_firmware/share/bumperbot_firmware/launch
[0.833s] -- Up-to-date: /home/om/slambot/install/bumperbot_firmware/share/bumperbot_firmware/launch/hardware_interface.launch.py
[0.833s] -- Up-to-date: /home/om/slambot/install/bumperbot_firmware/lib/bumperbot_firmware/simple_serial_transmitter.py
[0.833s] -- Up-to-date: /home/om/slambot/install/bumperbot_firmware/lib/bumperbot_firmware/simple_serial_receiver.py
[0.833s] -- Up-to-date: /home/om/slambot/install/bumperbot_firmware/lib/bumperbot_firmware/simple_serial_receiver
[0.833s] -- Up-to-date: /home/om/slambot/install/bumperbot_firmware/lib/bumperbot_firmware/simple_serial_transmitter
[0.833s] -- Up-to-date: /home/om/slambot/install/bumperbot_firmware/share/bumperbot_firmware/environment/library_path.sh
[0.833s] -- Up-to-date: /home/om/slambot/install/bumperbot_firmware/share/bumperbot_firmware/environment/library_path.dsv
[0.834s] -- Up-to-date: /home/om/slambot/install/bumperbot_firmware/share/ament_index/resource_index/package_run_dependencies/bumperbot_firmware
[0.834s] -- Up-to-date: /home/om/slambot/install/bumperbot_firmware/share/ament_index/resource_index/parent_prefix_path/bumperbot_firmware
[0.834s] -- Up-to-date: /home/om/slambot/install/bumperbot_firmware/share/bumperbot_firmware/environment/ament_prefix_path.sh
[0.835s] -- Up-to-date: /home/om/slambot/install/bumperbot_firmware/share/bumperbot_firmware/environment/ament_prefix_path.dsv
[0.835s] -- Up-to-date: /home/om/slambot/install/bumperbot_firmware/share/bumperbot_firmware/environment/path.sh
[0.836s] -- Up-to-date: /home/om/slambot/install/bumperbot_firmware/share/bumperbot_firmware/environment/path.dsv
[0.837s] -- Up-to-date: /home/om/slambot/install/bumperbot_firmware/share/bumperbot_firmware/local_setup.bash
[0.838s] -- Up-to-date: /home/om/slambot/install/bumperbot_firmware/share/bumperbot_firmware/local_setup.sh
[0.838s] -- Up-to-date: /home/om/slambot/install/bumperbot_firmware/share/bumperbot_firmware/local_setup.zsh
[0.839s] -- Up-to-date: /home/om/slambot/install/bumperbot_firmware/share/bumperbot_firmware/local_setup.dsv
[0.839s] -- Installing: /home/om/slambot/install/bumperbot_firmware/share/bumperbot_firmware/package.dsv
[0.839s] -- Up-to-date: /home/om/slambot/install/bumperbot_firmware/share/ament_index/resource_index/packages/bumperbot_firmware
[0.839s] -- Up-to-date: /home/om/slambot/install/bumperbot_firmware/share/ament_index/resource_index/hardware_interface__pluginlib__plugin/bumperbot_firmware
[0.839s] -- Up-to-date: /home/om/slambot/install/bumperbot_firmware/share/bumperbot_firmware/cmake/ament_cmake_export_include_directories-extras.cmake
[0.839s] -- Up-to-date: /home/om/slambot/install/bumperbot_firmware/share/bumperbot_firmware/cmake/ament_cmake_export_libraries-extras.cmake
[0.839s] -- Up-to-date: /home/om/slambot/install/bumperbot_firmware/share/bumperbot_firmware/cmake/ament_cmake_export_dependencies-extras.cmake
[0.840s] -- Up-to-date: /home/om/slambot/install/bumperbot_firmware/share/bumperbot_firmware/cmake/bumperbot_firmwareConfig.cmake
[0.840s] -- Up-to-date: /home/om/slambot/install/bumperbot_firmware/share/bumperbot_firmware/cmake/bumperbot_firmwareConfig-version.cmake
[0.840s] -- Up-to-date: /home/om/slambot/install/bumperbot_firmware/share/bumperbot_firmware/package.xml
[0.850s] Invoked command in '/home/om/slambot/build/bumperbot_firmware' returned '0': CMAKE_PREFIX_PATH=/opt/ros/humble /usr/bin/cmake --install /home/om/slambot/build/bumperbot_firmware
