[0.049s] Invoking command in '/home/om/slambot/build/bumperbot_bringup': CMAKE_PREFIX_PATH=/opt/ros/humble /usr/bin/cmake --build /home/om/slambot/build/bumperbot_bringup -- -j8 -l8
[0.149s] Invoked command in '/home/om/slambot/build/bumperbot_bringup' returned '0': CMAKE_PREFIX_PATH=/opt/ros/humble /usr/bin/cmake --build /home/om/slambot/build/bumperbot_bringup -- -j8 -l8
[0.264s] Invoking command in '/home/om/slambot/build/bumperbot_bringup': CMAKE_PREFIX_PATH=/opt/ros/humble /usr/bin/cmake --install /home/om/slambot/build/bumperbot_bringup
[0.282s] -- Install configuration: ""
[0.285s] -- Up-to-date: /home/om/slambot/install/bumperbot_bringup/share/bumperbot_bringup/launch
[0.285s] -- Up-to-date: /home/om/slambot/install/bumperbot_bringup/share/bumperbot_bringup/launch/simulated_robot.launch.py
[0.289s] -- Up-to-date: /home/om/slambot/install/bumperbot_bringup/share/bumperbot_bringup/launch/real_robot.launch.py
[0.289s] -- Up-to-date: /home/om/slambot/install/bumperbot_bringup/share/ament_index/resource_index/package_run_dependencies/bumperbot_bringup
[0.289s] -- Up-to-date: /home/om/slambot/install/bumperbot_bringup/share/ament_index/resource_index/parent_prefix_path/bumperbot_bringup
[0.290s] -- Up-to-date: /home/om/slambot/install/bumperbot_bringup/share/bumperbot_bringup/environment/ament_prefix_path.sh
[0.290s] -- Up-to-date: /home/om/slambot/install/bumperbot_bringup/share/bumperbot_bringup/environment/ament_prefix_path.dsv
[0.290s] -- Up-to-date: /home/om/slambot/install/bumperbot_bringup/share/bumperbot_bringup/environment/path.sh
[0.290s] -- Up-to-date: /home/om/slambot/install/bumperbot_bringup/share/bumperbot_bringup/environment/path.dsv
[0.290s] -- Up-to-date: /home/om/slambot/install/bumperbot_bringup/share/bumperbot_bringup/local_setup.bash
[0.290s] -- Up-to-date: /home/om/slambot/install/bumperbot_bringup/share/bumperbot_bringup/local_setup.sh
[0.290s] -- Up-to-date: /home/om/slambot/install/bumperbot_bringup/share/bumperbot_bringup/local_setup.zsh
[0.290s] -- Up-to-date: /home/om/slambot/install/bumperbot_bringup/share/bumperbot_bringup/local_setup.dsv
[0.290s] -- Installing: /home/om/slambot/install/bumperbot_bringup/share/bumperbot_bringup/package.dsv
[0.296s] -- Up-to-date: /home/om/slambot/install/bumperbot_bringup/share/ament_index/resource_index/packages/bumperbot_bringup
[0.296s] -- Up-to-date: /home/om/slambot/install/bumperbot_bringup/share/bumperbot_bringup/cmake/bumperbot_bringupConfig.cmake
[0.296s] -- Up-to-date: /home/om/slambot/install/bumperbot_bringup/share/bumperbot_bringup/cmake/bumperbot_bringupConfig-version.cmake
[0.297s] -- Up-to-date: /home/om/slambot/install/bumperbot_bringup/share/bumperbot_bringup/package.xml
[0.313s] Invoked command in '/home/om/slambot/build/bumperbot_bringup' returned '0': CMAKE_PREFIX_PATH=/opt/ros/humble /usr/bin/cmake --install /home/om/slambot/build/bumperbot_bringup
