[0.024s] Invoking command in '/home/om/slambot/build/bumperbot_controller': CMAKE_PREFIX_PATH=/opt/ros/humble /usr/bin/cmake /home/om/slambot/src/bumperbot_controller -DCMAKE_INSTALL_PREFIX=/home/om/slambot/install/bumperbot_controller
[0.147s] -- The C compiler identification is GNU 11.4.0
[0.289s] -- The CXX compiler identification is GNU 11.4.0
[0.296s] -- Detecting C compiler ABI info
[0.388s] -- Detecting C compiler ABI info - done
[0.394s] -- Check for working C compiler: /usr/bin/cc - skipped
[0.395s] -- Detecting C compile features
[0.395s] -- Detecting C compile features - done
[0.399s] -- Detecting CXX compiler ABI info
[0.502s] -- Detecting CXX compiler ABI info - done
[0.510s] -- Check for working CXX compiler: /usr/bin/c++ - skipped
[0.510s] -- Detecting CXX compile features
[0.510s] -- Detecting CXX compile features - done
[0.513s] -- Found ament_cmake: 1.3.9 (/opt/ros/humble/share/ament_cmake/cmake)
[0.681s] -- Found Python3: /usr/bin/python3 (found version "3.10.12") found components: Interpreter 
[0.840s] -- Found rclcpp: 16.0.9 (/opt/ros/humble/share/rclcpp/cmake)
[0.900s] -- Found rosidl_generator_c: 3.1.5 (/opt/ros/humble/share/rosidl_generator_c/cmake)
[0.907s] -- Found rosidl_adapter: 3.1.5 (/opt/ros/humble/share/rosidl_adapter/cmake)
[0.918s] -- Found rosidl_generator_cpp: 3.1.5 (/opt/ros/humble/share/rosidl_generator_cpp/cmake)
[0.942s] -- Using all available rosidl_typesupport_c: rosidl_typesupport_fastrtps_c;rosidl_typesupport_introspection_c
[0.960s] -- Using all available rosidl_typesupport_cpp: rosidl_typesupport_fastrtps_cpp;rosidl_typesupport_introspection_cpp
[1.056s] -- Found rmw_implementation_cmake: 6.1.2 (/opt/ros/humble/share/rmw_implementation_cmake/cmake)
[1.059s] -- Found rmw_fastrtps_cpp: 6.2.6 (/opt/ros/humble/share/rmw_fastrtps_cpp/cmake)
[1.203s] -- Found OpenSSL: /usr/lib/x86_64-linux-gnu/libcrypto.so (found version "3.0.2")  
[1.246s] -- Found FastRTPS: /opt/ros/humble/include  
[1.305s] -- Using RMW implementation 'rmw_fastrtps_cpp' as default
[1.317s] -- Looking for pthread.h
[1.408s] -- Looking for pthread.h - found
[1.408s] -- Performing Test CMAKE_HAVE_LIBC_PTHREAD
[1.477s] -- Performing Test CMAKE_HAVE_LIBC_PTHREAD - Success
[1.478s] -- Found Threads: TRUE  
[1.642s] -- Found rclpy: 3.3.13 (/opt/ros/humble/share/rclpy/cmake)
[1.643s] -- Found geometry_msgs: 4.2.4 (/opt/ros/humble/share/geometry_msgs/cmake)
[1.686s] -- Found sensor_msgs: 4.2.4 (/opt/ros/humble/share/sensor_msgs/cmake)
[1.775s] -- Found nav_msgs: 4.2.4 (/opt/ros/humble/share/nav_msgs/cmake)
[1.856s] -- Found tf2_ros: 0.25.7 (/opt/ros/humble/share/tf2_ros/cmake)
[2.408s] -- Configuring done
[2.452s] -- Generating done
[2.460s] -- Build files have been written to: /home/om/slambot/build/bumperbot_controller
[2.481s] Invoked command in '/home/om/slambot/build/bumperbot_controller' returned '0': CMAKE_PREFIX_PATH=/opt/ros/humble /usr/bin/cmake /home/om/slambot/src/bumperbot_controller -DCMAKE_INSTALL_PREFIX=/home/om/slambot/install/bumperbot_controller
[2.481s] Invoking command in '/home/om/slambot/build/bumperbot_controller': CMAKE_PREFIX_PATH=/opt/ros/humble /usr/bin/cmake --build /home/om/slambot/build/bumperbot_controller -- -j8 -l8
[2.562s] [ 25%] [32mBuilding CXX object CMakeFiles/noisy_controller.dir/src/noisy_controller.cpp.o[0m
[2.571s] [ 25%] Built target ament_cmake_python_copy_bumperbot_controller
[2.579s] [ 50%] [32mBuilding CXX object CMakeFiles/simple_controller.dir/src/simple_controller.cpp.o[0m
[2.878s] running egg_info
[2.878s] creating bumperbot_controller.egg-info
[2.879s] writing bumperbot_controller.egg-info/PKG-INFO
[2.879s] writing dependency_links to bumperbot_controller.egg-info/dependency_links.txt
[2.879s] writing top-level names to bumperbot_controller.egg-info/top_level.txt
[2.879s] writing manifest file 'bumperbot_controller.egg-info/SOURCES.txt'
[2.882s] reading manifest file 'bumperbot_controller.egg-info/SOURCES.txt'
[2.883s] writing manifest file 'bumperbot_controller.egg-info/SOURCES.txt'
[2.955s] [ 50%] Built target ament_cmake_python_build_bumperbot_controller_egg
[16.281s] [ 75%] [32m[1mLinking CXX executable noisy_controller[0m
[18.143s] [ 75%] Built target noisy_controller
[22.195s] [100%] [32m[1mLinking CXX executable simple_controller[0m
[23.131s] [100%] Built target simple_controller
[23.171s] Invoked command in '/home/om/slambot/build/bumperbot_controller' returned '0': CMAKE_PREFIX_PATH=/opt/ros/humble /usr/bin/cmake --build /home/om/slambot/build/bumperbot_controller -- -j8 -l8
[23.201s] Invoking command in '/home/om/slambot/build/bumperbot_controller': CMAKE_PREFIX_PATH=/opt/ros/humble /usr/bin/cmake --install /home/om/slambot/build/bumperbot_controller
[23.207s] -- Install configuration: ""
[23.207s] -- Installing: /home/om/slambot/install/bumperbot_controller/share/bumperbot_controller/environment/pythonpath.sh
[23.208s] -- Installing: /home/om/slambot/install/bumperbot_controller/share/bumperbot_controller/environment/pythonpath.dsv
[23.208s] -- Installing: /home/om/slambot/install/bumperbot_controller/local/lib/python3.10/dist-packages/bumperbot_controller-0.0.0-py3.10.egg-info
[23.208s] -- Installing: /home/om/slambot/install/bumperbot_controller/local/lib/python3.10/dist-packages/bumperbot_controller-0.0.0-py3.10.egg-info/PKG-INFO
[23.208s] -- Installing: /home/om/slambot/install/bumperbot_controller/local/lib/python3.10/dist-packages/bumperbot_controller-0.0.0-py3.10.egg-info/dependency_links.txt
[23.208s] -- Installing: /home/om/slambot/install/bumperbot_controller/local/lib/python3.10/dist-packages/bumperbot_controller-0.0.0-py3.10.egg-info/SOURCES.txt
[23.208s] -- Installing: /home/om/slambot/install/bumperbot_controller/local/lib/python3.10/dist-packages/bumperbot_controller-0.0.0-py3.10.egg-info/top_level.txt
[23.208s] -- Installing: /home/om/slambot/install/bumperbot_controller/local/lib/python3.10/dist-packages/bumperbot_controller
[23.209s] -- Installing: /home/om/slambot/install/bumperbot_controller/local/lib/python3.10/dist-packages/bumperbot_controller/simple_controller.py
[23.209s] -- Installing: /home/om/slambot/install/bumperbot_controller/local/lib/python3.10/dist-packages/bumperbot_controller/noisy_controller.py
[23.209s] -- Installing: /home/om/slambot/install/bumperbot_controller/local/lib/python3.10/dist-packages/bumperbot_controller/__init__.py
[23.238s] Listing '/home/om/slambot/install/bumperbot_controller/local/lib/python3.10/dist-packages/bumperbot_controller'...
[23.238s] Compiling '/home/om/slambot/install/bumperbot_controller/local/lib/python3.10/dist-packages/bumperbot_controller/__init__.py'...
[23.238s] Compiling '/home/om/slambot/install/bumperbot_controller/local/lib/python3.10/dist-packages/bumperbot_controller/noisy_controller.py'...
[23.238s] Compiling '/home/om/slambot/install/bumperbot_controller/local/lib/python3.10/dist-packages/bumperbot_controller/simple_controller.py'...
[23.243s] -- Installing: /home/om/slambot/install/bumperbot_controller/include/include
[23.243s] -- Installing: /home/om/slambot/install/bumperbot_controller/include/include/bumperbot_controller
[23.243s] -- Installing: /home/om/slambot/install/bumperbot_controller/include/include/bumperbot_controller/simple_controller.hpp
[23.244s] -- Installing: /home/om/slambot/install/bumperbot_controller/include/include/bumperbot_controller/noisy_controller.hpp
[23.244s] -- Installing: /home/om/slambot/install/bumperbot_controller/lib/bumperbot_controller/simple_controller
[23.250s] -- Set runtime path of "/home/om/slambot/install/bumperbot_controller/lib/bumperbot_controller/simple_controller" to ""
[23.250s] -- Installing: /home/om/slambot/install/bumperbot_controller/lib/bumperbot_controller/noisy_controller
[23.253s] -- Set runtime path of "/home/om/slambot/install/bumperbot_controller/lib/bumperbot_controller/noisy_controller" to ""
[23.254s] -- Installing: /home/om/slambot/install/bumperbot_controller/share/bumperbot_controller/launch
[23.254s] -- Installing: /home/om/slambot/install/bumperbot_controller/share/bumperbot_controller/launch/controller.launch.py
[23.254s] -- Installing: /home/om/slambot/install/bumperbot_controller/share/bumperbot_controller/launch/joystick_teleop.launch.py
[23.254s] -- Installing: /home/om/slambot/install/bumperbot_controller/share/bumperbot_controller/config
[23.254s] -- Installing: /home/om/slambot/install/bumperbot_controller/share/bumperbot_controller/config/bumperbot_controllers.yaml
[23.254s] -- Installing: /home/om/slambot/install/bumperbot_controller/share/bumperbot_controller/config/joy_config.yaml
[23.255s] -- Installing: /home/om/slambot/install/bumperbot_controller/share/bumperbot_controller/config/joy_teleop.yaml
[23.255s] -- Installing: /home/om/slambot/install/bumperbot_controller/lib/bumperbot_controller/simple_controller.py
[23.255s] -- Installing: /home/om/slambot/install/bumperbot_controller/lib/bumperbot_controller/noisy_controller.py
[23.255s] -- Installing: /home/om/slambot/install/bumperbot_controller/share/ament_index/resource_index/package_run_dependencies/bumperbot_controller
[23.255s] -- Installing: /home/om/slambot/install/bumperbot_controller/share/ament_index/resource_index/parent_prefix_path/bumperbot_controller
[23.255s] -- Installing: /home/om/slambot/install/bumperbot_controller/share/bumperbot_controller/environment/ament_prefix_path.sh
[23.256s] -- Installing: /home/om/slambot/install/bumperbot_controller/share/bumperbot_controller/environment/ament_prefix_path.dsv
[23.256s] -- Installing: /home/om/slambot/install/bumperbot_controller/share/bumperbot_controller/environment/path.sh
[23.256s] -- Installing: /home/om/slambot/install/bumperbot_controller/share/bumperbot_controller/environment/path.dsv
[23.256s] -- Installing: /home/om/slambot/install/bumperbot_controller/share/bumperbot_controller/local_setup.bash
[23.256s] -- Installing: /home/om/slambot/install/bumperbot_controller/share/bumperbot_controller/local_setup.sh
[23.256s] -- Installing: /home/om/slambot/install/bumperbot_controller/share/bumperbot_controller/local_setup.zsh
[23.256s] -- Installing: /home/om/slambot/install/bumperbot_controller/share/bumperbot_controller/local_setup.dsv
[23.256s] -- Installing: /home/om/slambot/install/bumperbot_controller/share/bumperbot_controller/package.dsv
[23.256s] -- Installing: /home/om/slambot/install/bumperbot_controller/share/ament_index/resource_index/packages/bumperbot_controller
[23.257s] -- Installing: /home/om/slambot/install/bumperbot_controller/share/bumperbot_controller/cmake/bumperbot_controllerConfig.cmake
[23.257s] -- Installing: /home/om/slambot/install/bumperbot_controller/share/bumperbot_controller/cmake/bumperbot_controllerConfig-version.cmake
[23.257s] -- Installing: /home/om/slambot/install/bumperbot_controller/share/bumperbot_controller/package.xml
[23.260s] Invoked command in '/home/om/slambot/build/bumperbot_controller' returned '0': CMAKE_PREFIX_PATH=/opt/ros/humble /usr/bin/cmake --install /home/om/slambot/build/bumperbot_controller
