[0.914s] Invoking command in '/home/om/slambot/src/bumperbot_py_examples': AMENT_PREFIX_PATH=/home/om/slambot/install/bumperbot_msgs:${AMENT_PREFIX_PATH} CMAKE_PREFIX_PATH=/home/om/slambot/install/bumperbot_msgs LD_LIBRARY_PATH=/home/om/slambot/install/bumperbot_msgs/lib:${LD_LIBRARY_PATH} PYTHONPATH=/home/om/slambot/build/bumperbot_py_examples/prefix_override:/usr/lib/python3/dist-packages/colcon_core/task/python/colcon_distutils_commands:/home/om/slambot/install/bumperbot_py_examples/lib/python3.10/site-packages:/home/om/slambot/install/bumperbot_msgs/local/lib/python3.10/dist-packages:${PYTHONPATH} /usr/bin/python3 -W ignore:setup.py install is deprecated setup.py egg_info --egg-base ../../build/bumperbot_py_examples build --build-base /home/om/slambot/build/bumperbot_py_examples/build install --record /home/om/slambot/build/bumperbot_py_examples/install.log --single-version-externally-managed install_data
[1.240s] running egg_info
[1.241s] creating ../../build/bumperbot_py_examples/bumperbot_py_examples.egg-info
[1.241s] writing ../../build/bumperbot_py_examples/bumperbot_py_examples.egg-info/PKG-INFO
[1.241s] writing dependency_links to ../../build/bumperbot_py_examples/bumperbot_py_examples.egg-info/dependency_links.txt
[1.242s] writing entry points to ../../build/bumperbot_py_examples/bumperbot_py_examples.egg-info/entry_points.txt
[1.242s] writing requirements to ../../build/bumperbot_py_examples/bumperbot_py_examples.egg-info/requires.txt
[1.242s] writing top-level names to ../../build/bumperbot_py_examples/bumperbot_py_examples.egg-info/top_level.txt
[1.242s] writing manifest file '../../build/bumperbot_py_examples/bumperbot_py_examples.egg-info/SOURCES.txt'
[1.245s] reading manifest file '../../build/bumperbot_py_examples/bumperbot_py_examples.egg-info/SOURCES.txt'
[1.246s] writing manifest file '../../build/bumperbot_py_examples/bumperbot_py_examples.egg-info/SOURCES.txt'
[1.246s] running build
[1.246s] running build_py
[1.246s] creating /home/om/slambot/build/bumperbot_py_examples/build
[1.246s] creating /home/om/slambot/build/bumperbot_py_examples/build/lib
[1.246s] creating /home/om/slambot/build/bumperbot_py_examples/build/lib/bumperbot_py_examples
[1.246s] copying bumperbot_py_examples/simple_publisher.py -> /home/om/slambot/build/bumperbot_py_examples/build/lib/bumperbot_py_examples
[1.247s] copying bumperbot_py_examples/__init__.py -> /home/om/slambot/build/bumperbot_py_examples/build/lib/bumperbot_py_examples
[1.247s] copying bumperbot_py_examples/simple_subscriber.py -> /home/om/slambot/build/bumperbot_py_examples/build/lib/bumperbot_py_examples
[1.247s] copying bumperbot_py_examples/simple_service_client.py -> /home/om/slambot/build/bumperbot_py_examples/build/lib/bumperbot_py_examples
[1.248s] copying bumperbot_py_examples/simple_parameter.py -> /home/om/slambot/build/bumperbot_py_examples/build/lib/bumperbot_py_examples
[1.248s] copying bumperbot_py_examples/simple_lifecycle_node.py -> /home/om/slambot/build/bumperbot_py_examples/build/lib/bumperbot_py_examples
[1.248s] copying bumperbot_py_examples/simple_turtlesim_kinematics.py -> /home/om/slambot/build/bumperbot_py_examples/build/lib/bumperbot_py_examples
[1.249s] copying bumperbot_py_examples/simple_service_server.py -> /home/om/slambot/build/bumperbot_py_examples/build/lib/bumperbot_py_examples
[1.249s] copying bumperbot_py_examples/simple_tf_kinematics.py -> /home/om/slambot/build/bumperbot_py_examples/build/lib/bumperbot_py_examples
[1.249s] running install
[1.250s] running install_lib
[1.251s] creating /home/om/slambot/install/bumperbot_py_examples/lib/python3.10/site-packages/bumperbot_py_examples
[1.252s] copying /home/om/slambot/build/bumperbot_py_examples/build/lib/bumperbot_py_examples/simple_publisher.py -> /home/om/slambot/install/bumperbot_py_examples/lib/python3.10/site-packages/bumperbot_py_examples
[1.252s] copying /home/om/slambot/build/bumperbot_py_examples/build/lib/bumperbot_py_examples/__init__.py -> /home/om/slambot/install/bumperbot_py_examples/lib/python3.10/site-packages/bumperbot_py_examples
[1.252s] copying /home/om/slambot/build/bumperbot_py_examples/build/lib/bumperbot_py_examples/simple_subscriber.py -> /home/om/slambot/install/bumperbot_py_examples/lib/python3.10/site-packages/bumperbot_py_examples
[1.252s] copying /home/om/slambot/build/bumperbot_py_examples/build/lib/bumperbot_py_examples/simple_service_client.py -> /home/om/slambot/install/bumperbot_py_examples/lib/python3.10/site-packages/bumperbot_py_examples
[1.252s] copying /home/om/slambot/build/bumperbot_py_examples/build/lib/bumperbot_py_examples/simple_parameter.py -> /home/om/slambot/install/bumperbot_py_examples/lib/python3.10/site-packages/bumperbot_py_examples
[1.252s] copying /home/om/slambot/build/bumperbot_py_examples/build/lib/bumperbot_py_examples/simple_lifecycle_node.py -> /home/om/slambot/install/bumperbot_py_examples/lib/python3.10/site-packages/bumperbot_py_examples
[1.252s] copying /home/om/slambot/build/bumperbot_py_examples/build/lib/bumperbot_py_examples/simple_turtlesim_kinematics.py -> /home/om/slambot/install/bumperbot_py_examples/lib/python3.10/site-packages/bumperbot_py_examples
[1.252s] copying /home/om/slambot/build/bumperbot_py_examples/build/lib/bumperbot_py_examples/simple_service_server.py -> /home/om/slambot/install/bumperbot_py_examples/lib/python3.10/site-packages/bumperbot_py_examples
[1.253s] copying /home/om/slambot/build/bumperbot_py_examples/build/lib/bumperbot_py_examples/simple_tf_kinematics.py -> /home/om/slambot/install/bumperbot_py_examples/lib/python3.10/site-packages/bumperbot_py_examples
[1.253s] byte-compiling /home/om/slambot/install/bumperbot_py_examples/lib/python3.10/site-packages/bumperbot_py_examples/simple_publisher.py to simple_publisher.cpython-310.pyc
[1.254s] byte-compiling /home/om/slambot/install/bumperbot_py_examples/lib/python3.10/site-packages/bumperbot_py_examples/__init__.py to __init__.cpython-310.pyc
[1.254s] byte-compiling /home/om/slambot/install/bumperbot_py_examples/lib/python3.10/site-packages/bumperbot_py_examples/simple_subscriber.py to simple_subscriber.cpython-310.pyc
[1.255s] byte-compiling /home/om/slambot/install/bumperbot_py_examples/lib/python3.10/site-packages/bumperbot_py_examples/simple_service_client.py to simple_service_client.cpython-310.pyc
[1.255s] byte-compiling /home/om/slambot/install/bumperbot_py_examples/lib/python3.10/site-packages/bumperbot_py_examples/simple_parameter.py to simple_parameter.cpython-310.pyc
[1.256s] byte-compiling /home/om/slambot/install/bumperbot_py_examples/lib/python3.10/site-packages/bumperbot_py_examples/simple_lifecycle_node.py to simple_lifecycle_node.cpython-310.pyc
[1.257s] byte-compiling /home/om/slambot/install/bumperbot_py_examples/lib/python3.10/site-packages/bumperbot_py_examples/simple_turtlesim_kinematics.py to simple_turtlesim_kinematics.cpython-310.pyc
[1.258s] byte-compiling /home/om/slambot/install/bumperbot_py_examples/lib/python3.10/site-packages/bumperbot_py_examples/simple_service_server.py to simple_service_server.cpython-310.pyc
[1.258s] byte-compiling /home/om/slambot/install/bumperbot_py_examples/lib/python3.10/site-packages/bumperbot_py_examples/simple_tf_kinematics.py to simple_tf_kinematics.cpython-310.pyc
[1.259s] running install_data
[1.260s] creating /home/om/slambot/install/bumperbot_py_examples/share/ament_index
[1.260s] creating /home/om/slambot/install/bumperbot_py_examples/share/ament_index/resource_index
[1.260s] creating /home/om/slambot/install/bumperbot_py_examples/share/ament_index/resource_index/packages
[1.260s] copying resource/bumperbot_py_examples -> /home/om/slambot/install/bumperbot_py_examples/share/ament_index/resource_index/packages
[1.260s] copying package.xml -> /home/om/slambot/install/bumperbot_py_examples/share/bumperbot_py_examples
[1.260s] running install_egg_info
[1.262s] Copying ../../build/bumperbot_py_examples/bumperbot_py_examples.egg-info to /home/om/slambot/install/bumperbot_py_examples/lib/python3.10/site-packages/bumperbot_py_examples-0.0.0-py3.10.egg-info
[1.263s] running install_scripts
[1.291s] Installing simple_lifecycle_node script to /home/om/slambot/install/bumperbot_py_examples/lib/bumperbot_py_examples
[1.291s] Installing simple_parameter script to /home/om/slambot/install/bumperbot_py_examples/lib/bumperbot_py_examples
[1.291s] Installing simple_publisher script to /home/om/slambot/install/bumperbot_py_examples/lib/bumperbot_py_examples
[1.291s] Installing simple_service_client script to /home/om/slambot/install/bumperbot_py_examples/lib/bumperbot_py_examples
[1.291s] Installing simple_service_server script to /home/om/slambot/install/bumperbot_py_examples/lib/bumperbot_py_examples
[1.291s] Installing simple_subscriber script to /home/om/slambot/install/bumperbot_py_examples/lib/bumperbot_py_examples
[1.291s] Installing simple_tf_kinematics script to /home/om/slambot/install/bumperbot_py_examples/lib/bumperbot_py_examples
[1.291s] Installing simple_turtlesim_kinematics script to /home/om/slambot/install/bumperbot_py_examples/lib/bumperbot_py_examples
[1.292s] writing list of installed files to '/home/om/slambot/build/bumperbot_py_examples/install.log'
[1.351s] Invoked command in '/home/om/slambot/src/bumperbot_py_examples' returned '0': AMENT_PREFIX_PATH=/home/om/slambot/install/bumperbot_msgs:${AMENT_PREFIX_PATH} CMAKE_PREFIX_PATH=/home/om/slambot/install/bumperbot_msgs LD_LIBRARY_PATH=/home/om/slambot/install/bumperbot_msgs/lib:${LD_LIBRARY_PATH} PYTHONPATH=/home/om/slambot/build/bumperbot_py_examples/prefix_override:/usr/lib/python3/dist-packages/colcon_core/task/python/colcon_distutils_commands:/home/om/slambot/install/bumperbot_py_examples/lib/python3.10/site-packages:/home/om/slambot/install/bumperbot_msgs/local/lib/python3.10/dist-packages:${PYTHONPATH} /usr/bin/python3 -W ignore:setup.py install is deprecated setup.py egg_info --egg-base ../../build/bumperbot_py_examples build --build-base /home/om/slambot/build/bumperbot_py_examples/build install --record /home/om/slambot/build/bumperbot_py_examples/install.log --single-version-externally-managed install_data
