[0.021s] Invoking command in '/home/om/slambot/build/new_robot_description': CMAKE_PREFIX_PATH=/opt/ros/humble /usr/bin/cmake /home/om/slambot/src/new_robot_description -DCMAKE_INSTALL_PREFIX=/home/om/slambot/install/new_robot_description
[0.091s] -- The C compiler identification is GNU 11.4.0
[0.186s] -- The CXX compiler identification is GNU 11.4.0
[0.192s] -- Detecting C compiler ABI info
[0.258s] -- Detecting C compiler ABI info - done
[0.276s] -- Check for working C compiler: /usr/bin/cc - skipped
[0.276s] -- Detecting C compile features
[0.277s] -- Detecting C compile features - done
[0.280s] -- Detecting CXX compiler ABI info
[0.359s] -- Detecting CXX compiler ABI info - done
[0.366s] -- Check for working CXX compiler: /usr/bin/c++ - skipped
[0.366s] -- Detecting CXX compile features
[0.367s] -- Detecting CXX compile features - done
[0.369s] -- Found ament_cmake: 1.3.9 (/opt/ros/humble/share/ament_cmake/cmake)
[0.508s] -- Found Python3: /usr/bin/python3 (found version "3.10.12") found components: Interpreter 
[0.645s] -- Configuring done
[0.647s] -- Generating done
[0.648s] -- Build files have been written to: /home/om/slambot/build/new_robot_description
[0.652s] Invoked command in '/home/om/slambot/build/new_robot_description' returned '0': CMAKE_PREFIX_PATH=/opt/ros/humble /usr/bin/cmake /home/om/slambot/src/new_robot_description -DCMAKE_INSTALL_PREFIX=/home/om/slambot/install/new_robot_description
[0.654s] Invoking command in '/home/om/slambot/build/new_robot_description': CMAKE_PREFIX_PATH=/opt/ros/humble /usr/bin/cmake --build /home/om/slambot/build/new_robot_description -- -j8 -l8
[0.689s] Invoked command in '/home/om/slambot/build/new_robot_description' returned '0': CMAKE_PREFIX_PATH=/opt/ros/humble /usr/bin/cmake --build /home/om/slambot/build/new_robot_description -- -j8 -l8
[0.706s] Invoking command in '/home/om/slambot/build/new_robot_description': CMAKE_PREFIX_PATH=/opt/ros/humble /usr/bin/cmake --install /home/om/slambot/build/new_robot_description
[0.712s] -- Install configuration: ""
[0.712s] -- Installing: /home/om/slambot/install/new_robot_description/share/new_robot_description//urdf
[0.713s] -- Installing: /home/om/slambot/install/new_robot_description/share/new_robot_description//urdf/base_robot.xacro
[0.713s] -- Installing: /home/om/slambot/install/new_robot_description/share/new_robot_description//urdf/common_properties.xacro
[0.713s] -- Installing: /home/om/slambot/install/new_robot_description/share/new_robot_description//urdf/base_robot_gazebo.xacro
[0.713s] -- Installing: /home/om/slambot/install/new_robot_description/share/new_robot_description//urdf/my_robot.urdf.xacro
[0.713s] -- Installing: /home/om/slambot/install/new_robot_description/share/new_robot_description//urdf/ros2_control.xacro
[0.713s] -- Installing: /home/om/slambot/install/new_robot_description/share/new_robot_description//urdf/laser.xacro
[0.714s] -- Installing: /home/om/slambot/install/new_robot_description/share/new_robot_description//launch
[0.714s] -- Installing: /home/om/slambot/install/new_robot_description/share/new_robot_description//launch/gazebo.launch.py
[0.714s] -- Installing: /home/om/slambot/install/new_robot_description/share/new_robot_description//launch/display.launch.py
[0.714s] -- Installing: /home/om/slambot/install/new_robot_description/share/new_robot_description//launch/my_robot.launch.xml
[0.714s] -- Installing: /home/om/slambot/install/new_robot_description/share/new_robot_description//rviz
[0.714s] -- Installing: /home/om/slambot/install/new_robot_description/share/new_robot_description//rviz/urdf_config.rviz
[0.714s] -- Installing: /home/om/slambot/install/new_robot_description/share/new_robot_description//rviz/display.rviz
[0.714s] -- Installing: /home/om/slambot/install/new_robot_description/share/new_robot_description//models
[0.714s] -- Installing: /home/om/slambot/install/new_robot_description/share/new_robot_description//models/ground_plane
[0.714s] -- Installing: /home/om/slambot/install/new_robot_description/share/new_robot_description//models/ground_plane/model.sdf
[0.714s] -- Installing: /home/om/slambot/install/new_robot_description/share/new_robot_description//models/ground_plane/model-1_4.sdf
[0.715s] -- Installing: /home/om/slambot/install/new_robot_description/share/new_robot_description//models/ground_plane/model.config
[0.715s] -- Installing: /home/om/slambot/install/new_robot_description/share/new_robot_description//models/ground_plane/model-1_3.sdf
[0.715s] -- Installing: /home/om/slambot/install/new_robot_description/share/new_robot_description//models/ground_plane/model-1_2.sdf
[0.715s] -- Installing: /home/om/slambot/install/new_robot_description/share/new_robot_description//models/sun
[0.715s] -- Installing: /home/om/slambot/install/new_robot_description/share/new_robot_description//models/sun/model.sdf
[0.715s] -- Installing: /home/om/slambot/install/new_robot_description/share/new_robot_description//models/sun/model-1_4.sdf
[0.716s] -- Installing: /home/om/slambot/install/new_robot_description/share/new_robot_description//models/sun/model.config
[0.716s] -- Installing: /home/om/slambot/install/new_robot_description/share/new_robot_description//models/sun/model-1_3.sdf
[0.716s] -- Installing: /home/om/slambot/install/new_robot_description/share/new_robot_description//models/sun/model-1_2.sdf
[0.716s] -- Installing: /home/om/slambot/install/new_robot_description/share/ament_index/resource_index/package_run_dependencies/new_robot_description
[0.716s] -- Installing: /home/om/slambot/install/new_robot_description/share/ament_index/resource_index/parent_prefix_path/new_robot_description
[0.716s] -- Installing: /home/om/slambot/install/new_robot_description/share/new_robot_description/environment/ament_prefix_path.sh
[0.717s] -- Installing: /home/om/slambot/install/new_robot_description/share/new_robot_description/environment/ament_prefix_path.dsv
[0.717s] -- Installing: /home/om/slambot/install/new_robot_description/share/new_robot_description/environment/path.sh
[0.717s] -- Installing: /home/om/slambot/install/new_robot_description/share/new_robot_description/environment/path.dsv
[0.717s] -- Installing: /home/om/slambot/install/new_robot_description/share/new_robot_description/local_setup.bash
[0.717s] -- Installing: /home/om/slambot/install/new_robot_description/share/new_robot_description/local_setup.sh
[0.717s] -- Installing: /home/om/slambot/install/new_robot_description/share/new_robot_description/local_setup.zsh
[0.717s] -- Installing: /home/om/slambot/install/new_robot_description/share/new_robot_description/local_setup.dsv
[0.717s] -- Installing: /home/om/slambot/install/new_robot_description/share/new_robot_description/package.dsv
[0.717s] -- Installing: /home/om/slambot/install/new_robot_description/share/ament_index/resource_index/packages/new_robot_description
[0.718s] -- Installing: /home/om/slambot/install/new_robot_description/share/new_robot_description/cmake/new_robot_descriptionConfig.cmake
[0.718s] -- Installing: /home/om/slambot/install/new_robot_description/share/new_robot_description/cmake/new_robot_descriptionConfig-version.cmake
[0.718s] -- Installing: /home/om/slambot/install/new_robot_description/share/new_robot_description/package.xml
[0.724s] Invoked command in '/home/om/slambot/build/new_robot_description' returned '0': CMAKE_PREFIX_PATH=/opt/ros/humble /usr/bin/cmake --install /home/om/slambot/build/new_robot_description
