[0.051s] Invoking command in '/home/om/slambot/build/bumperbot_controller': CMAKE_PREFIX_PATH=${CMAKE_PREFIX_PATH}:/opt/ros/humble /usr/bin/cmake --build /home/om/slambot/build/bumperbot_controller -- -j8 -l8
[0.190s] [  0%] Built target ament_cmake_python_copy_bumperbot_controller
[0.212s] [ 50%] Built target noisy_controller
[0.227s] [100%] Built target simple_controller
[0.574s] running egg_info
[0.596s] writing bumperbot_controller.egg-info/PKG-INFO
[0.596s] writing dependency_links to bumperbot_controller.egg-info/dependency_links.txt
[0.596s] writing top-level names to bumperbot_controller.egg-info/top_level.txt
[0.596s] reading manifest file 'bumperbot_controller.egg-info/SOURCES.txt'
[0.596s] writing manifest file 'bumperbot_controller.egg-info/SOURCES.txt'
[0.675s] [100%] Built target ament_cmake_python_build_bumperbot_controller_egg
[0.709s] Invoked command in '/home/om/slambot/build/bumperbot_controller' returned '0': CMAKE_PREFIX_PATH=${CMAKE_PREFIX_PATH}:/opt/ros/humble /usr/bin/cmake --build /home/om/slambot/build/bumperbot_controller -- -j8 -l8
[0.756s] Invoking command in '/home/om/slambot/build/bumperbot_controller': CMAKE_PREFIX_PATH=${CMAKE_PREFIX_PATH}:/opt/ros/humble /usr/bin/cmake --install /home/om/slambot/build/bumperbot_controller
[0.768s] -- Install configuration: ""
[0.770s] -- Up-to-date: /home/om/slambot/install/bumperbot_controller/share/bumperbot_controller/environment/pythonpath.sh
[0.770s] -- Up-to-date: /home/om/slambot/install/bumperbot_controller/share/bumperbot_controller/environment/pythonpath.dsv
[0.770s] -- Up-to-date: /home/om/slambot/install/bumperbot_controller/local/lib/python3.10/dist-packages/bumperbot_controller-0.0.0-py3.10.egg-info
[0.770s] -- Installing: /home/om/slambot/install/bumperbot_controller/local/lib/python3.10/dist-packages/bumperbot_controller-0.0.0-py3.10.egg-info/PKG-INFO
[0.770s] -- Installing: /home/om/slambot/install/bumperbot_controller/local/lib/python3.10/dist-packages/bumperbot_controller-0.0.0-py3.10.egg-info/dependency_links.txt
[0.771s] -- Installing: /home/om/slambot/install/bumperbot_controller/local/lib/python3.10/dist-packages/bumperbot_controller-0.0.0-py3.10.egg-info/SOURCES.txt
[0.771s] -- Installing: /home/om/slambot/install/bumperbot_controller/local/lib/python3.10/dist-packages/bumperbot_controller-0.0.0-py3.10.egg-info/top_level.txt
[0.771s] -- Up-to-date: /home/om/slambot/install/bumperbot_controller/local/lib/python3.10/dist-packages/bumperbot_controller
[0.771s] -- Up-to-date: /home/om/slambot/install/bumperbot_controller/local/lib/python3.10/dist-packages/bumperbot_controller/simple_controller.py
[0.771s] -- Up-to-date: /home/om/slambot/install/bumperbot_controller/local/lib/python3.10/dist-packages/bumperbot_controller/noisy_controller.py
[0.771s] -- Up-to-date: /home/om/slambot/install/bumperbot_controller/local/lib/python3.10/dist-packages/bumperbot_controller/__init__.py
[0.814s] Listing '/home/om/slambot/install/bumperbot_controller/local/lib/python3.10/dist-packages/bumperbot_controller'...
[0.824s] -- Up-to-date: /home/om/slambot/install/bumperbot_controller/include/include
[0.824s] -- Up-to-date: /home/om/slambot/install/bumperbot_controller/include/include/bumperbot_controller
[0.825s] -- Up-to-date: /home/om/slambot/install/bumperbot_controller/include/include/bumperbot_controller/simple_controller.hpp
[0.825s] -- Up-to-date: /home/om/slambot/install/bumperbot_controller/include/include/bumperbot_controller/noisy_controller.hpp
[0.825s] -- Up-to-date: /home/om/slambot/install/bumperbot_controller/lib/bumperbot_controller/simple_controller
[0.825s] -- Up-to-date: /home/om/slambot/install/bumperbot_controller/lib/bumperbot_controller/noisy_controller
[0.825s] -- Up-to-date: /home/om/slambot/install/bumperbot_controller/share/bumperbot_controller/launch
[0.825s] -- Up-to-date: /home/om/slambot/install/bumperbot_controller/share/bumperbot_controller/launch/controller.launch.py
[0.825s] -- Up-to-date: /home/om/slambot/install/bumperbot_controller/share/bumperbot_controller/launch/joystick_teleop.launch.py
[0.825s] -- Up-to-date: /home/om/slambot/install/bumperbot_controller/share/bumperbot_controller/config
[0.829s] -- Up-to-date: /home/om/slambot/install/bumperbot_controller/share/bumperbot_controller/config/bumperbot_controllers.yaml
[0.829s] -- Up-to-date: /home/om/slambot/install/bumperbot_controller/share/bumperbot_controller/config/joy_config.yaml
[0.829s] -- Up-to-date: /home/om/slambot/install/bumperbot_controller/share/bumperbot_controller/config/joy_teleop.yaml
[0.829s] -- Up-to-date: /home/om/slambot/install/bumperbot_controller/lib/bumperbot_controller/simple_controller.py
[0.830s] -- Up-to-date: /home/om/slambot/install/bumperbot_controller/lib/bumperbot_controller/noisy_controller.py
[0.830s] -- Up-to-date: /home/om/slambot/install/bumperbot_controller/share/ament_index/resource_index/package_run_dependencies/bumperbot_controller
[0.830s] -- Up-to-date: /home/om/slambot/install/bumperbot_controller/share/ament_index/resource_index/parent_prefix_path/bumperbot_controller
[0.830s] -- Up-to-date: /home/om/slambot/install/bumperbot_controller/share/bumperbot_controller/environment/ament_prefix_path.sh
[0.830s] -- Up-to-date: /home/om/slambot/install/bumperbot_controller/share/bumperbot_controller/environment/ament_prefix_path.dsv
[0.830s] -- Up-to-date: /home/om/slambot/install/bumperbot_controller/share/bumperbot_controller/environment/path.sh
[0.830s] -- Up-to-date: /home/om/slambot/install/bumperbot_controller/share/bumperbot_controller/environment/path.dsv
[0.831s] -- Up-to-date: /home/om/slambot/install/bumperbot_controller/share/bumperbot_controller/local_setup.bash
[0.831s] -- Up-to-date: /home/om/slambot/install/bumperbot_controller/share/bumperbot_controller/local_setup.sh
[0.831s] -- Up-to-date: /home/om/slambot/install/bumperbot_controller/share/bumperbot_controller/local_setup.zsh
[0.831s] -- Up-to-date: /home/om/slambot/install/bumperbot_controller/share/bumperbot_controller/local_setup.dsv
[0.831s] -- Up-to-date: /home/om/slambot/install/bumperbot_controller/share/bumperbot_controller/package.dsv
[0.831s] -- Up-to-date: /home/om/slambot/install/bumperbot_controller/share/ament_index/resource_index/packages/bumperbot_controller
[0.831s] -- Up-to-date: /home/om/slambot/install/bumperbot_controller/share/bumperbot_controller/cmake/bumperbot_controllerConfig.cmake
[0.831s] -- Up-to-date: /home/om/slambot/install/bumperbot_controller/share/bumperbot_controller/cmake/bumperbot_controllerConfig-version.cmake
[0.831s] -- Up-to-date: /home/om/slambot/install/bumperbot_controller/share/bumperbot_controller/package.xml
[0.835s] Invoked command in '/home/om/slambot/build/bumperbot_controller' returned '0': CMAKE_PREFIX_PATH=${CMAKE_PREFIX_PATH}:/opt/ros/humble /usr/bin/cmake --install /home/om/slambot/build/bumperbot_controller
