[0.051s] Invoking command in '/home/om/slambot/build/bumperbot_firmware': CMAKE_PREFIX_PATH=${CMAKE_PREFIX_PATH}:/opt/ros/humble /usr/bin/cmake --build /home/om/slambot/build/bumperbot_firmware -- -j8 -l8
[0.183s] [ 33%] Built target simple_serial_receiver
[0.197s] [ 33%] Built target ament_cmake_python_copy_bumperbot_firmware
[0.198s] [ 66%] Built target simple_serial_transmitter
[0.201s] [100%] Built target bumperbot_firmware
[0.544s] running egg_info
[0.546s] writing bumperbot_firmware.egg-info/PKG-INFO
[0.548s] writing dependency_links to bumperbot_firmware.egg-info/dependency_links.txt
[0.548s] writing top-level names to bumperbot_firmware.egg-info/top_level.txt
[0.552s] reading manifest file 'bumperbot_firmware.egg-info/SOURCES.txt'
[0.554s] writing manifest file 'bumperbot_firmware.egg-info/SOURCES.txt'
[0.657s] [100%] Built target ament_cmake_python_build_bumperbot_firmware_egg
[0.689s] Invoked command in '/home/om/slambot/build/bumperbot_firmware' returned '0': CMAKE_PREFIX_PATH=${CMAKE_PREFIX_PATH}:/opt/ros/humble /usr/bin/cmake --build /home/om/slambot/build/bumperbot_firmware -- -j8 -l8
[0.755s] Invoking command in '/home/om/slambot/build/bumperbot_firmware': CMAKE_PREFIX_PATH=${CMAKE_PREFIX_PATH}:/opt/ros/humble /usr/bin/cmake --install /home/om/slambot/build/bumperbot_firmware
[0.778s] -- Install configuration: ""
[0.778s] -- Up-to-date: /home/om/slambot/install/bumperbot_firmware/share/bumperbot_firmware/environment/pythonpath.sh
[0.778s] -- Up-to-date: /home/om/slambot/install/bumperbot_firmware/share/bumperbot_firmware/environment/pythonpath.dsv
[0.778s] -- Up-to-date: /home/om/slambot/install/bumperbot_firmware/local/lib/python3.10/dist-packages/bumperbot_firmware-0.0.0-py3.10.egg-info
[0.778s] -- Installing: /home/om/slambot/install/bumperbot_firmware/local/lib/python3.10/dist-packages/bumperbot_firmware-0.0.0-py3.10.egg-info/PKG-INFO
[0.778s] -- Installing: /home/om/slambot/install/bumperbot_firmware/local/lib/python3.10/dist-packages/bumperbot_firmware-0.0.0-py3.10.egg-info/dependency_links.txt
[0.778s] -- Installing: /home/om/slambot/install/bumperbot_firmware/local/lib/python3.10/dist-packages/bumperbot_firmware-0.0.0-py3.10.egg-info/SOURCES.txt
[0.778s] -- Installing: /home/om/slambot/install/bumperbot_firmware/local/lib/python3.10/dist-packages/bumperbot_firmware-0.0.0-py3.10.egg-info/top_level.txt
[0.778s] -- Up-to-date: /home/om/slambot/install/bumperbot_firmware/local/lib/python3.10/dist-packages/bumperbot_firmware
[0.778s] -- Up-to-date: /home/om/slambot/install/bumperbot_firmware/local/lib/python3.10/dist-packages/bumperbot_firmware/__init__.py
[0.778s] -- Up-to-date: /home/om/slambot/install/bumperbot_firmware/local/lib/python3.10/dist-packages/bumperbot_firmware/simple_serial_receiver.py
[0.778s] -- Up-to-date: /home/om/slambot/install/bumperbot_firmware/local/lib/python3.10/dist-packages/bumperbot_firmware/simple_serial_transmitter.py
[0.814s] Listing '/home/om/slambot/install/bumperbot_firmware/local/lib/python3.10/dist-packages/bumperbot_firmware'...
[0.833s] -- Up-to-date: /home/om/slambot/install/bumperbot_firmware/share/bumperbot_firmware/bumperbot_interface.xml
[0.835s] -- Up-to-date: /home/om/slambot/install/bumperbot_firmware/lib/libbumperbot_firmware.so
[0.835s] -- Up-to-date: /home/om/slambot/install/bumperbot_firmware/include/include
[0.835s] -- Up-to-date: /home/om/slambot/install/bumperbot_firmware/include/include/bumperbot_firmware
[0.835s] -- Up-to-date: /home/om/slambot/install/bumperbot_firmware/include/include/bumperbot_firmware/bumperbot_interface.hpp
[0.835s] -- Up-to-date: /home/om/slambot/install/bumperbot_firmware/share/bumperbot_firmware/launch
[0.835s] -- Up-to-date: /home/om/slambot/install/bumperbot_firmware/share/bumperbot_firmware/launch/hardware_interface.launch.py
[0.835s] -- Up-to-date: /home/om/slambot/install/bumperbot_firmware/lib/bumperbot_firmware/simple_serial_transmitter.py
[0.835s] -- Up-to-date: /home/om/slambot/install/bumperbot_firmware/lib/bumperbot_firmware/simple_serial_receiver.py
[0.835s] -- Up-to-date: /home/om/slambot/install/bumperbot_firmware/lib/bumperbot_firmware/simple_serial_receiver
[0.836s] -- Up-to-date: /home/om/slambot/install/bumperbot_firmware/lib/bumperbot_firmware/simple_serial_transmitter
[0.836s] -- Up-to-date: /home/om/slambot/install/bumperbot_firmware/share/bumperbot_firmware/environment/library_path.sh
[0.836s] -- Up-to-date: /home/om/slambot/install/bumperbot_firmware/share/bumperbot_firmware/environment/library_path.dsv
[0.836s] -- Up-to-date: /home/om/slambot/install/bumperbot_firmware/share/ament_index/resource_index/package_run_dependencies/bumperbot_firmware
[0.836s] -- Up-to-date: /home/om/slambot/install/bumperbot_firmware/share/ament_index/resource_index/parent_prefix_path/bumperbot_firmware
[0.837s] -- Up-to-date: /home/om/slambot/install/bumperbot_firmware/share/bumperbot_firmware/environment/ament_prefix_path.sh
[0.838s] -- Up-to-date: /home/om/slambot/install/bumperbot_firmware/share/bumperbot_firmware/environment/ament_prefix_path.dsv
[0.838s] -- Up-to-date: /home/om/slambot/install/bumperbot_firmware/share/bumperbot_firmware/environment/path.sh
[0.838s] -- Up-to-date: /home/om/slambot/install/bumperbot_firmware/share/bumperbot_firmware/environment/path.dsv
[0.838s] -- Up-to-date: /home/om/slambot/install/bumperbot_firmware/share/bumperbot_firmware/local_setup.bash
[0.838s] -- Up-to-date: /home/om/slambot/install/bumperbot_firmware/share/bumperbot_firmware/local_setup.sh
[0.838s] -- Up-to-date: /home/om/slambot/install/bumperbot_firmware/share/bumperbot_firmware/local_setup.zsh
[0.838s] -- Up-to-date: /home/om/slambot/install/bumperbot_firmware/share/bumperbot_firmware/local_setup.dsv
[0.838s] -- Installing: /home/om/slambot/install/bumperbot_firmware/share/bumperbot_firmware/package.dsv
[0.839s] -- Up-to-date: /home/om/slambot/install/bumperbot_firmware/share/ament_index/resource_index/packages/bumperbot_firmware
[0.842s] -- Up-to-date: /home/om/slambot/install/bumperbot_firmware/share/ament_index/resource_index/hardware_interface__pluginlib__plugin/bumperbot_firmware
[0.843s] -- Up-to-date: /home/om/slambot/install/bumperbot_firmware/share/bumperbot_firmware/cmake/ament_cmake_export_include_directories-extras.cmake
[0.843s] -- Up-to-date: /home/om/slambot/install/bumperbot_firmware/share/bumperbot_firmware/cmake/ament_cmake_export_libraries-extras.cmake
[0.845s] -- Up-to-date: /home/om/slambot/install/bumperbot_firmware/share/bumperbot_firmware/cmake/ament_cmake_export_dependencies-extras.cmake
[0.845s] -- Up-to-date: /home/om/slambot/install/bumperbot_firmware/share/bumperbot_firmware/cmake/bumperbot_firmwareConfig.cmake
[0.845s] -- Up-to-date: /home/om/slambot/install/bumperbot_firmware/share/bumperbot_firmware/cmake/bumperbot_firmwareConfig-version.cmake
[0.845s] -- Up-to-date: /home/om/slambot/install/bumperbot_firmware/share/bumperbot_firmware/package.xml
[0.869s] Invoked command in '/home/om/slambot/build/bumperbot_firmware' returned '0': CMAKE_PREFIX_PATH=${CMAKE_PREFIX_PATH}:/opt/ros/humble /usr/bin/cmake --install /home/om/slambot/build/bumperbot_firmware
