[0.023s] Invoking command in '/home/om/slambot/build/bumperbot_description': CMAKE_PREFIX_PATH=/opt/ros/humble /usr/bin/cmake /home/om/slambot/src/bumperbot_description -DCMAKE_INSTALL_PREFIX=/home/om/slambot/install/bumperbot_description
[0.150s] -- The C compiler identification is GNU 11.4.0
[0.281s] -- The CXX compiler identification is GNU 11.4.0
[0.291s] -- Detecting C compiler ABI info
[0.374s] -- Detecting C compiler ABI info - done
[0.385s] -- Check for working C compiler: /usr/bin/cc - skipped
[0.385s] -- Detecting C compile features
[0.385s] -- Detecting C compile features - done
[0.390s] -- Detecting CXX compiler ABI info
[0.495s] -- Detecting CXX compiler ABI info - done
[0.503s] -- Check for working CXX compiler: /usr/bin/c++ - skipped
[0.503s] -- Detecting CXX compile features
[0.503s] -- Detecting CXX compile features - done
[0.506s] -- Found ament_cmake: 1.3.9 (/opt/ros/humble/share/ament_cmake/cmake)
[0.679s] -- Found Python3: /usr/bin/python3 (found version "3.10.12") found components: Interpreter 
[0.838s] -- Found urdf: 2.6.0 (/opt/ros/humble/share/urdf/cmake)
[0.911s] -- Found ament_lint_auto: 0.12.11 (/opt/ros/humble/share/ament_lint_auto/cmake)
[0.997s] -- Added test 'copyright' to check source files copyright and LICENSE
[1.001s] -- Added test 'flake8' to check Python code syntax and style conventions
[1.003s] -- Added test 'lint_cmake' to check CMake code style
[1.003s] -- Added test 'pep257' to check Python code against some of the docstring style conventions in PEP 257
[1.005s] -- Added test 'xmllint' to check XML markup files
[1.006s] -- Configuring done
[1.008s] -- Generating done
[1.009s] -- Build files have been written to: /home/om/slambot/build/bumperbot_description
[1.035s] Invoked command in '/home/om/slambot/build/bumperbot_description' returned '0': CMAKE_PREFIX_PATH=/opt/ros/humble /usr/bin/cmake /home/om/slambot/src/bumperbot_description -DCMAKE_INSTALL_PREFIX=/home/om/slambot/install/bumperbot_description
[1.036s] Invoking command in '/home/om/slambot/build/bumperbot_description': CMAKE_PREFIX_PATH=/opt/ros/humble /usr/bin/cmake --build /home/om/slambot/build/bumperbot_description -- -j8 -l8
[1.071s] Invoked command in '/home/om/slambot/build/bumperbot_description' returned '0': CMAKE_PREFIX_PATH=/opt/ros/humble /usr/bin/cmake --build /home/om/slambot/build/bumperbot_description -- -j8 -l8
[1.114s] Invoking command in '/home/om/slambot/build/bumperbot_description': CMAKE_PREFIX_PATH=/opt/ros/humble /usr/bin/cmake --install /home/om/slambot/build/bumperbot_description
[1.120s] -- Install configuration: ""
[1.121s] -- Installing: /home/om/slambot/install/bumperbot_description/share/bumperbot_description/launch
[1.121s] -- Installing: /home/om/slambot/install/bumperbot_description/share/bumperbot_description/launch/gazebo.launch.py
[1.121s] -- Installing: /home/om/slambot/install/bumperbot_description/share/bumperbot_description/launch/display.launch.py
[1.121s] -- Installing: /home/om/slambot/install/bumperbot_description/share/bumperbot_description/meshes
[1.121s] -- Installing: /home/om/slambot/install/bumperbot_description/share/bumperbot_description/meshes/wheel_left_link.STL
[1.125s] -- Installing: /home/om/slambot/install/bumperbot_description/share/bumperbot_description/meshes/imu_link.STL
[1.126s] -- Installing: /home/om/slambot/install/bumperbot_description/share/bumperbot_description/meshes/caster_front_link.STL
[1.127s] -- Installing: /home/om/slambot/install/bumperbot_description/share/bumperbot_description/meshes/base_link.STL
[1.147s] -- Installing: /home/om/slambot/install/bumperbot_description/share/bumperbot_description/meshes/wheel_right_link.STL
[1.150s] -- Installing: /home/om/slambot/install/bumperbot_description/share/bumperbot_description/meshes/caster_rear_link.STL
[1.152s] -- Installing: /home/om/slambot/install/bumperbot_description/share/bumperbot_description/models
[1.152s] -- Installing: /home/om/slambot/install/bumperbot_description/share/bumperbot_description/models/ground_plane
[1.152s] -- Installing: /home/om/slambot/install/bumperbot_description/share/bumperbot_description/models/ground_plane/model.sdf
[1.152s] -- Installing: /home/om/slambot/install/bumperbot_description/share/bumperbot_description/models/ground_plane/model-1_4.sdf
[1.152s] -- Installing: /home/om/slambot/install/bumperbot_description/share/bumperbot_description/models/ground_plane/model.config
[1.152s] -- Installing: /home/om/slambot/install/bumperbot_description/share/bumperbot_description/models/ground_plane/model-1_3.sdf
[1.152s] -- Installing: /home/om/slambot/install/bumperbot_description/share/bumperbot_description/models/ground_plane/model-1_2.sdf
[1.152s] -- Installing: /home/om/slambot/install/bumperbot_description/share/bumperbot_description/models/sun
[1.153s] -- Installing: /home/om/slambot/install/bumperbot_description/share/bumperbot_description/models/sun/model.sdf
[1.153s] -- Installing: /home/om/slambot/install/bumperbot_description/share/bumperbot_description/models/sun/model-1_4.sdf
[1.153s] -- Installing: /home/om/slambot/install/bumperbot_description/share/bumperbot_description/models/sun/model.config
[1.153s] -- Installing: /home/om/slambot/install/bumperbot_description/share/bumperbot_description/models/sun/model-1_3.sdf
[1.153s] -- Installing: /home/om/slambot/install/bumperbot_description/share/bumperbot_description/models/sun/model-1_2.sdf
[1.154s] -- Installing: /home/om/slambot/install/bumperbot_description/share/bumperbot_description/urdf
[1.154s] -- Installing: /home/om/slambot/install/bumperbot_description/share/bumperbot_description/urdf/bumperbot_ros2_control.xacro
[1.154s] -- Installing: /home/om/slambot/install/bumperbot_description/share/bumperbot_description/urdf/bumperbot.urdf.xacro
[1.154s] -- Installing: /home/om/slambot/install/bumperbot_description/share/bumperbot_description/urdf/bumperbot_gazebo.xacro
[1.154s] -- Installing: /home/om/slambot/install/bumperbot_description/share/bumperbot_description/rviz
[1.154s] -- Installing: /home/om/slambot/install/bumperbot_description/share/bumperbot_description/rviz/display.rviz
[1.155s] -- Installing: /home/om/slambot/install/bumperbot_description/share/ament_index/resource_index/package_run_dependencies/bumperbot_description
[1.155s] -- Installing: /home/om/slambot/install/bumperbot_description/share/ament_index/resource_index/parent_prefix_path/bumperbot_description
[1.155s] -- Installing: /home/om/slambot/install/bumperbot_description/share/bumperbot_description/environment/ament_prefix_path.sh
[1.155s] -- Installing: /home/om/slambot/install/bumperbot_description/share/bumperbot_description/environment/ament_prefix_path.dsv
[1.155s] -- Installing: /home/om/slambot/install/bumperbot_description/share/bumperbot_description/environment/path.sh
[1.155s] -- Installing: /home/om/slambot/install/bumperbot_description/share/bumperbot_description/environment/path.dsv
[1.155s] -- Installing: /home/om/slambot/install/bumperbot_description/share/bumperbot_description/local_setup.bash
[1.155s] -- Installing: /home/om/slambot/install/bumperbot_description/share/bumperbot_description/local_setup.sh
[1.155s] -- Installing: /home/om/slambot/install/bumperbot_description/share/bumperbot_description/local_setup.zsh
[1.156s] -- Installing: /home/om/slambot/install/bumperbot_description/share/bumperbot_description/local_setup.dsv
[1.156s] -- Installing: /home/om/slambot/install/bumperbot_description/share/bumperbot_description/package.dsv
[1.156s] -- Installing: /home/om/slambot/install/bumperbot_description/share/ament_index/resource_index/packages/bumperbot_description
[1.156s] -- Installing: /home/om/slambot/install/bumperbot_description/share/bumperbot_description/cmake/bumperbot_descriptionConfig.cmake
[1.156s] -- Installing: /home/om/slambot/install/bumperbot_description/share/bumperbot_description/cmake/bumperbot_descriptionConfig-version.cmake
[1.156s] -- Installing: /home/om/slambot/install/bumperbot_description/share/bumperbot_description/package.xml
[1.165s] Invoked command in '/home/om/slambot/build/bumperbot_description' returned '0': CMAKE_PREFIX_PATH=/opt/ros/humble /usr/bin/cmake --install /home/om/slambot/build/bumperbot_description
