[0.048s] Invoking command in '/home/om/slambot/build/bumperbot_localization': CMAKE_PREFIX_PATH=${CMAKE_PREFIX_PATH}:/home/om/slambot/install/bumperbot_py_examples:/opt/ros/humble /usr/bin/cmake --build /home/om/slambot/build/bumperbot_localization -- -j8 -l8
[0.197s] [ 50%] Built target kalman_filter
[0.213s] [100%] Built target imu_republisher
[0.227s] [100%] Built target ament_cmake_python_copy_bumperbot_localization
[0.647s] running egg_info
[0.648s] writing bumperbot_localization.egg-info/PKG-INFO
[0.649s] writing dependency_links to bumperbot_localization.egg-info/dependency_links.txt
[0.649s] writing top-level names to bumperbot_localization.egg-info/top_level.txt
[0.655s] reading manifest file 'bumperbot_localization.egg-info/SOURCES.txt'
[0.656s] writing manifest file 'bumperbot_localization.egg-info/SOURCES.txt'
[0.749s] [100%] Built target ament_cmake_python_build_bumperbot_localization_egg
[0.789s] Invoked command in '/home/om/slambot/build/bumperbot_localization' returned '0': CMAKE_PREFIX_PATH=${CMAKE_PREFIX_PATH}:/home/om/slambot/install/bumperbot_py_examples:/opt/ros/humble /usr/bin/cmake --build /home/om/slambot/build/bumperbot_localization -- -j8 -l8
[0.850s] Invoking command in '/home/om/slambot/build/bumperbot_localization': CMAKE_PREFIX_PATH=${CMAKE_PREFIX_PATH}:/home/om/slambot/install/bumperbot_py_examples:/opt/ros/humble /usr/bin/cmake --install /home/om/slambot/build/bumperbot_localization
[0.858s] -- Install configuration: ""
[0.858s] -- Up-to-date: /home/om/slambot/install/bumperbot_localization/share/bumperbot_localization/environment/pythonpath.sh
[0.858s] -- Up-to-date: /home/om/slambot/install/bumperbot_localization/share/bumperbot_localization/environment/pythonpath.dsv
[0.858s] -- Up-to-date: /home/om/slambot/install/bumperbot_localization/local/lib/python3.10/dist-packages/bumperbot_localization-0.0.0-py3.10.egg-info
[0.859s] -- Installing: /home/om/slambot/install/bumperbot_localization/local/lib/python3.10/dist-packages/bumperbot_localization-0.0.0-py3.10.egg-info/PKG-INFO
[0.859s] -- Installing: /home/om/slambot/install/bumperbot_localization/local/lib/python3.10/dist-packages/bumperbot_localization-0.0.0-py3.10.egg-info/dependency_links.txt
[0.859s] -- Installing: /home/om/slambot/install/bumperbot_localization/local/lib/python3.10/dist-packages/bumperbot_localization-0.0.0-py3.10.egg-info/SOURCES.txt
[0.859s] -- Installing: /home/om/slambot/install/bumperbot_localization/local/lib/python3.10/dist-packages/bumperbot_localization-0.0.0-py3.10.egg-info/top_level.txt
[0.859s] -- Up-to-date: /home/om/slambot/install/bumperbot_localization/local/lib/python3.10/dist-packages/bumperbot_localization
[0.859s] -- Up-to-date: /home/om/slambot/install/bumperbot_localization/local/lib/python3.10/dist-packages/bumperbot_localization/__init__.py
[0.859s] -- Up-to-date: /home/om/slambot/install/bumperbot_localization/local/lib/python3.10/dist-packages/bumperbot_localization/kalman_filter.py
[0.859s] -- Up-to-date: /home/om/slambot/install/bumperbot_localization/local/lib/python3.10/dist-packages/bumperbot_localization/imu_republisher.py
[0.906s] Listing '/home/om/slambot/install/bumperbot_localization/local/lib/python3.10/dist-packages/bumperbot_localization'...
[0.913s] -- Up-to-date: /home/om/slambot/install/bumperbot_localization/include/include
[0.914s] -- Up-to-date: /home/om/slambot/install/bumperbot_localization/include/include/bumperbot_localization
[0.914s] -- Up-to-date: /home/om/slambot/install/bumperbot_localization/include/include/bumperbot_localization/kalman_filter.hpp
[0.914s] -- Up-to-date: /home/om/slambot/install/bumperbot_localization/lib/bumperbot_localization/kalman_filter
[0.914s] -- Up-to-date: /home/om/slambot/install/bumperbot_localization/lib/bumperbot_localization/imu_republisher
[0.914s] -- Up-to-date: /home/om/slambot/install/bumperbot_localization/share/bumperbot_localization/launch
[0.914s] -- Up-to-date: /home/om/slambot/install/bumperbot_localization/share/bumperbot_localization/launch/local_localization.launch.py
[0.914s] -- Up-to-date: /home/om/slambot/install/bumperbot_localization/share/bumperbot_localization/config
[0.914s] -- Up-to-date: /home/om/slambot/install/bumperbot_localization/share/bumperbot_localization/config/ekf.yaml
[0.914s] -- Up-to-date: /home/om/slambot/install/bumperbot_localization/lib/bumperbot_localization/kalman_filter.py
[0.914s] -- Up-to-date: /home/om/slambot/install/bumperbot_localization/lib/bumperbot_localization/imu_republisher.py
[0.914s] -- Up-to-date: /home/om/slambot/install/bumperbot_localization/share/ament_index/resource_index/package_run_dependencies/bumperbot_localization
[0.914s] -- Up-to-date: /home/om/slambot/install/bumperbot_localization/share/ament_index/resource_index/parent_prefix_path/bumperbot_localization
[0.915s] -- Up-to-date: /home/om/slambot/install/bumperbot_localization/share/bumperbot_localization/environment/ament_prefix_path.sh
[0.915s] -- Up-to-date: /home/om/slambot/install/bumperbot_localization/share/bumperbot_localization/environment/ament_prefix_path.dsv
[0.915s] -- Up-to-date: /home/om/slambot/install/bumperbot_localization/share/bumperbot_localization/environment/path.sh
[0.915s] -- Up-to-date: /home/om/slambot/install/bumperbot_localization/share/bumperbot_localization/environment/path.dsv
[0.915s] -- Up-to-date: /home/om/slambot/install/bumperbot_localization/share/bumperbot_localization/local_setup.bash
[0.915s] -- Up-to-date: /home/om/slambot/install/bumperbot_localization/share/bumperbot_localization/local_setup.sh
[0.915s] -- Up-to-date: /home/om/slambot/install/bumperbot_localization/share/bumperbot_localization/local_setup.zsh
[0.915s] -- Up-to-date: /home/om/slambot/install/bumperbot_localization/share/bumperbot_localization/local_setup.dsv
[0.915s] -- Installing: /home/om/slambot/install/bumperbot_localization/share/bumperbot_localization/package.dsv
[0.915s] -- Up-to-date: /home/om/slambot/install/bumperbot_localization/share/ament_index/resource_index/packages/bumperbot_localization
[0.915s] -- Up-to-date: /home/om/slambot/install/bumperbot_localization/share/bumperbot_localization/cmake/bumperbot_localizationConfig.cmake
[0.915s] -- Up-to-date: /home/om/slambot/install/bumperbot_localization/share/bumperbot_localization/cmake/bumperbot_localizationConfig-version.cmake
[0.915s] -- Up-to-date: /home/om/slambot/install/bumperbot_localization/share/bumperbot_localization/package.xml
[0.947s] Invoked command in '/home/om/slambot/build/bumperbot_localization' returned '0': CMAKE_PREFIX_PATH=${CMAKE_PREFIX_PATH}:/home/om/slambot/install/bumperbot_py_examples:/opt/ros/humble /usr/bin/cmake --install /home/om/slambot/build/bumperbot_localization
