[0.043s] Invoking command in '/home/om/slambot/build/new_robot_firmware': CMAKE_PREFIX_PATH=/opt/ros/humble /usr/bin/cmake --build /home/om/slambot/build/new_robot_firmware -- -j8 -l8
[0.186s] Invoked command in '/home/om/slambot/build/new_robot_firmware' returned '0': CMAKE_PREFIX_PATH=/opt/ros/humble /usr/bin/cmake --build /home/om/slambot/build/new_robot_firmware -- -j8 -l8
[0.347s] Invoking command in '/home/om/slambot/build/new_robot_firmware': CMAKE_PREFIX_PATH=/opt/ros/humble /usr/bin/cmake --install /home/om/slambot/build/new_robot_firmware
[0.365s] -- Install configuration: ""
[0.365s] -- Up-to-date: /home/om/slambot/install/new_robot_firmware/share/ament_index/resource_index/package_run_dependencies/new_robot_firmware
[0.365s] -- Up-to-date: /home/om/slambot/install/new_robot_firmware/share/ament_index/resource_index/parent_prefix_path/new_robot_firmware
[0.365s] -- Up-to-date: /home/om/slambot/install/new_robot_firmware/share/new_robot_firmware/environment/ament_prefix_path.sh
[0.365s] -- Up-to-date: /home/om/slambot/install/new_robot_firmware/share/new_robot_firmware/environment/ament_prefix_path.dsv
[0.365s] -- Up-to-date: /home/om/slambot/install/new_robot_firmware/share/new_robot_firmware/environment/path.sh
[0.365s] -- Up-to-date: /home/om/slambot/install/new_robot_firmware/share/new_robot_firmware/environment/path.dsv
[0.365s] -- Up-to-date: /home/om/slambot/install/new_robot_firmware/share/new_robot_firmware/local_setup.bash
[0.366s] -- Up-to-date: /home/om/slambot/install/new_robot_firmware/share/new_robot_firmware/local_setup.sh
[0.366s] -- Up-to-date: /home/om/slambot/install/new_robot_firmware/share/new_robot_firmware/local_setup.zsh
[0.366s] -- Up-to-date: /home/om/slambot/install/new_robot_firmware/share/new_robot_firmware/local_setup.dsv
[0.366s] -- Installing: /home/om/slambot/install/new_robot_firmware/share/new_robot_firmware/package.dsv
[0.366s] -- Up-to-date: /home/om/slambot/install/new_robot_firmware/share/ament_index/resource_index/packages/new_robot_firmware
[0.366s] -- Up-to-date: /home/om/slambot/install/new_robot_firmware/share/new_robot_firmware/cmake/new_robot_firmwareConfig.cmake
[0.366s] -- Up-to-date: /home/om/slambot/install/new_robot_firmware/share/new_robot_firmware/cmake/new_robot_firmwareConfig-version.cmake
[0.366s] -- Up-to-date: /home/om/slambot/install/new_robot_firmware/share/new_robot_firmware/package.xml
[0.378s] Invoked command in '/home/om/slambot/build/new_robot_firmware' returned '0': CMAKE_PREFIX_PATH=/opt/ros/humble /usr/bin/cmake --install /home/om/slambot/build/new_robot_firmware
