[0.028s] Invoking command in '/home/om/slambot/build/bumperbot_controller': CMAKE_PREFIX_PATH=/opt/ros/humble /usr/bin/cmake --build /home/om/slambot/build/bumperbot_controller -- -j8 -l8
[0.071s] [35m[1mConsolidate compiler generated dependencies of target simple_controller[0m
[0.084s] [35m[1mConsolidate compiler generated dependencies of target noisy_controller[0m
[0.102s] [ 50%] Built target simple_controller
[0.114s] [100%] Built target noisy_controller
[0.124s] [100%] Built target ament_cmake_python_copy_bumperbot_controller
[0.403s] running egg_info
[0.404s] writing bumperbot_controller.egg-info/PKG-INFO
[0.404s] writing dependency_links to bumperbot_controller.egg-info/dependency_links.txt
[0.404s] writing top-level names to bumperbot_controller.egg-info/top_level.txt
[0.408s] reading manifest file 'bumperbot_controller.egg-info/SOURCES.txt'
[0.410s] writing manifest file 'bumperbot_controller.egg-info/SOURCES.txt'
[0.460s] [100%] Built target ament_cmake_python_build_bumperbot_controller_egg
[0.471s] Invoked command in '/home/om/slambot/build/bumperbot_controller' returned '0': CMAKE_PREFIX_PATH=/opt/ros/humble /usr/bin/cmake --build /home/om/slambot/build/bumperbot_controller -- -j8 -l8
[0.501s] Invoking command in '/home/om/slambot/build/bumperbot_controller': CMAKE_PREFIX_PATH=/opt/ros/humble /usr/bin/cmake --install /home/om/slambot/build/bumperbot_controller
[0.512s] -- Install configuration: ""
[0.512s] -- Up-to-date: /home/om/slambot/install/bumperbot_controller/share/bumperbot_controller/environment/pythonpath.sh
[0.512s] -- Up-to-date: /home/om/slambot/install/bumperbot_controller/share/bumperbot_controller/environment/pythonpath.dsv
[0.512s] -- Up-to-date: /home/om/slambot/install/bumperbot_controller/local/lib/python3.10/dist-packages/bumperbot_controller-0.0.0-py3.10.egg-info
[0.512s] -- Installing: /home/om/slambot/install/bumperbot_controller/local/lib/python3.10/dist-packages/bumperbot_controller-0.0.0-py3.10.egg-info/PKG-INFO
[0.512s] -- Installing: /home/om/slambot/install/bumperbot_controller/local/lib/python3.10/dist-packages/bumperbot_controller-0.0.0-py3.10.egg-info/dependency_links.txt
[0.512s] -- Installing: /home/om/slambot/install/bumperbot_controller/local/lib/python3.10/dist-packages/bumperbot_controller-0.0.0-py3.10.egg-info/SOURCES.txt
[0.512s] -- Installing: /home/om/slambot/install/bumperbot_controller/local/lib/python3.10/dist-packages/bumperbot_controller-0.0.0-py3.10.egg-info/top_level.txt
[0.512s] -- Up-to-date: /home/om/slambot/install/bumperbot_controller/local/lib/python3.10/dist-packages/bumperbot_controller
[0.513s] -- Up-to-date: /home/om/slambot/install/bumperbot_controller/local/lib/python3.10/dist-packages/bumperbot_controller/simple_controller.py
[0.513s] -- Up-to-date: /home/om/slambot/install/bumperbot_controller/local/lib/python3.10/dist-packages/bumperbot_controller/noisy_controller.py
[0.513s] -- Up-to-date: /home/om/slambot/install/bumperbot_controller/local/lib/python3.10/dist-packages/bumperbot_controller/__init__.py
[0.536s] Listing '/home/om/slambot/install/bumperbot_controller/local/lib/python3.10/dist-packages/bumperbot_controller'...
[0.548s] -- Up-to-date: /home/om/slambot/install/bumperbot_controller/include/include
[0.548s] -- Up-to-date: /home/om/slambot/install/bumperbot_controller/include/include/bumperbot_controller
[0.548s] -- Up-to-date: /home/om/slambot/install/bumperbot_controller/include/include/bumperbot_controller/simple_controller.hpp
[0.548s] -- Up-to-date: /home/om/slambot/install/bumperbot_controller/include/include/bumperbot_controller/noisy_controller.hpp
[0.548s] -- Up-to-date: /home/om/slambot/install/bumperbot_controller/lib/bumperbot_controller/simple_controller
[0.548s] -- Up-to-date: /home/om/slambot/install/bumperbot_controller/lib/bumperbot_controller/noisy_controller
[0.548s] -- Up-to-date: /home/om/slambot/install/bumperbot_controller/share/bumperbot_controller/launch
[0.548s] -- Up-to-date: /home/om/slambot/install/bumperbot_controller/share/bumperbot_controller/launch/controller.launch.py
[0.548s] -- Up-to-date: /home/om/slambot/install/bumperbot_controller/share/bumperbot_controller/launch/joystick_teleop.launch.py
[0.548s] -- Up-to-date: /home/om/slambot/install/bumperbot_controller/share/bumperbot_controller/config
[0.548s] -- Up-to-date: /home/om/slambot/install/bumperbot_controller/share/bumperbot_controller/config/bumperbot_controllers.yaml
[0.548s] -- Up-to-date: /home/om/slambot/install/bumperbot_controller/share/bumperbot_controller/config/joy_config.yaml
[0.548s] -- Up-to-date: /home/om/slambot/install/bumperbot_controller/share/bumperbot_controller/config/joy_teleop.yaml
[0.548s] -- Up-to-date: /home/om/slambot/install/bumperbot_controller/lib/bumperbot_controller/simple_controller.py
[0.548s] -- Up-to-date: /home/om/slambot/install/bumperbot_controller/lib/bumperbot_controller/noisy_controller.py
[0.548s] -- Up-to-date: /home/om/slambot/install/bumperbot_controller/share/ament_index/resource_index/package_run_dependencies/bumperbot_controller
[0.549s] -- Up-to-date: /home/om/slambot/install/bumperbot_controller/share/ament_index/resource_index/parent_prefix_path/bumperbot_controller
[0.549s] -- Up-to-date: /home/om/slambot/install/bumperbot_controller/share/bumperbot_controller/environment/ament_prefix_path.sh
[0.549s] -- Up-to-date: /home/om/slambot/install/bumperbot_controller/share/bumperbot_controller/environment/ament_prefix_path.dsv
[0.549s] -- Up-to-date: /home/om/slambot/install/bumperbot_controller/share/bumperbot_controller/environment/path.sh
[0.549s] -- Up-to-date: /home/om/slambot/install/bumperbot_controller/share/bumperbot_controller/environment/path.dsv
[0.549s] -- Up-to-date: /home/om/slambot/install/bumperbot_controller/share/bumperbot_controller/local_setup.bash
[0.549s] -- Up-to-date: /home/om/slambot/install/bumperbot_controller/share/bumperbot_controller/local_setup.sh
[0.549s] -- Up-to-date: /home/om/slambot/install/bumperbot_controller/share/bumperbot_controller/local_setup.zsh
[0.550s] -- Up-to-date: /home/om/slambot/install/bumperbot_controller/share/bumperbot_controller/local_setup.dsv
[0.550s] -- Installing: /home/om/slambot/install/bumperbot_controller/share/bumperbot_controller/package.dsv
[0.550s] -- Up-to-date: /home/om/slambot/install/bumperbot_controller/share/ament_index/resource_index/packages/bumperbot_controller
[0.550s] -- Up-to-date: /home/om/slambot/install/bumperbot_controller/share/bumperbot_controller/cmake/bumperbot_controllerConfig.cmake
[0.550s] -- Up-to-date: /home/om/slambot/install/bumperbot_controller/share/bumperbot_controller/cmake/bumperbot_controllerConfig-version.cmake
[0.550s] -- Up-to-date: /home/om/slambot/install/bumperbot_controller/share/bumperbot_controller/package.xml
[0.564s] Invoked command in '/home/om/slambot/build/bumperbot_controller' returned '0': CMAKE_PREFIX_PATH=/opt/ros/humble /usr/bin/cmake --install /home/om/slambot/build/bumperbot_controller
