[0.041s] Invoking command in '/home/om/slambot/build/new_robot_description': CMAKE_PREFIX_PATH=/opt/ros/humble /usr/bin/cmake --build /home/om/slambot/build/new_robot_description -- -j8 -l8
[0.113s] Invoked command in '/home/om/slambot/build/new_robot_description' returned '0': CMAKE_PREFIX_PATH=/opt/ros/humble /usr/bin/cmake --build /home/om/slambot/build/new_robot_description -- -j8 -l8
[0.159s] Invoking command in '/home/om/slambot/build/new_robot_description': CMAKE_PREFIX_PATH=/opt/ros/humble /usr/bin/cmake --install /home/om/slambot/build/new_robot_description
[0.209s] -- Install configuration: ""
[0.210s] -- Up-to-date: /home/om/slambot/install/new_robot_description/share/new_robot_description//urdf
[0.210s] -- Up-to-date: /home/om/slambot/install/new_robot_description/share/new_robot_description//urdf/base_robot.xacro
[0.210s] -- Up-to-date: /home/om/slambot/install/new_robot_description/share/new_robot_description//urdf/common_properties.xacro
[0.212s] -- Up-to-date: /home/om/slambot/install/new_robot_description/share/new_robot_description//urdf/base_robot_gazebo.xacro
[0.214s] -- Up-to-date: /home/om/slambot/install/new_robot_description/share/new_robot_description//urdf/my_robot.urdf.xacro
[0.215s] -- Up-to-date: /home/om/slambot/install/new_robot_description/share/new_robot_description//urdf/ros2_control.xacro
[0.215s] -- Up-to-date: /home/om/slambot/install/new_robot_description/share/new_robot_description//urdf/laser.xacro
[0.216s] -- Up-to-date: /home/om/slambot/install/new_robot_description/share/new_robot_description//launch
[0.216s] -- Up-to-date: /home/om/slambot/install/new_robot_description/share/new_robot_description//launch/gazebo.launch.py
[0.217s] -- Up-to-date: /home/om/slambot/install/new_robot_description/share/new_robot_description//launch/display.launch.py
[0.218s] -- Up-to-date: /home/om/slambot/install/new_robot_description/share/new_robot_description//launch/my_robot.launch.xml
[0.219s] -- Up-to-date: /home/om/slambot/install/new_robot_description/share/new_robot_description//rviz
[0.221s] -- Up-to-date: /home/om/slambot/install/new_robot_description/share/new_robot_description//rviz/urdf_config.rviz
[0.223s] -- Up-to-date: /home/om/slambot/install/new_robot_description/share/new_robot_description//rviz/display.rviz
[0.223s] -- Up-to-date: /home/om/slambot/install/new_robot_description/share/new_robot_description//models
[0.223s] -- Up-to-date: /home/om/slambot/install/new_robot_description/share/new_robot_description//models/ground_plane
[0.223s] -- Up-to-date: /home/om/slambot/install/new_robot_description/share/new_robot_description//models/ground_plane/model.sdf
[0.223s] -- Up-to-date: /home/om/slambot/install/new_robot_description/share/new_robot_description//models/ground_plane/model-1_4.sdf
[0.224s] -- Up-to-date: /home/om/slambot/install/new_robot_description/share/new_robot_description//models/ground_plane/model.config
[0.224s] -- Up-to-date: /home/om/slambot/install/new_robot_description/share/new_robot_description//models/ground_plane/model-1_3.sdf
[0.224s] -- Up-to-date: /home/om/slambot/install/new_robot_description/share/new_robot_description//models/ground_plane/model-1_2.sdf
[0.224s] -- Up-to-date: /home/om/slambot/install/new_robot_description/share/new_robot_description//models/sun
[0.224s] -- Up-to-date: /home/om/slambot/install/new_robot_description/share/new_robot_description//models/sun/model.sdf
[0.224s] -- Up-to-date: /home/om/slambot/install/new_robot_description/share/new_robot_description//models/sun/model-1_4.sdf
[0.224s] -- Up-to-date: /home/om/slambot/install/new_robot_description/share/new_robot_description//models/sun/model.config
[0.224s] -- Up-to-date: /home/om/slambot/install/new_robot_description/share/new_robot_description//models/sun/model-1_3.sdf
[0.225s] -- Up-to-date: /home/om/slambot/install/new_robot_description/share/new_robot_description//models/sun/model-1_2.sdf
[0.225s] -- Up-to-date: /home/om/slambot/install/new_robot_description/share/ament_index/resource_index/package_run_dependencies/new_robot_description
[0.225s] -- Up-to-date: /home/om/slambot/install/new_robot_description/share/ament_index/resource_index/parent_prefix_path/new_robot_description
[0.225s] -- Up-to-date: /home/om/slambot/install/new_robot_description/share/new_robot_description/environment/ament_prefix_path.sh
[0.225s] -- Up-to-date: /home/om/slambot/install/new_robot_description/share/new_robot_description/environment/ament_prefix_path.dsv
[0.225s] -- Up-to-date: /home/om/slambot/install/new_robot_description/share/new_robot_description/environment/path.sh
[0.225s] -- Up-to-date: /home/om/slambot/install/new_robot_description/share/new_robot_description/environment/path.dsv
[0.225s] -- Up-to-date: /home/om/slambot/install/new_robot_description/share/new_robot_description/local_setup.bash
[0.225s] -- Up-to-date: /home/om/slambot/install/new_robot_description/share/new_robot_description/local_setup.sh
[0.225s] -- Up-to-date: /home/om/slambot/install/new_robot_description/share/new_robot_description/local_setup.zsh
[0.225s] -- Up-to-date: /home/om/slambot/install/new_robot_description/share/new_robot_description/local_setup.dsv
[0.225s] -- Installing: /home/om/slambot/install/new_robot_description/share/new_robot_description/package.dsv
[0.225s] -- Up-to-date: /home/om/slambot/install/new_robot_description/share/ament_index/resource_index/packages/new_robot_description
[0.225s] -- Up-to-date: /home/om/slambot/install/new_robot_description/share/new_robot_description/cmake/new_robot_descriptionConfig.cmake
[0.226s] -- Up-to-date: /home/om/slambot/install/new_robot_description/share/new_robot_description/cmake/new_robot_descriptionConfig-version.cmake
[0.226s] -- Up-to-date: /home/om/slambot/install/new_robot_description/share/new_robot_description/package.xml
[0.226s] Invoked command in '/home/om/slambot/build/new_robot_description' returned '0': CMAKE_PREFIX_PATH=/opt/ros/humble /usr/bin/cmake --install /home/om/slambot/build/new_robot_description
