[0.022s] Invoking command in '/home/om/slambot/build/bumperbot_firmware': CMAKE_PREFIX_PATH=/opt/ros/humble /usr/bin/cmake /home/om/slambot/src/bumperbot_firmware -DCMAKE_INSTALL_PREFIX=/home/om/slambot/install/bumperbot_firmware
[0.142s] -- The C compiler identification is GNU 11.4.0
[0.281s] -- The CXX compiler identification is GNU 11.4.0
[0.290s] -- Detecting C compiler ABI info
[0.382s] -- Detecting C compiler ABI info - done
[0.389s] -- Check for working C compiler: /usr/bin/cc - skipped
[0.389s] -- Detecting C compile features
[0.389s] -- Detecting C compile features - done
[0.392s] -- Detecting CXX compiler ABI info
[0.492s] -- Detecting CXX compiler ABI info - done
[0.506s] -- Check for working CXX compiler: /usr/bin/c++ - skipped
[0.506s] -- Detecting CXX compile features
[0.506s] -- Detecting CXX compile features - done
[0.508s] -- Found ament_cmake: 1.3.9 (/opt/ros/humble/share/ament_cmake/cmake)
[0.696s] -- Found Python3: /usr/bin/python3 (found version "3.10.12") found components: Interpreter 
[0.834s] -- Found rclcpp: 16.0.9 (/opt/ros/humble/share/rclcpp/cmake)
[0.898s] -- Found rosidl_generator_c: 3.1.5 (/opt/ros/humble/share/rosidl_generator_c/cmake)
[0.903s] -- Found rosidl_adapter: 3.1.5 (/opt/ros/humble/share/rosidl_adapter/cmake)
[0.913s] -- Found rosidl_generator_cpp: 3.1.5 (/opt/ros/humble/share/rosidl_generator_cpp/cmake)
[0.936s] -- Using all available rosidl_typesupport_c: rosidl_typesupport_fastrtps_c;rosidl_typesupport_introspection_c
[0.955s] -- Using all available rosidl_typesupport_cpp: rosidl_typesupport_fastrtps_cpp;rosidl_typesupport_introspection_cpp
[1.051s] -- Found rmw_implementation_cmake: 6.1.2 (/opt/ros/humble/share/rmw_implementation_cmake/cmake)
[1.053s] -- Found rmw_fastrtps_cpp: 6.2.6 (/opt/ros/humble/share/rmw_fastrtps_cpp/cmake)
[1.191s] -- Found OpenSSL: /usr/lib/x86_64-linux-gnu/libcrypto.so (found version "3.0.2")  
[1.244s] -- Found FastRTPS: /opt/ros/humble/include  
[1.304s] -- Using RMW implementation 'rmw_fastrtps_cpp' as default
[1.314s] -- Looking for pthread.h
[1.399s] -- Looking for pthread.h - found
[1.399s] -- Performing Test CMAKE_HAVE_LIBC_PTHREAD
[1.474s] -- Performing Test CMAKE_HAVE_LIBC_PTHREAD - Success
[1.474s] -- Found Threads: TRUE  
[1.636s] -- Found rclpy: 3.3.13 (/opt/ros/humble/share/rclpy/cmake)
[1.638s] -- Found hardware_interface: 2.41.0 (/opt/ros/humble/share/hardware_interface/cmake)
[2.240s] -- Found PkgConfig: /usr/bin/pkg-config (found version "0.29.2") 
[2.240s] -- Checking for module 'libserial'
[2.255s] --   Found libserial, version 1.0.0
[2.537s] -- Configuring done
[2.617s] -- Generating done
[2.617s] -- Build files have been written to: /home/om/slambot/build/bumperbot_firmware
[2.667s] Invoked command in '/home/om/slambot/build/bumperbot_firmware' returned '0': CMAKE_PREFIX_PATH=/opt/ros/humble /usr/bin/cmake /home/om/slambot/src/bumperbot_firmware -DCMAKE_INSTALL_PREFIX=/home/om/slambot/install/bumperbot_firmware
[2.667s] Invoking command in '/home/om/slambot/build/bumperbot_firmware': CMAKE_PREFIX_PATH=/opt/ros/humble /usr/bin/cmake --build /home/om/slambot/build/bumperbot_firmware -- -j8 -l8
[2.826s] [ 16%] [32mBuilding CXX object CMakeFiles/bumperbot_firmware.dir/src/bumperbot_interface.cpp.o[0m
[2.829s] [ 16%] Built target ament_cmake_python_copy_bumperbot_firmware
[2.848s] [ 33%] [32mBuilding CXX object CMakeFiles/simple_serial_receiver.dir/src/simple_serial_receiver.cpp.o[0m
[2.852s] [ 50%] [32mBuilding CXX object CMakeFiles/simple_serial_transmitter.dir/src/simple_serial_transmitter.cpp.o[0m
[3.498s] running egg_info
[3.527s] creating bumperbot_firmware.egg-info
[3.535s] writing bumperbot_firmware.egg-info/PKG-INFO
[3.536s] writing dependency_links to bumperbot_firmware.egg-info/dependency_links.txt
[3.536s] writing top-level names to bumperbot_firmware.egg-info/top_level.txt
[3.537s] writing manifest file 'bumperbot_firmware.egg-info/SOURCES.txt'
[3.539s] reading manifest file 'bumperbot_firmware.egg-info/SOURCES.txt'
[3.540s] writing manifest file 'bumperbot_firmware.egg-info/SOURCES.txt'
[3.717s] [ 50%] Built target ament_cmake_python_build_bumperbot_firmware_egg
[7.953s] [ 66%] [32m[1mLinking CXX shared library libbumperbot_firmware.so[0m
[8.321s] [ 66%] Built target bumperbot_firmware
[9.240s] [ 83%] [32m[1mLinking CXX executable simple_serial_receiver[0m
[9.574s] [ 83%] Built target simple_serial_receiver
[15.460s] [100%] [32m[1mLinking CXX executable simple_serial_transmitter[0m
[16.858s] [100%] Built target simple_serial_transmitter
[16.957s] Invoked command in '/home/om/slambot/build/bumperbot_firmware' returned '0': CMAKE_PREFIX_PATH=/opt/ros/humble /usr/bin/cmake --build /home/om/slambot/build/bumperbot_firmware -- -j8 -l8
[17.470s] Invoking command in '/home/om/slambot/build/bumperbot_firmware': CMAKE_PREFIX_PATH=/opt/ros/humble /usr/bin/cmake --install /home/om/slambot/build/bumperbot_firmware
[17.497s] -- Install configuration: ""
[17.497s] -- Installing: /home/om/slambot/install/bumperbot_firmware/share/bumperbot_firmware/environment/pythonpath.sh
[17.497s] -- Installing: /home/om/slambot/install/bumperbot_firmware/share/bumperbot_firmware/environment/pythonpath.dsv
[17.498s] -- Installing: /home/om/slambot/install/bumperbot_firmware/local/lib/python3.10/dist-packages/bumperbot_firmware-0.0.0-py3.10.egg-info
[17.498s] -- Installing: /home/om/slambot/install/bumperbot_firmware/local/lib/python3.10/dist-packages/bumperbot_firmware-0.0.0-py3.10.egg-info/PKG-INFO
[17.500s] -- Installing: /home/om/slambot/install/bumperbot_firmware/local/lib/python3.10/dist-packages/bumperbot_firmware-0.0.0-py3.10.egg-info/dependency_links.txt
[17.501s] -- Installing: /home/om/slambot/install/bumperbot_firmware/local/lib/python3.10/dist-packages/bumperbot_firmware-0.0.0-py3.10.egg-info/SOURCES.txt
[17.503s] -- Installing: /home/om/slambot/install/bumperbot_firmware/local/lib/python3.10/dist-packages/bumperbot_firmware-0.0.0-py3.10.egg-info/top_level.txt
[17.504s] -- Installing: /home/om/slambot/install/bumperbot_firmware/local/lib/python3.10/dist-packages/bumperbot_firmware
[17.505s] -- Installing: /home/om/slambot/install/bumperbot_firmware/local/lib/python3.10/dist-packages/bumperbot_firmware/__init__.py
[17.506s] -- Installing: /home/om/slambot/install/bumperbot_firmware/local/lib/python3.10/dist-packages/bumperbot_firmware/simple_serial_receiver.py
[17.507s] -- Installing: /home/om/slambot/install/bumperbot_firmware/local/lib/python3.10/dist-packages/bumperbot_firmware/simple_serial_transmitter.py
[17.622s] Listing '/home/om/slambot/install/bumperbot_firmware/local/lib/python3.10/dist-packages/bumperbot_firmware'...
[17.622s] Compiling '/home/om/slambot/install/bumperbot_firmware/local/lib/python3.10/dist-packages/bumperbot_firmware/__init__.py'...
[17.622s] Compiling '/home/om/slambot/install/bumperbot_firmware/local/lib/python3.10/dist-packages/bumperbot_firmware/simple_serial_receiver.py'...
[17.622s] Compiling '/home/om/slambot/install/bumperbot_firmware/local/lib/python3.10/dist-packages/bumperbot_firmware/simple_serial_transmitter.py'...
[17.629s] -- Installing: /home/om/slambot/install/bumperbot_firmware/share/bumperbot_firmware/bumperbot_interface.xml
[17.631s] -- Installing: /home/om/slambot/install/bumperbot_firmware/lib/libbumperbot_firmware.so
[17.644s] -- Set runtime path of "/home/om/slambot/install/bumperbot_firmware/lib/libbumperbot_firmware.so" to ""
[17.644s] -- Installing: /home/om/slambot/install/bumperbot_firmware/include/include
[17.645s] -- Installing: /home/om/slambot/install/bumperbot_firmware/include/include/bumperbot_firmware
[17.646s] -- Installing: /home/om/slambot/install/bumperbot_firmware/include/include/bumperbot_firmware/bumperbot_interface.hpp
[17.647s] -- Installing: /home/om/slambot/install/bumperbot_firmware/share/bumperbot_firmware/launch
[17.648s] -- Installing: /home/om/slambot/install/bumperbot_firmware/share/bumperbot_firmware/launch/hardware_interface.launch.py
[17.649s] -- Installing: /home/om/slambot/install/bumperbot_firmware/lib/bumperbot_firmware/simple_serial_transmitter.py
[17.650s] -- Installing: /home/om/slambot/install/bumperbot_firmware/lib/bumperbot_firmware/simple_serial_receiver.py
[17.651s] -- Installing: /home/om/slambot/install/bumperbot_firmware/lib/bumperbot_firmware/simple_serial_receiver
[17.670s] -- Set runtime path of "/home/om/slambot/install/bumperbot_firmware/lib/bumperbot_firmware/simple_serial_receiver" to ""
[17.670s] -- Installing: /home/om/slambot/install/bumperbot_firmware/lib/bumperbot_firmware/simple_serial_transmitter
[17.689s] -- Set runtime path of "/home/om/slambot/install/bumperbot_firmware/lib/bumperbot_firmware/simple_serial_transmitter" to ""
[17.689s] -- Installing: /home/om/slambot/install/bumperbot_firmware/share/bumperbot_firmware/environment/library_path.sh
[17.691s] -- Installing: /home/om/slambot/install/bumperbot_firmware/share/bumperbot_firmware/environment/library_path.dsv
[17.693s] -- Installing: /home/om/slambot/install/bumperbot_firmware/share/ament_index/resource_index/package_run_dependencies/bumperbot_firmware
[17.694s] -- Installing: /home/om/slambot/install/bumperbot_firmware/share/ament_index/resource_index/parent_prefix_path/bumperbot_firmware
[17.695s] -- Installing: /home/om/slambot/install/bumperbot_firmware/share/bumperbot_firmware/environment/ament_prefix_path.sh
[17.697s] -- Installing: /home/om/slambot/install/bumperbot_firmware/share/bumperbot_firmware/environment/ament_prefix_path.dsv
[17.698s] -- Installing: /home/om/slambot/install/bumperbot_firmware/share/bumperbot_firmware/environment/path.sh
[17.699s] -- Installing: /home/om/slambot/install/bumperbot_firmware/share/bumperbot_firmware/environment/path.dsv
[17.701s] -- Installing: /home/om/slambot/install/bumperbot_firmware/share/bumperbot_firmware/local_setup.bash
[17.702s] -- Installing: /home/om/slambot/install/bumperbot_firmware/share/bumperbot_firmware/local_setup.sh
[17.703s] -- Installing: /home/om/slambot/install/bumperbot_firmware/share/bumperbot_firmware/local_setup.zsh
[17.704s] -- Installing: /home/om/slambot/install/bumperbot_firmware/share/bumperbot_firmware/local_setup.dsv
[17.705s] -- Installing: /home/om/slambot/install/bumperbot_firmware/share/bumperbot_firmware/package.dsv
[17.706s] -- Installing: /home/om/slambot/install/bumperbot_firmware/share/ament_index/resource_index/packages/bumperbot_firmware
[17.707s] -- Installing: /home/om/slambot/install/bumperbot_firmware/share/ament_index/resource_index/hardware_interface__pluginlib__plugin/bumperbot_firmware
[17.709s] -- Installing: /home/om/slambot/install/bumperbot_firmware/share/bumperbot_firmware/cmake/ament_cmake_export_include_directories-extras.cmake
[17.711s] -- Installing: /home/om/slambot/install/bumperbot_firmware/share/bumperbot_firmware/cmake/ament_cmake_export_libraries-extras.cmake
[17.712s] -- Installing: /home/om/slambot/install/bumperbot_firmware/share/bumperbot_firmware/cmake/ament_cmake_export_dependencies-extras.cmake
[17.713s] -- Installing: /home/om/slambot/install/bumperbot_firmware/share/bumperbot_firmware/cmake/bumperbot_firmwareConfig.cmake
[17.715s] -- Installing: /home/om/slambot/install/bumperbot_firmware/share/bumperbot_firmware/cmake/bumperbot_firmwareConfig-version.cmake
[17.716s] -- Installing: /home/om/slambot/install/bumperbot_firmware/share/bumperbot_firmware/package.xml
[17.742s] Invoked command in '/home/om/slambot/build/bumperbot_firmware' returned '0': CMAKE_PREFIX_PATH=/opt/ros/humble /usr/bin/cmake --install /home/om/slambot/build/bumperbot_firmware
