[0.081s] DEBUG:colcon:Command line arguments: ['/usr/bin/colcon', 'list', '-p', '--base-paths', '/home/om/slambot']
[0.081s] DEBUG:colcon:Parsed command line arguments: Namespace(log_base=None, log_level=None, verb_name='list', build_base='build', ignore_user_meta=False, metas=['./colcon.meta'], base_paths=['/home/om/slambot'], packages_ignore=None, packages_ignore_regex=None, paths=None, packages_up_to=None, packages_up_to_regex=None, packages_above=None, packages_above_and_dependencies=None, packages_above_depth=None, packages_select_by_dep=None, packages_skip_by_dep=None, packages_skip_up_to=None, packages_select_build_failed=False, packages_skip_build_finished=False, packages_select_test_failures=False, packages_skip_test_passed=False, packages_select=None, packages_skip=None, packages_select_regex=None, packages_skip_regex=None, packages_start=None, packages_end=None, allow_overriding=[], topological_order=False, names_only=False, paths_only=True, topological_graph=False, topological_graph_dot=False, topological_graph_density=False, topological_graph_legend=False, topological_graph_dot_cluster=False, topological_graph_dot_include_skipped=False, verb_parser=<colcon_defaults.argument_parser.defaults.DefaultArgumentsDecorator object at 0x718848c15b10>, verb_extension=<colcon_package_information.verb.list.ListVerb object at 0x718848daa7a0>, main=<bound method ListVerb.main of <colcon_package_information.verb.list.ListVerb object at 0x718848daa7a0>>)
[0.210s] Level 1:colcon.colcon_core.package_discovery:discover_packages(colcon_meta) check parameters
[0.211s] Level 1:colcon.colcon_core.package_discovery:discover_packages(recursive) check parameters
[0.211s] Level 1:colcon.colcon_core.package_discovery:discover_packages(ignore) check parameters
[0.211s] Level 1:colcon.colcon_core.package_discovery:discover_packages(path) check parameters
[0.211s] Level 1:colcon.colcon_core.package_discovery:discover_packages(recursive) discover
[0.211s] INFO:colcon.colcon_core.package_discovery:Crawling recursively for packages in '/home/om/slambot'
[0.211s] Level 1:colcon.colcon_core.package_identification:_identify(/home/om/slambot) by extensions ['ignore', 'ignore_ament_install']
[0.211s] Level 1:colcon.colcon_core.package_identification:_identify(/home/om/slambot) by extension 'ignore'
[0.212s] Level 1:colcon.colcon_core.package_identification:_identify(/home/om/slambot) by extension 'ignore_ament_install'
[0.212s] Level 1:colcon.colcon_core.package_identification:_identify(/home/om/slambot) by extensions ['colcon_pkg']
[0.212s] Level 1:colcon.colcon_core.package_identification:_identify(/home/om/slambot) by extension 'colcon_pkg'
[0.212s] Level 1:colcon.colcon_core.package_identification:_identify(/home/om/slambot) by extensions ['colcon_meta']
[0.212s] Level 1:colcon.colcon_core.package_identification:_identify(/home/om/slambot) by extension 'colcon_meta'
[0.212s] Level 1:colcon.colcon_core.package_identification:_identify(/home/om/slambot) by extensions ['ros']
[0.212s] Level 1:colcon.colcon_core.package_identification:_identify(/home/om/slambot) by extension 'ros'
[0.221s] Level 1:colcon.colcon_core.package_identification:_identify(/home/om/slambot) by extensions ['cmake', 'python']
[0.221s] Level 1:colcon.colcon_core.package_identification:_identify(/home/om/slambot) by extension 'cmake'
[0.221s] Level 1:colcon.colcon_core.package_identification:_identify(/home/om/slambot) by extension 'python'
[0.221s] Level 1:colcon.colcon_core.package_identification:_identify(/home/om/slambot) by extensions ['python_setup_py']
[0.221s] Level 1:colcon.colcon_core.package_identification:_identify(/home/om/slambot) by extension 'python_setup_py'
[0.221s] Level 1:colcon.colcon_core.package_identification:_identify(/home/om/slambot/build) by extensions ['ignore', 'ignore_ament_install']
[0.221s] Level 1:colcon.colcon_core.package_identification:_identify(/home/om/slambot/build) by extension 'ignore'
[0.222s] Level 1:colcon.colcon_core.package_identification:_identify(/home/om/slambot/build) ignored
[0.222s] Level 1:colcon.colcon_core.package_identification:_identify(/home/om/slambot/install) by extensions ['ignore', 'ignore_ament_install']
[0.222s] Level 1:colcon.colcon_core.package_identification:_identify(/home/om/slambot/install) by extension 'ignore'
[0.222s] Level 1:colcon.colcon_core.package_identification:_identify(/home/om/slambot/install) ignored
[0.222s] Level 1:colcon.colcon_core.package_identification:_identify(/home/om/slambot/log) by extensions ['ignore', 'ignore_ament_install']
[0.222s] Level 1:colcon.colcon_core.package_identification:_identify(/home/om/slambot/log) by extension 'ignore'
[0.222s] Level 1:colcon.colcon_core.package_identification:_identify(/home/om/slambot/log) ignored
[0.222s] Level 1:colcon.colcon_core.package_identification:_identify(/home/om/slambot/src) by extensions ['ignore', 'ignore_ament_install']
[0.222s] Level 1:colcon.colcon_core.package_identification:_identify(/home/om/slambot/src) by extension 'ignore'
[0.222s] Level 1:colcon.colcon_core.package_identification:_identify(/home/om/slambot/src) by extension 'ignore_ament_install'
[0.222s] Level 1:colcon.colcon_core.package_identification:_identify(/home/om/slambot/src) by extensions ['colcon_pkg']
[0.222s] Level 1:colcon.colcon_core.package_identification:_identify(/home/om/slambot/src) by extension 'colcon_pkg'
[0.222s] Level 1:colcon.colcon_core.package_identification:_identify(/home/om/slambot/src) by extensions ['colcon_meta']
[0.222s] Level 1:colcon.colcon_core.package_identification:_identify(/home/om/slambot/src) by extension 'colcon_meta'
[0.222s] Level 1:colcon.colcon_core.package_identification:_identify(/home/om/slambot/src) by extensions ['ros']
[0.222s] Level 1:colcon.colcon_core.package_identification:_identify(/home/om/slambot/src) by extension 'ros'
[0.222s] Level 1:colcon.colcon_core.package_identification:_identify(/home/om/slambot/src) by extensions ['cmake', 'python']
[0.222s] Level 1:colcon.colcon_core.package_identification:_identify(/home/om/slambot/src) by extension 'cmake'
[0.222s] Level 1:colcon.colcon_core.package_identification:_identify(/home/om/slambot/src) by extension 'python'
[0.222s] Level 1:colcon.colcon_core.package_identification:_identify(/home/om/slambot/src) by extensions ['python_setup_py']
[0.222s] Level 1:colcon.colcon_core.package_identification:_identify(/home/om/slambot/src) by extension 'python_setup_py'
[0.223s] Level 1:colcon.colcon_core.package_identification:_identify(/home/om/slambot/src/bumperbot_bringup) by extensions ['ignore', 'ignore_ament_install']
[0.223s] Level 1:colcon.colcon_core.package_identification:_identify(/home/om/slambot/src/bumperbot_bringup) by extension 'ignore'
[0.223s] Level 1:colcon.colcon_core.package_identification:_identify(/home/om/slambot/src/bumperbot_bringup) by extension 'ignore_ament_install'
[0.223s] Level 1:colcon.colcon_core.package_identification:_identify(/home/om/slambot/src/bumperbot_bringup) by extensions ['colcon_pkg']
[0.223s] Level 1:colcon.colcon_core.package_identification:_identify(/home/om/slambot/src/bumperbot_bringup) by extension 'colcon_pkg'
[0.223s] Level 1:colcon.colcon_core.package_identification:_identify(/home/om/slambot/src/bumperbot_bringup) by extensions ['colcon_meta']
[0.223s] Level 1:colcon.colcon_core.package_identification:_identify(/home/om/slambot/src/bumperbot_bringup) by extension 'colcon_meta'
[0.223s] Level 1:colcon.colcon_core.package_identification:_identify(/home/om/slambot/src/bumperbot_bringup) by extensions ['ros']
[0.223s] Level 1:colcon.colcon_core.package_identification:_identify(/home/om/slambot/src/bumperbot_bringup) by extension 'ros'
[0.225s] DEBUG:colcon.colcon_core.package_identification:Package '/home/om/slambot/src/bumperbot_bringup' with type 'ros.ament_cmake' and name 'bumperbot_bringup'
[0.225s] Level 1:colcon.colcon_core.package_identification:_identify(/home/om/slambot/src/bumperbot_controller) by extensions ['ignore', 'ignore_ament_install']
[0.225s] Level 1:colcon.colcon_core.package_identification:_identify(/home/om/slambot/src/bumperbot_controller) by extension 'ignore'
[0.225s] Level 1:colcon.colcon_core.package_identification:_identify(/home/om/slambot/src/bumperbot_controller) by extension 'ignore_ament_install'
[0.225s] Level 1:colcon.colcon_core.package_identification:_identify(/home/om/slambot/src/bumperbot_controller) by extensions ['colcon_pkg']
[0.225s] Level 1:colcon.colcon_core.package_identification:_identify(/home/om/slambot/src/bumperbot_controller) by extension 'colcon_pkg'
[0.225s] Level 1:colcon.colcon_core.package_identification:_identify(/home/om/slambot/src/bumperbot_controller) by extensions ['colcon_meta']
[0.225s] Level 1:colcon.colcon_core.package_identification:_identify(/home/om/slambot/src/bumperbot_controller) by extension 'colcon_meta'
[0.225s] Level 1:colcon.colcon_core.package_identification:_identify(/home/om/slambot/src/bumperbot_controller) by extensions ['ros']
[0.225s] Level 1:colcon.colcon_core.package_identification:_identify(/home/om/slambot/src/bumperbot_controller) by extension 'ros'
[0.226s] DEBUG:colcon.colcon_core.package_identification:Package '/home/om/slambot/src/bumperbot_controller' with type 'ros.ament_cmake' and name 'bumperbot_controller'
[0.227s] Level 1:colcon.colcon_core.package_identification:_identify(/home/om/slambot/src/bumperbot_cpp_examples) by extensions ['ignore', 'ignore_ament_install']
[0.227s] Level 1:colcon.colcon_core.package_identification:_identify(/home/om/slambot/src/bumperbot_cpp_examples) by extension 'ignore'
[0.227s] Level 1:colcon.colcon_core.package_identification:_identify(/home/om/slambot/src/bumperbot_cpp_examples) by extension 'ignore_ament_install'
[0.227s] Level 1:colcon.colcon_core.package_identification:_identify(/home/om/slambot/src/bumperbot_cpp_examples) by extensions ['colcon_pkg']
[0.227s] Level 1:colcon.colcon_core.package_identification:_identify(/home/om/slambot/src/bumperbot_cpp_examples) by extension 'colcon_pkg'
[0.227s] Level 1:colcon.colcon_core.package_identification:_identify(/home/om/slambot/src/bumperbot_cpp_examples) by extensions ['colcon_meta']
[0.227s] Level 1:colcon.colcon_core.package_identification:_identify(/home/om/slambot/src/bumperbot_cpp_examples) by extension 'colcon_meta'
[0.227s] Level 1:colcon.colcon_core.package_identification:_identify(/home/om/slambot/src/bumperbot_cpp_examples) by extensions ['ros']
[0.227s] Level 1:colcon.colcon_core.package_identification:_identify(/home/om/slambot/src/bumperbot_cpp_examples) by extension 'ros'
[0.228s] DEBUG:colcon.colcon_core.package_identification:Package '/home/om/slambot/src/bumperbot_cpp_examples' with type 'ros.ament_cmake' and name 'bumperbot_cpp_examples'
[0.228s] Level 1:colcon.colcon_core.package_identification:_identify(/home/om/slambot/src/bumperbot_description) by extensions ['ignore', 'ignore_ament_install']
[0.228s] Level 1:colcon.colcon_core.package_identification:_identify(/home/om/slambot/src/bumperbot_description) by extension 'ignore'
[0.228s] Level 1:colcon.colcon_core.package_identification:_identify(/home/om/slambot/src/bumperbot_description) by extension 'ignore_ament_install'
[0.228s] Level 1:colcon.colcon_core.package_identification:_identify(/home/om/slambot/src/bumperbot_description) by extensions ['colcon_pkg']
[0.228s] Level 1:colcon.colcon_core.package_identification:_identify(/home/om/slambot/src/bumperbot_description) by extension 'colcon_pkg'
[0.228s] Level 1:colcon.colcon_core.package_identification:_identify(/home/om/slambot/src/bumperbot_description) by extensions ['colcon_meta']
[0.228s] Level 1:colcon.colcon_core.package_identification:_identify(/home/om/slambot/src/bumperbot_description) by extension 'colcon_meta'
[0.228s] Level 1:colcon.colcon_core.package_identification:_identify(/home/om/slambot/src/bumperbot_description) by extensions ['ros']
[0.228s] Level 1:colcon.colcon_core.package_identification:_identify(/home/om/slambot/src/bumperbot_description) by extension 'ros'
[0.229s] DEBUG:colcon.colcon_core.package_identification:Package '/home/om/slambot/src/bumperbot_description' with type 'ros.ament_cmake' and name 'bumperbot_description'
[0.229s] Level 1:colcon.colcon_core.package_identification:_identify(/home/om/slambot/src/bumperbot_firmware) by extensions ['ignore', 'ignore_ament_install']
[0.229s] Level 1:colcon.colcon_core.package_identification:_identify(/home/om/slambot/src/bumperbot_firmware) by extension 'ignore'
[0.229s] Level 1:colcon.colcon_core.package_identification:_identify(/home/om/slambot/src/bumperbot_firmware) by extension 'ignore_ament_install'
[0.229s] Level 1:colcon.colcon_core.package_identification:_identify(/home/om/slambot/src/bumperbot_firmware) by extensions ['colcon_pkg']
[0.229s] Level 1:colcon.colcon_core.package_identification:_identify(/home/om/slambot/src/bumperbot_firmware) by extension 'colcon_pkg'
[0.229s] Level 1:colcon.colcon_core.package_identification:_identify(/home/om/slambot/src/bumperbot_firmware) by extensions ['colcon_meta']
[0.229s] Level 1:colcon.colcon_core.package_identification:_identify(/home/om/slambot/src/bumperbot_firmware) by extension 'colcon_meta'
[0.229s] Level 1:colcon.colcon_core.package_identification:_identify(/home/om/slambot/src/bumperbot_firmware) by extensions ['ros']
[0.229s] Level 1:colcon.colcon_core.package_identification:_identify(/home/om/slambot/src/bumperbot_firmware) by extension 'ros'
[0.238s] DEBUG:colcon.colcon_core.package_identification:Package '/home/om/slambot/src/bumperbot_firmware' with type 'ros.ament_cmake' and name 'bumperbot_firmware'
[0.238s] Level 1:colcon.colcon_core.package_identification:_identify(/home/om/slambot/src/bumperbot_localization) by extensions ['ignore', 'ignore_ament_install']
[0.238s] Level 1:colcon.colcon_core.package_identification:_identify(/home/om/slambot/src/bumperbot_localization) by extension 'ignore'
[0.238s] Level 1:colcon.colcon_core.package_identification:_identify(/home/om/slambot/src/bumperbot_localization) by extension 'ignore_ament_install'
[0.239s] Level 1:colcon.colcon_core.package_identification:_identify(/home/om/slambot/src/bumperbot_localization) by extensions ['colcon_pkg']
[0.239s] Level 1:colcon.colcon_core.package_identification:_identify(/home/om/slambot/src/bumperbot_localization) by extension 'colcon_pkg'
[0.239s] Level 1:colcon.colcon_core.package_identification:_identify(/home/om/slambot/src/bumperbot_localization) by extensions ['colcon_meta']
[0.239s] Level 1:colcon.colcon_core.package_identification:_identify(/home/om/slambot/src/bumperbot_localization) by extension 'colcon_meta'
[0.239s] Level 1:colcon.colcon_core.package_identification:_identify(/home/om/slambot/src/bumperbot_localization) by extensions ['ros']
[0.239s] Level 1:colcon.colcon_core.package_identification:_identify(/home/om/slambot/src/bumperbot_localization) by extension 'ros'
[0.239s] DEBUG:colcon.colcon_core.package_identification:Package '/home/om/slambot/src/bumperbot_localization' with type 'ros.ament_cmake' and name 'bumperbot_localization'
[0.239s] Level 1:colcon.colcon_core.package_identification:_identify(/home/om/slambot/src/bumperbot_msgs) by extensions ['ignore', 'ignore_ament_install']
[0.239s] Level 1:colcon.colcon_core.package_identification:_identify(/home/om/slambot/src/bumperbot_msgs) by extension 'ignore'
[0.239s] Level 1:colcon.colcon_core.package_identification:_identify(/home/om/slambot/src/bumperbot_msgs) by extension 'ignore_ament_install'
[0.240s] Level 1:colcon.colcon_core.package_identification:_identify(/home/om/slambot/src/bumperbot_msgs) by extensions ['colcon_pkg']
[0.240s] Level 1:colcon.colcon_core.package_identification:_identify(/home/om/slambot/src/bumperbot_msgs) by extension 'colcon_pkg'
[0.240s] Level 1:colcon.colcon_core.package_identification:_identify(/home/om/slambot/src/bumperbot_msgs) by extensions ['colcon_meta']
[0.240s] Level 1:colcon.colcon_core.package_identification:_identify(/home/om/slambot/src/bumperbot_msgs) by extension 'colcon_meta'
[0.240s] Level 1:colcon.colcon_core.package_identification:_identify(/home/om/slambot/src/bumperbot_msgs) by extensions ['ros']
[0.240s] Level 1:colcon.colcon_core.package_identification:_identify(/home/om/slambot/src/bumperbot_msgs) by extension 'ros'
[0.240s] DEBUG:colcon.colcon_core.package_identification:Package '/home/om/slambot/src/bumperbot_msgs' with type 'ros.ament_cmake' and name 'bumperbot_msgs'
[0.240s] Level 1:colcon.colcon_core.package_identification:_identify(/home/om/slambot/src/bumperbot_py_examples) by extensions ['ignore', 'ignore_ament_install']
[0.240s] Level 1:colcon.colcon_core.package_identification:_identify(/home/om/slambot/src/bumperbot_py_examples) by extension 'ignore'
[0.240s] Level 1:colcon.colcon_core.package_identification:_identify(/home/om/slambot/src/bumperbot_py_examples) by extension 'ignore_ament_install'
[0.240s] Level 1:colcon.colcon_core.package_identification:_identify(/home/om/slambot/src/bumperbot_py_examples) by extensions ['colcon_pkg']
[0.240s] Level 1:colcon.colcon_core.package_identification:_identify(/home/om/slambot/src/bumperbot_py_examples) by extension 'colcon_pkg'
[0.240s] Level 1:colcon.colcon_core.package_identification:_identify(/home/om/slambot/src/bumperbot_py_examples) by extensions ['colcon_meta']
[0.240s] Level 1:colcon.colcon_core.package_identification:_identify(/home/om/slambot/src/bumperbot_py_examples) by extension 'colcon_meta'
[0.241s] Level 1:colcon.colcon_core.package_identification:_identify(/home/om/slambot/src/bumperbot_py_examples) by extensions ['ros']
[0.241s] Level 1:colcon.colcon_core.package_identification:_identify(/home/om/slambot/src/bumperbot_py_examples) by extension 'ros'
[0.241s] DEBUG:colcon.colcon_core.package_identification:Package '/home/om/slambot/src/bumperbot_py_examples' with type 'ros.ament_python' and name 'bumperbot_py_examples'
[0.242s] Level 1:colcon.colcon_core.package_identification:_identify(/home/om/slambot/src/cpp_examples) by extensions ['ignore', 'ignore_ament_install']
[0.242s] Level 1:colcon.colcon_core.package_identification:_identify(/home/om/slambot/src/cpp_examples) by extension 'ignore'
[0.242s] Level 1:colcon.colcon_core.package_identification:_identify(/home/om/slambot/src/cpp_examples) by extension 'ignore_ament_install'
[0.242s] Level 1:colcon.colcon_core.package_identification:_identify(/home/om/slambot/src/cpp_examples) by extensions ['colcon_pkg']
[0.242s] Level 1:colcon.colcon_core.package_identification:_identify(/home/om/slambot/src/cpp_examples) by extension 'colcon_pkg'
[0.242s] Level 1:colcon.colcon_core.package_identification:_identify(/home/om/slambot/src/cpp_examples) by extensions ['colcon_meta']
[0.242s] Level 1:colcon.colcon_core.package_identification:_identify(/home/om/slambot/src/cpp_examples) by extension 'colcon_meta'
[0.242s] Level 1:colcon.colcon_core.package_identification:_identify(/home/om/slambot/src/cpp_examples) by extensions ['ros']
[0.242s] Level 1:colcon.colcon_core.package_identification:_identify(/home/om/slambot/src/cpp_examples) by extension 'ros'
[0.242s] DEBUG:colcon.colcon_core.package_identification:Package '/home/om/slambot/src/cpp_examples' with type 'ros.ament_cmake' and name 'cpp_examples'
[0.242s] Level 1:colcon.colcon_core.package_identification:_identify(/home/om/slambot/src/new_practice_bringup) by extensions ['ignore', 'ignore_ament_install']
[0.242s] Level 1:colcon.colcon_core.package_identification:_identify(/home/om/slambot/src/new_practice_bringup) by extension 'ignore'
[0.242s] Level 1:colcon.colcon_core.package_identification:_identify(/home/om/slambot/src/new_practice_bringup) by extension 'ignore_ament_install'
[0.242s] Level 1:colcon.colcon_core.package_identification:_identify(/home/om/slambot/src/new_practice_bringup) by extensions ['colcon_pkg']
[0.242s] Level 1:colcon.colcon_core.package_identification:_identify(/home/om/slambot/src/new_practice_bringup) by extension 'colcon_pkg'
[0.243s] Level 1:colcon.colcon_core.package_identification:_identify(/home/om/slambot/src/new_practice_bringup) by extensions ['colcon_meta']
[0.243s] Level 1:colcon.colcon_core.package_identification:_identify(/home/om/slambot/src/new_practice_bringup) by extension 'colcon_meta'
[0.243s] Level 1:colcon.colcon_core.package_identification:_identify(/home/om/slambot/src/new_practice_bringup) by extensions ['ros']
[0.243s] Level 1:colcon.colcon_core.package_identification:_identify(/home/om/slambot/src/new_practice_bringup) by extension 'ros'
[0.243s] DEBUG:colcon.colcon_core.package_identification:Package '/home/om/slambot/src/new_practice_bringup' with type 'ros.ament_cmake' and name 'new_practice_bringup'
[0.243s] Level 1:colcon.colcon_core.package_identification:_identify(/home/om/slambot/src/new_robot_controller) by extensions ['ignore', 'ignore_ament_install']
[0.243s] Level 1:colcon.colcon_core.package_identification:_identify(/home/om/slambot/src/new_robot_controller) by extension 'ignore'
[0.243s] Level 1:colcon.colcon_core.package_identification:_identify(/home/om/slambot/src/new_robot_controller) by extension 'ignore_ament_install'
[0.243s] Level 1:colcon.colcon_core.package_identification:_identify(/home/om/slambot/src/new_robot_controller) by extensions ['colcon_pkg']
[0.243s] Level 1:colcon.colcon_core.package_identification:_identify(/home/om/slambot/src/new_robot_controller) by extension 'colcon_pkg'
[0.243s] Level 1:colcon.colcon_core.package_identification:_identify(/home/om/slambot/src/new_robot_controller) by extensions ['colcon_meta']
[0.243s] Level 1:colcon.colcon_core.package_identification:_identify(/home/om/slambot/src/new_robot_controller) by extension 'colcon_meta'
[0.243s] Level 1:colcon.colcon_core.package_identification:_identify(/home/om/slambot/src/new_robot_controller) by extensions ['ros']
[0.243s] Level 1:colcon.colcon_core.package_identification:_identify(/home/om/slambot/src/new_robot_controller) by extension 'ros'
[0.244s] DEBUG:colcon.colcon_core.package_identification:Package '/home/om/slambot/src/new_robot_controller' with type 'ros.ament_cmake' and name 'new_robot_controller'
[0.244s] Level 1:colcon.colcon_core.package_identification:_identify(/home/om/slambot/src/new_robot_description) by extensions ['ignore', 'ignore_ament_install']
[0.244s] Level 1:colcon.colcon_core.package_identification:_identify(/home/om/slambot/src/new_robot_description) by extension 'ignore'
[0.244s] Level 1:colcon.colcon_core.package_identification:_identify(/home/om/slambot/src/new_robot_description) by extension 'ignore_ament_install'
[0.244s] Level 1:colcon.colcon_core.package_identification:_identify(/home/om/slambot/src/new_robot_description) by extensions ['colcon_pkg']
[0.245s] Level 1:colcon.colcon_core.package_identification:_identify(/home/om/slambot/src/new_robot_description) by extension 'colcon_pkg'
[0.245s] Level 1:colcon.colcon_core.package_identification:_identify(/home/om/slambot/src/new_robot_description) by extensions ['colcon_meta']
[0.245s] Level 1:colcon.colcon_core.package_identification:_identify(/home/om/slambot/src/new_robot_description) by extension 'colcon_meta'
[0.245s] Level 1:colcon.colcon_core.package_identification:_identify(/home/om/slambot/src/new_robot_description) by extensions ['ros']
[0.245s] Level 1:colcon.colcon_core.package_identification:_identify(/home/om/slambot/src/new_robot_description) by extension 'ros'
[0.245s] DEBUG:colcon.colcon_core.package_identification:Package '/home/om/slambot/src/new_robot_description' with type 'ros.ament_cmake' and name 'new_robot_description'
[0.245s] Level 1:colcon.colcon_core.package_identification:_identify(/home/om/slambot/src/new_robot_firmware) by extensions ['ignore', 'ignore_ament_install']
[0.245s] Level 1:colcon.colcon_core.package_identification:_identify(/home/om/slambot/src/new_robot_firmware) by extension 'ignore'
[0.245s] Level 1:colcon.colcon_core.package_identification:_identify(/home/om/slambot/src/new_robot_firmware) by extension 'ignore_ament_install'
[0.245s] Level 1:colcon.colcon_core.package_identification:_identify(/home/om/slambot/src/new_robot_firmware) by extensions ['colcon_pkg']
[0.245s] Level 1:colcon.colcon_core.package_identification:_identify(/home/om/slambot/src/new_robot_firmware) by extension 'colcon_pkg'
[0.245s] Level 1:colcon.colcon_core.package_identification:_identify(/home/om/slambot/src/new_robot_firmware) by extensions ['colcon_meta']
[0.245s] Level 1:colcon.colcon_core.package_identification:_identify(/home/om/slambot/src/new_robot_firmware) by extension 'colcon_meta'
[0.245s] Level 1:colcon.colcon_core.package_identification:_identify(/home/om/slambot/src/new_robot_firmware) by extensions ['ros']
[0.245s] Level 1:colcon.colcon_core.package_identification:_identify(/home/om/slambot/src/new_robot_firmware) by extension 'ros'
[0.246s] DEBUG:colcon.colcon_core.package_identification:Package '/home/om/slambot/src/new_robot_firmware' with type 'ros.ament_cmake' and name 'new_robot_firmware'
[0.246s] Level 1:colcon.colcon_core.package_identification:_identify(/home/om/slambot/src/rplidar_ros2) by extensions ['ignore', 'ignore_ament_install']
[0.246s] Level 1:colcon.colcon_core.package_identification:_identify(/home/om/slambot/src/rplidar_ros2) by extension 'ignore'
[0.246s] Level 1:colcon.colcon_core.package_identification:_identify(/home/om/slambot/src/rplidar_ros2) by extension 'ignore_ament_install'
[0.246s] Level 1:colcon.colcon_core.package_identification:_identify(/home/om/slambot/src/rplidar_ros2) by extensions ['colcon_pkg']
[0.246s] Level 1:colcon.colcon_core.package_identification:_identify(/home/om/slambot/src/rplidar_ros2) by extension 'colcon_pkg'
[0.247s] Level 1:colcon.colcon_core.package_identification:_identify(/home/om/slambot/src/rplidar_ros2) by extensions ['colcon_meta']
[0.247s] Level 1:colcon.colcon_core.package_identification:_identify(/home/om/slambot/src/rplidar_ros2) by extension 'colcon_meta'
[0.247s] Level 1:colcon.colcon_core.package_identification:_identify(/home/om/slambot/src/rplidar_ros2) by extensions ['ros']
[0.247s] Level 1:colcon.colcon_core.package_identification:_identify(/home/om/slambot/src/rplidar_ros2) by extension 'ros'
[0.247s] DEBUG:colcon.colcon_core.package_identification:Package '/home/om/slambot/src/rplidar_ros2' with type 'ros.ament_cmake' and name 'rplidar_ros'
[0.247s] Level 1:colcon.colcon_core.package_discovery:discover_packages(recursive) using defaults
