[0.075s] Invoking command in '/home/om/slambot/build/new_robot_controller': CMAKE_PREFIX_PATH=/opt/ros/humble /usr/bin/cmake --build /home/om/slambot/build/new_robot_controller -- -j8 -l8
[0.160s] -- Found ament_cmake: 1.3.9 (/opt/ros/humble/share/ament_cmake/cmake)
[0.470s] -- Found rclcpp: 16.0.9 (/opt/ros/humble/share/rclcpp/cmake)
[0.584s] -- Found rosidl_generator_c: 3.1.5 (/opt/ros/humble/share/rosidl_generator_c/cmake)
[0.585s] -- Found rosidl_adapter: 3.1.5 (/opt/ros/humble/share/rosidl_adapter/cmake)
[0.603s] -- Found rosidl_generator_cpp: 3.1.5 (/opt/ros/humble/share/rosidl_generator_cpp/cmake)
[0.628s] -- Using all available rosidl_typesupport_c: rosidl_typesupport_fastrtps_c;rosidl_typesupport_introspection_c
[0.663s] -- Using all available rosidl_typesupport_cpp: rosidl_typesupport_fastrtps_cpp;rosidl_typesupport_introspection_cpp
[0.804s] -- Found rmw_implementation_cmake: 6.1.2 (/opt/ros/humble/share/rmw_implementation_cmake/cmake)
[0.807s] -- Found rmw_fastrtps_cpp: 6.2.6 (/opt/ros/humble/share/rmw_fastrtps_cpp/cmake)
[1.040s] -- Using RMW implementation 'rmw_fastrtps_cpp' as default
[1.271s] -- Found rclpy: 3.3.13 (/opt/ros/humble/share/rclpy/cmake)
[1.271s] -- Found geometry_msgs: 4.2.4 (/opt/ros/humble/share/geometry_msgs/cmake)
[1.353s] -- Found sensor_msgs: 4.2.4 (/opt/ros/humble/share/sensor_msgs/cmake)
[1.482s] -- Found nav_msgs: 4.2.4 (/opt/ros/humble/share/nav_msgs/cmake)
[1.603s] -- Found tf2: 0.25.7 (/opt/ros/humble/share/tf2/cmake)
[1.811s] -- Configuring done
[1.825s] -- Generating done
[1.828s] -- Build files have been written to: /home/om/slambot/build/new_robot_controller
[1.872s] [35m[1mConsolidate compiler generated dependencies of target simple_controller[0m
[1.900s] [  0%] Built target ament_cmake_python_copy_new_robot_controller
[1.902s] [ 50%] [32mBuilding CXX object CMakeFiles/simple_controller.dir/src/simple_controller.cpp.o[0m
[2.212s] running egg_info
[2.213s] writing new_robot_controller.egg-info/PKG-INFO
[2.214s] writing dependency_links to new_robot_controller.egg-info/dependency_links.txt
[2.214s] writing top-level names to new_robot_controller.egg-info/top_level.txt
[2.218s] reading manifest file 'new_robot_controller.egg-info/SOURCES.txt'
[2.219s] writing manifest file 'new_robot_controller.egg-info/SOURCES.txt'
[2.281s] [ 50%] Built target ament_cmake_python_build_new_robot_controller_egg
[13.333s] [100%] [32m[1mLinking CXX executable simple_controller[0m
[13.992s] [100%] Built target simple_controller
[14.003s] Invoked command in '/home/om/slambot/build/new_robot_controller' returned '0': CMAKE_PREFIX_PATH=/opt/ros/humble /usr/bin/cmake --build /home/om/slambot/build/new_robot_controller -- -j8 -l8
[14.033s] Invoking command in '/home/om/slambot/build/new_robot_controller': CMAKE_PREFIX_PATH=/opt/ros/humble /usr/bin/cmake --install /home/om/slambot/build/new_robot_controller
[14.039s] -- Install configuration: ""
[14.040s] -- Up-to-date: /home/om/slambot/install/new_robot_controller/share/new_robot_controller/environment/pythonpath.sh
[14.040s] -- Installing: /home/om/slambot/install/new_robot_controller/share/new_robot_controller/environment/pythonpath.dsv
[14.040s] -- Up-to-date: /home/om/slambot/install/new_robot_controller/local/lib/python3.10/dist-packages/new_robot_controller-0.0.0-py3.10.egg-info
[14.040s] -- Installing: /home/om/slambot/install/new_robot_controller/local/lib/python3.10/dist-packages/new_robot_controller-0.0.0-py3.10.egg-info/PKG-INFO
[14.040s] -- Installing: /home/om/slambot/install/new_robot_controller/local/lib/python3.10/dist-packages/new_robot_controller-0.0.0-py3.10.egg-info/dependency_links.txt
[14.040s] -- Installing: /home/om/slambot/install/new_robot_controller/local/lib/python3.10/dist-packages/new_robot_controller-0.0.0-py3.10.egg-info/SOURCES.txt
[14.040s] -- Installing: /home/om/slambot/install/new_robot_controller/local/lib/python3.10/dist-packages/new_robot_controller-0.0.0-py3.10.egg-info/top_level.txt
[14.040s] -- Up-to-date: /home/om/slambot/install/new_robot_controller/local/lib/python3.10/dist-packages/new_robot_controller
[14.041s] -- Up-to-date: /home/om/slambot/install/new_robot_controller/local/lib/python3.10/dist-packages/new_robot_controller/simple_controller.py
[14.041s] -- Up-to-date: /home/om/slambot/install/new_robot_controller/local/lib/python3.10/dist-packages/new_robot_controller/__init__.py
[14.062s] Listing '/home/om/slambot/install/new_robot_controller/local/lib/python3.10/dist-packages/new_robot_controller'...
[14.066s] -- Up-to-date: /home/om/slambot/install/new_robot_controller/include/include
[14.066s] -- Up-to-date: /home/om/slambot/install/new_robot_controller/include/include/new_robot_controller
[14.066s] -- Installing: /home/om/slambot/install/new_robot_controller/include/include/new_robot_controller/simple_controller.hpp
[14.066s] -- Installing: /home/om/slambot/install/new_robot_controller/lib/new_robot_controller/simple_controller
[14.073s] -- Set runtime path of "/home/om/slambot/install/new_robot_controller/lib/new_robot_controller/simple_controller" to ""
[14.073s] -- Up-to-date: /home/om/slambot/install/new_robot_controller/share/new_robot_controller/launch
[14.074s] -- Up-to-date: /home/om/slambot/install/new_robot_controller/share/new_robot_controller/launch/joystick_teleop.launch.py
[14.074s] -- Up-to-date: /home/om/slambot/install/new_robot_controller/share/new_robot_controller/launch/simple_controller.launch.py
[14.074s] -- Up-to-date: /home/om/slambot/install/new_robot_controller/share/new_robot_controller/config
[14.074s] -- Up-to-date: /home/om/slambot/install/new_robot_controller/share/new_robot_controller/config/joy_config.yaml
[14.074s] -- Up-to-date: /home/om/slambot/install/new_robot_controller/share/new_robot_controller/config/new_robot_controllers.yaml
[14.074s] -- Up-to-date: /home/om/slambot/install/new_robot_controller/share/new_robot_controller/config/joy_teleop.yaml
[14.074s] -- Up-to-date: /home/om/slambot/install/new_robot_controller/lib/new_robot_controller/simple_controller.py
[14.074s] -- Installing: /home/om/slambot/install/new_robot_controller/share/ament_index/resource_index/package_run_dependencies/new_robot_controller
[14.074s] -- Up-to-date: /home/om/slambot/install/new_robot_controller/share/ament_index/resource_index/parent_prefix_path/new_robot_controller
[14.074s] -- Up-to-date: /home/om/slambot/install/new_robot_controller/share/new_robot_controller/environment/ament_prefix_path.sh
[14.075s] -- Installing: /home/om/slambot/install/new_robot_controller/share/new_robot_controller/environment/ament_prefix_path.dsv
[14.075s] -- Up-to-date: /home/om/slambot/install/new_robot_controller/share/new_robot_controller/environment/path.sh
[14.075s] -- Installing: /home/om/slambot/install/new_robot_controller/share/new_robot_controller/environment/path.dsv
[14.075s] -- Up-to-date: /home/om/slambot/install/new_robot_controller/share/new_robot_controller/local_setup.bash
[14.075s] -- Up-to-date: /home/om/slambot/install/new_robot_controller/share/new_robot_controller/local_setup.sh
[14.075s] -- Up-to-date: /home/om/slambot/install/new_robot_controller/share/new_robot_controller/local_setup.zsh
[14.075s] -- Installing: /home/om/slambot/install/new_robot_controller/share/new_robot_controller/local_setup.dsv
[14.075s] -- Installing: /home/om/slambot/install/new_robot_controller/share/new_robot_controller/package.dsv
[14.076s] -- Up-to-date: /home/om/slambot/install/new_robot_controller/share/ament_index/resource_index/packages/new_robot_controller
[14.076s] -- Up-to-date: /home/om/slambot/install/new_robot_controller/share/new_robot_controller/cmake/new_robot_controllerConfig.cmake
[14.076s] -- Up-to-date: /home/om/slambot/install/new_robot_controller/share/new_robot_controller/cmake/new_robot_controllerConfig-version.cmake
[14.076s] -- Installing: /home/om/slambot/install/new_robot_controller/share/new_robot_controller/package.xml
[14.077s] Invoked command in '/home/om/slambot/build/new_robot_controller' returned '0': CMAKE_PREFIX_PATH=/opt/ros/humble /usr/bin/cmake --install /home/om/slambot/build/new_robot_controller
