-- Found ament_cmake: 1.3.10 (/opt/ros/humble/share/ament_cmake/cmake)
-- Found rclcpp: 16.0.10 (/opt/ros/humble/share/rclcpp/cmake)
-- Found rosidl_generator_c: 3.1.5 (/opt/ros/humble/share/rosidl_generator_c/cmake)
-- Found rosidl_adapter: 3.1.5 (/opt/ros/humble/share/rosidl_adapter/cmake)
-- Found rosidl_generator_cpp: 3.1.5 (/opt/ros/humble/share/rosidl_generator_cpp/cmake)
-- Using all available rosidl_typesupport_c: rosidl_typesupport_fastrtps_c;rosidl_typesupport_introspection_c
-- Using all available rosidl_typesupport_cpp: rosidl_typesupport_fastrtps_cpp;rosidl_typesupport_introspection_cpp
-- Found rmw_implementation_cmake: 6.1.2 (/opt/ros/humble/share/rmw_implementation_cmake/cmake)
-- Found rmw_fastrtps_cpp: 6.2.7 (/opt/ros/humble/share/rmw_fastrtps_cpp/cmake)
-- Using RMW implementation 'rmw_fastrtps_cpp' as default
-- Found rclpy: 3.3.14 (/opt/ros/humble/share/rclpy/cmake)
-- Found hardware_interface: 2.42.0 (/opt/ros/humble/share/hardware_interface/cmake)
-- Found ament_lint_auto: 0.12.11 (/opt/ros/humble/share/ament_lint_auto/cmake)
-- Added test 'cppcheck' to perform static code analysis on C / C++ code
-- Configured cppcheck include dirs: /home/om/slambot/src/new_robot_firmware/include
-- Configured cppcheck exclude dirs and/or files: 
-- Added test 'flake8' to check Python code syntax and style conventions
-- Added test 'lint_cmake' to check CMake code style
-- Added test 'pep257' to check Python code against some of the docstring style conventions in PEP 257
-- Added test 'uncrustify' to check C / C++ code style
-- Configured uncrustify additional arguments: 
-- Added test 'xmllint' to check XML markup files
-- Configuring done
-- Generating done
-- Build files have been written to: /home/om/slambot/build/new_robot_firmware
[35m[1mConsolidate compiler generated dependencies of target new_robot_firmware[0m
[100%] Built target new_robot_firmware
-- Install configuration: ""
-- Up-to-date: /home/om/slambot/install/new_robot_firmware/share/new_robot_firmware/new_robot_interface.xml
-- Up-to-date: /home/om/slambot/install/new_robot_firmware/lib/libnew_robot_firmware.so
-- Up-to-date: /home/om/slambot/install/new_robot_firmware/include/include
-- Up-to-date: /home/om/slambot/install/new_robot_firmware/include/include/new_robot_firmware
-- Up-to-date: /home/om/slambot/install/new_robot_firmware/include/include/new_robot_firmware/new_robot_interface.hpp
-- Installing: /home/om/slambot/install/new_robot_firmware/share/new_robot_firmware/launch
-- Installing: /home/om/slambot/install/new_robot_firmware/share/new_robot_firmware/launch/hardware_interface.launch.py
-- Up-to-date: /home/om/slambot/install/new_robot_firmware/share/new_robot_firmware/environment/library_path.sh
-- Installing: /home/om/slambot/install/new_robot_firmware/share/new_robot_firmware/environment/library_path.dsv
-- Up-to-date: /home/om/slambot/install/new_robot_firmware/share/ament_index/resource_index/package_run_dependencies/new_robot_firmware
-- Up-to-date: /home/om/slambot/install/new_robot_firmware/share/ament_index/resource_index/parent_prefix_path/new_robot_firmware
-- Up-to-date: /home/om/slambot/install/new_robot_firmware/share/new_robot_firmware/environment/ament_prefix_path.sh
-- Installing: /home/om/slambot/install/new_robot_firmware/share/new_robot_firmware/environment/ament_prefix_path.dsv
-- Up-to-date: /home/om/slambot/install/new_robot_firmware/share/new_robot_firmware/environment/path.sh
-- Installing: /home/om/slambot/install/new_robot_firmware/share/new_robot_firmware/environment/path.dsv
-- Up-to-date: /home/om/slambot/install/new_robot_firmware/share/new_robot_firmware/local_setup.bash
-- Up-to-date: /home/om/slambot/install/new_robot_firmware/share/new_robot_firmware/local_setup.sh
-- Up-to-date: /home/om/slambot/install/new_robot_firmware/share/new_robot_firmware/local_setup.zsh
-- Installing: /home/om/slambot/install/new_robot_firmware/share/new_robot_firmware/local_setup.dsv
-- Installing: /home/om/slambot/install/new_robot_firmware/share/new_robot_firmware/package.dsv
-- Up-to-date: /home/om/slambot/install/new_robot_firmware/share/ament_index/resource_index/packages/new_robot_firmware
-- Up-to-date: /home/om/slambot/install/new_robot_firmware/share/ament_index/resource_index/hardware_interface__pluginlib__plugin/new_robot_firmware
-- Up-to-date: /home/om/slambot/install/new_robot_firmware/share/new_robot_firmware/cmake/ament_cmake_export_include_directories-extras.cmake
-- Up-to-date: /home/om/slambot/install/new_robot_firmware/share/new_robot_firmware/cmake/ament_cmake_export_libraries-extras.cmake
-- Up-to-date: /home/om/slambot/install/new_robot_firmware/share/new_robot_firmware/cmake/ament_cmake_export_dependencies-extras.cmake
-- Up-to-date: /home/om/slambot/install/new_robot_firmware/share/new_robot_firmware/cmake/new_robot_firmwareConfig.cmake
-- Up-to-date: /home/om/slambot/install/new_robot_firmware/share/new_robot_firmware/cmake/new_robot_firmwareConfig-version.cmake
-- Up-to-date: /home/om/slambot/install/new_robot_firmware/share/new_robot_firmware/package.xml
