[0.057s] Invoking command in '/home/om/slambot/build/new_robot_firmware': CMAKE_PREFIX_PATH=${CMAKE_PREFIX_PATH}:/opt/ros/humble /usr/bin/cmake --build /home/om/slambot/build/new_robot_firmware -- -j8 -l8
[0.188s] -- Found ament_cmake: 1.3.10 (/opt/ros/humble/share/ament_cmake/cmake)
[0.465s] -- Found rclcpp: 16.0.10 (/opt/ros/humble/share/rclcpp/cmake)
[0.554s] -- Found rosidl_generator_c: 3.1.5 (/opt/ros/humble/share/rosidl_generator_c/cmake)
[0.566s] -- Found rosidl_adapter: 3.1.5 (/opt/ros/humble/share/rosidl_adapter/cmake)
[0.583s] -- Found rosidl_generator_cpp: 3.1.5 (/opt/ros/humble/share/rosidl_generator_cpp/cmake)
[0.597s] -- Using all available rosidl_typesupport_c: rosidl_typesupport_fastrtps_c;rosidl_typesupport_introspection_c
[0.627s] -- Using all available rosidl_typesupport_cpp: rosidl_typesupport_fastrtps_cpp;rosidl_typesupport_introspection_cpp
[0.716s] -- Found rmw_implementation_cmake: 6.1.2 (/opt/ros/humble/share/rmw_implementation_cmake/cmake)
[0.717s] -- Found rmw_fastrtps_cpp: 6.2.7 (/opt/ros/humble/share/rmw_fastrtps_cpp/cmake)
[0.949s] -- Using RMW implementation 'rmw_fastrtps_cpp' as default
[1.062s] -- Found rclpy: 3.3.14 (/opt/ros/humble/share/rclpy/cmake)
[1.062s] -- Found hardware_interface: 2.42.0 (/opt/ros/humble/share/hardware_interface/cmake)
[1.410s] -- Found ament_lint_auto: 0.12.11 (/opt/ros/humble/share/ament_lint_auto/cmake)
[1.550s] -- Added test 'cppcheck' to perform static code analysis on C / C++ code
[1.551s] -- Configured cppcheck include dirs: /home/om/slambot/src/new_robot_firmware/include
[1.551s] -- Configured cppcheck exclude dirs and/or files: 
[1.551s] -- Added test 'flake8' to check Python code syntax and style conventions
[1.553s] -- Added test 'lint_cmake' to check CMake code style
[1.554s] -- Added test 'pep257' to check Python code against some of the docstring style conventions in PEP 257
[1.556s] -- Added test 'uncrustify' to check C / C++ code style
[1.556s] -- Configured uncrustify additional arguments: 
[1.557s] -- Added test 'xmllint' to check XML markup files
[1.561s] -- Configuring done
[1.610s] -- Generating done
[1.614s] -- Build files have been written to: /home/om/slambot/build/new_robot_firmware
[1.664s] [35m[1mConsolidate compiler generated dependencies of target new_robot_firmware[0m
[1.700s] [100%] Built target new_robot_firmware
[1.719s] Invoked command in '/home/om/slambot/build/new_robot_firmware' returned '0': CMAKE_PREFIX_PATH=${CMAKE_PREFIX_PATH}:/opt/ros/humble /usr/bin/cmake --build /home/om/slambot/build/new_robot_firmware -- -j8 -l8
[1.766s] Invoking command in '/home/om/slambot/build/new_robot_firmware': CMAKE_PREFIX_PATH=${CMAKE_PREFIX_PATH}:/opt/ros/humble /usr/bin/cmake --install /home/om/slambot/build/new_robot_firmware
[1.779s] -- Install configuration: ""
[1.780s] -- Up-to-date: /home/om/slambot/install/new_robot_firmware/share/new_robot_firmware/new_robot_interface.xml
[1.780s] -- Up-to-date: /home/om/slambot/install/new_robot_firmware/lib/libnew_robot_firmware.so
[1.780s] -- Up-to-date: /home/om/slambot/install/new_robot_firmware/include/include
[1.780s] -- Up-to-date: /home/om/slambot/install/new_robot_firmware/include/include/new_robot_firmware
[1.780s] -- Up-to-date: /home/om/slambot/install/new_robot_firmware/include/include/new_robot_firmware/new_robot_interface.hpp
[1.781s] -- Installing: /home/om/slambot/install/new_robot_firmware/share/new_robot_firmware/launch
[1.781s] -- Installing: /home/om/slambot/install/new_robot_firmware/share/new_robot_firmware/launch/hardware_interface.launch.py
[1.781s] -- Up-to-date: /home/om/slambot/install/new_robot_firmware/share/new_robot_firmware/environment/library_path.sh
[1.781s] -- Installing: /home/om/slambot/install/new_robot_firmware/share/new_robot_firmware/environment/library_path.dsv
[1.782s] -- Up-to-date: /home/om/slambot/install/new_robot_firmware/share/ament_index/resource_index/package_run_dependencies/new_robot_firmware
[1.782s] -- Up-to-date: /home/om/slambot/install/new_robot_firmware/share/ament_index/resource_index/parent_prefix_path/new_robot_firmware
[1.782s] -- Up-to-date: /home/om/slambot/install/new_robot_firmware/share/new_robot_firmware/environment/ament_prefix_path.sh
[1.783s] -- Installing: /home/om/slambot/install/new_robot_firmware/share/new_robot_firmware/environment/ament_prefix_path.dsv
[1.783s] -- Up-to-date: /home/om/slambot/install/new_robot_firmware/share/new_robot_firmware/environment/path.sh
[1.783s] -- Installing: /home/om/slambot/install/new_robot_firmware/share/new_robot_firmware/environment/path.dsv
[1.783s] -- Up-to-date: /home/om/slambot/install/new_robot_firmware/share/new_robot_firmware/local_setup.bash
[1.783s] -- Up-to-date: /home/om/slambot/install/new_robot_firmware/share/new_robot_firmware/local_setup.sh
[1.783s] -- Up-to-date: /home/om/slambot/install/new_robot_firmware/share/new_robot_firmware/local_setup.zsh
[1.784s] -- Installing: /home/om/slambot/install/new_robot_firmware/share/new_robot_firmware/local_setup.dsv
[1.784s] -- Installing: /home/om/slambot/install/new_robot_firmware/share/new_robot_firmware/package.dsv
[1.784s] -- Up-to-date: /home/om/slambot/install/new_robot_firmware/share/ament_index/resource_index/packages/new_robot_firmware
[1.784s] -- Up-to-date: /home/om/slambot/install/new_robot_firmware/share/ament_index/resource_index/hardware_interface__pluginlib__plugin/new_robot_firmware
[1.784s] -- Up-to-date: /home/om/slambot/install/new_robot_firmware/share/new_robot_firmware/cmake/ament_cmake_export_include_directories-extras.cmake
[1.785s] -- Up-to-date: /home/om/slambot/install/new_robot_firmware/share/new_robot_firmware/cmake/ament_cmake_export_libraries-extras.cmake
[1.785s] -- Up-to-date: /home/om/slambot/install/new_robot_firmware/share/new_robot_firmware/cmake/ament_cmake_export_dependencies-extras.cmake
[1.785s] -- Up-to-date: /home/om/slambot/install/new_robot_firmware/share/new_robot_firmware/cmake/new_robot_firmwareConfig.cmake
[1.785s] -- Up-to-date: /home/om/slambot/install/new_robot_firmware/share/new_robot_firmware/cmake/new_robot_firmwareConfig-version.cmake
[1.785s] -- Up-to-date: /home/om/slambot/install/new_robot_firmware/share/new_robot_firmware/package.xml
[1.788s] Invoked command in '/home/om/slambot/build/new_robot_firmware' returned '0': CMAKE_PREFIX_PATH=${CMAKE_PREFIX_PATH}:/opt/ros/humble /usr/bin/cmake --install /home/om/slambot/build/new_robot_firmware
