-- Found ament_cmake: 1.3.10 (/opt/ros/humble/share/ament_cmake/cmake)
-- Found rclcpp: 16.0.10 (/opt/ros/humble/share/rclcpp/cmake)
-- Found rosidl_generator_c: 3.1.5 (/opt/ros/humble/share/rosidl_generator_c/cmake)
-- Found rosidl_adapter: 3.1.5 (/opt/ros/humble/share/rosidl_adapter/cmake)
-- Found rosidl_generator_cpp: 3.1.5 (/opt/ros/humble/share/rosidl_generator_cpp/cmake)
-- Using all available rosidl_typesupport_c: rosidl_typesupport_fastrtps_c;rosidl_typesupport_introspection_c
-- Using all available rosidl_typesupport_cpp: rosidl_typesupport_fastrtps_cpp;rosidl_typesupport_introspection_cpp
-- Found rmw_implementation_cmake: 6.1.2 (/opt/ros/humble/share/rmw_implementation_cmake/cmake)
-- Found rmw_fastrtps_cpp: 6.2.7 (/opt/ros/humble/share/rmw_fastrtps_cpp/cmake)
-- Using RMW implementation 'rmw_fastrtps_cpp' as default
-- Found rclpy: 3.3.14 (/opt/ros/humble/share/rclpy/cmake)
-- Found hardware_interface: 2.42.0 (/opt/ros/humble/share/hardware_interface/cmake)
-- Found ament_lint_auto: 0.12.11 (/opt/ros/humble/share/ament_lint_auto/cmake)
-- Added test 'cppcheck' to perform static code analysis on C / C++ code
-- Configured cppcheck include dirs: /home/om/slambot/src/new_robot_firmware/include
-- Configured cppcheck exclude dirs and/or files: 
-- Added test 'lint_cmake' to check CMake code style
-- Added test 'uncrustify' to check C / C++ code style
-- Configured uncrustify additional arguments: 
-- Added test 'xmllint' to check XML markup files
-- Configuring done
-- Generating done
-- Build files have been written to: /home/om/slambot/build/new_robot_firmware
[ 50%] [32mBuilding CXX object CMakeFiles/new_robot_firmware.dir/src/new_robot_interface.cpp.o[0m
[100%] [32m[1mLinking CXX shared library libnew_robot_firmware.so[0m
[100%] Built target new_robot_firmware
-- Install configuration: ""
-- Installing: /home/om/slambot/install/new_robot_firmware/share/new_robot_firmware/new_robot_interface.xml
-- Installing: /home/om/slambot/install/new_robot_firmware/lib/libnew_robot_firmware.so
-- Set runtime path of "/home/om/slambot/install/new_robot_firmware/lib/libnew_robot_firmware.so" to ""
-- Installing: /home/om/slambot/install/new_robot_firmware/include/include
-- Installing: /home/om/slambot/install/new_robot_firmware/include/include/new_robot_firmware
-- Installing: /home/om/slambot/install/new_robot_firmware/include/include/new_robot_firmware/new_robot_interface.hpp
[31mCMake Error at cmake_install.cmake:77 (file):
  file INSTALL cannot find "/home/om/slambot/src/new_robot_firmware/launch":
  No such file or directory.

[0m
