[0.040s] Invoking command in '/home/om/slambot/build/new_robot_firmware': CMAKE_PREFIX_PATH=${CMAKE_PREFIX_PATH}:/opt/ros/humble /usr/bin/cmake --build /home/om/slambot/build/new_robot_firmware -- -j8 -l8
[0.082s] -- Found ament_cmake: 1.3.10 (/opt/ros/humble/share/ament_cmake/cmake)
[0.288s] -- Found rclcpp: 16.0.10 (/opt/ros/humble/share/rclcpp/cmake)
[0.329s] -- Found rosidl_generator_c: 3.1.5 (/opt/ros/humble/share/rosidl_generator_c/cmake)
[0.335s] -- Found rosidl_adapter: 3.1.5 (/opt/ros/humble/share/rosidl_adapter/cmake)
[0.349s] -- Found rosidl_generator_cpp: 3.1.5 (/opt/ros/humble/share/rosidl_generator_cpp/cmake)
[0.365s] -- Using all available rosidl_typesupport_c: rosidl_typesupport_fastrtps_c;rosidl_typesupport_introspection_c
[0.381s] -- Using all available rosidl_typesupport_cpp: rosidl_typesupport_fastrtps_cpp;rosidl_typesupport_introspection_cpp
[0.426s] -- Found rmw_implementation_cmake: 6.1.2 (/opt/ros/humble/share/rmw_implementation_cmake/cmake)
[0.428s] -- Found rmw_fastrtps_cpp: 6.2.7 (/opt/ros/humble/share/rmw_fastrtps_cpp/cmake)
[0.575s] -- Using RMW implementation 'rmw_fastrtps_cpp' as default
[0.637s] -- Found rclpy: 3.3.14 (/opt/ros/humble/share/rclpy/cmake)
[0.638s] -- Found hardware_interface: 2.42.0 (/opt/ros/humble/share/hardware_interface/cmake)
[0.818s] -- Found ament_lint_auto: 0.12.11 (/opt/ros/humble/share/ament_lint_auto/cmake)
[0.911s] -- Added test 'cppcheck' to perform static code analysis on C / C++ code
[0.912s] -- Configured cppcheck include dirs: /home/om/slambot/src/new_robot_firmware/include
[0.912s] -- Configured cppcheck exclude dirs and/or files: 
[0.912s] -- Added test 'lint_cmake' to check CMake code style
[0.913s] -- Added test 'uncrustify' to check C / C++ code style
[0.913s] -- Configured uncrustify additional arguments: 
[0.913s] -- Added test 'xmllint' to check XML markup files
[0.918s] -- Configuring done
[0.944s] -- Generating done
[0.946s] -- Build files have been written to: /home/om/slambot/build/new_robot_firmware
[0.997s] [ 50%] [32mBuilding CXX object CMakeFiles/new_robot_firmware.dir/src/new_robot_interface.cpp.o[0m
[4.863s] [100%] [32m[1mLinking CXX shared library libnew_robot_firmware.so[0m
[5.089s] [100%] Built target new_robot_firmware
[5.102s] Invoked command in '/home/om/slambot/build/new_robot_firmware' returned '0': CMAKE_PREFIX_PATH=${CMAKE_PREFIX_PATH}:/opt/ros/humble /usr/bin/cmake --build /home/om/slambot/build/new_robot_firmware -- -j8 -l8
[5.133s] Invoking command in '/home/om/slambot/build/new_robot_firmware': CMAKE_PREFIX_PATH=${CMAKE_PREFIX_PATH}:/opt/ros/humble /usr/bin/cmake --install /home/om/slambot/build/new_robot_firmware
[5.140s] -- Install configuration: ""
[5.141s] -- Installing: /home/om/slambot/install/new_robot_firmware/share/new_robot_firmware/new_robot_interface.xml
[5.141s] -- Installing: /home/om/slambot/install/new_robot_firmware/lib/libnew_robot_firmware.so
[5.142s] -- Set runtime path of "/home/om/slambot/install/new_robot_firmware/lib/libnew_robot_firmware.so" to ""
[5.142s] -- Installing: /home/om/slambot/install/new_robot_firmware/include/include
[5.142s] -- Installing: /home/om/slambot/install/new_robot_firmware/include/include/new_robot_firmware
[5.142s] -- Installing: /home/om/slambot/install/new_robot_firmware/include/include/new_robot_firmware/new_robot_interface.hpp
[5.142s] [31mCMake Error at cmake_install.cmake:77 (file):
[5.142s]   file INSTALL cannot find "/home/om/slambot/src/new_robot_firmware/launch":
[5.142s]   No such file or directory.
[5.142s] 
[5.142s] [0m
[5.144s] Invoked command in '/home/om/slambot/build/new_robot_firmware' returned '1': CMAKE_PREFIX_PATH=${CMAKE_PREFIX_PATH}:/opt/ros/humble /usr/bin/cmake --install /home/om/slambot/build/new_robot_firmware
