[0.023s] Invoking command in '/home/om/slambot/build/new_robot_firmware': CMAKE_PREFIX_PATH=${CMAKE_PREFIX_PATH}:/opt/ros/humble /usr/bin/cmake --build /home/om/slambot/build/new_robot_firmware -- -j8 -l8
[0.073s] -- Found ament_cmake: 1.3.10 (/opt/ros/humble/share/ament_cmake/cmake)
[0.273s] -- Found rclcpp: 16.0.10 (/opt/ros/humble/share/rclcpp/cmake)
[0.317s] -- Found rosidl_generator_c: 3.1.5 (/opt/ros/humble/share/rosidl_generator_c/cmake)
[0.324s] -- Found rosidl_adapter: 3.1.5 (/opt/ros/humble/share/rosidl_adapter/cmake)
[0.331s] -- Found rosidl_generator_cpp: 3.1.5 (/opt/ros/humble/share/rosidl_generator_cpp/cmake)
[0.356s] -- Using all available rosidl_typesupport_c: rosidl_typesupport_fastrtps_c;rosidl_typesupport_introspection_c
[0.374s] -- Using all available rosidl_typesupport_cpp: rosidl_typesupport_fastrtps_cpp;rosidl_typesupport_introspection_cpp
[0.427s] -- Found rmw_implementation_cmake: 6.1.2 (/opt/ros/humble/share/rmw_implementation_cmake/cmake)
[0.434s] -- Found rmw_fastrtps_cpp: 6.2.7 (/opt/ros/humble/share/rmw_fastrtps_cpp/cmake)
[0.567s] -- Using RMW implementation 'rmw_fastrtps_cpp' as default
[0.631s] -- Found rclpy: 3.3.14 (/opt/ros/humble/share/rclpy/cmake)
[0.631s] -- Found hardware_interface: 2.42.0 (/opt/ros/humble/share/hardware_interface/cmake)
[0.818s] -- Found ament_lint_auto: 0.12.11 (/opt/ros/humble/share/ament_lint_auto/cmake)
[0.911s] -- Added test 'cppcheck' to perform static code analysis on C / C++ code
[0.911s] -- Configured cppcheck include dirs: /home/om/slambot/src/new_robot_firmware/include
[0.911s] -- Configured cppcheck exclude dirs and/or files: 
[0.911s] -- Added test 'lint_cmake' to check CMake code style
[0.912s] -- Added test 'uncrustify' to check C / C++ code style
[0.913s] -- Configured uncrustify additional arguments: 
[0.913s] -- Added test 'xmllint' to check XML markup files
[0.915s] -- Configuring done
[0.943s] -- Generating done
[0.944s] -- Build files have been written to: /home/om/slambot/build/new_robot_firmware
[0.984s] [35m[1mConsolidate compiler generated dependencies of target new_robot_firmware[0m
[1.008s] [100%] Built target new_robot_firmware
[1.038s] Invoked command in '/home/om/slambot/build/new_robot_firmware' returned '0': CMAKE_PREFIX_PATH=${CMAKE_PREFIX_PATH}:/opt/ros/humble /usr/bin/cmake --build /home/om/slambot/build/new_robot_firmware -- -j8 -l8
[1.073s] Invoking command in '/home/om/slambot/build/new_robot_firmware': CMAKE_PREFIX_PATH=${CMAKE_PREFIX_PATH}:/opt/ros/humble /usr/bin/cmake --install /home/om/slambot/build/new_robot_firmware
[1.082s] -- Install configuration: ""
[1.082s] -- Up-to-date: /home/om/slambot/install/new_robot_firmware/share/new_robot_firmware/new_robot_interface.xml
[1.083s] -- Up-to-date: /home/om/slambot/install/new_robot_firmware/lib/libnew_robot_firmware.so
[1.083s] -- Up-to-date: /home/om/slambot/install/new_robot_firmware/include/include
[1.083s] -- Up-to-date: /home/om/slambot/install/new_robot_firmware/include/include/new_robot_firmware
[1.083s] -- Up-to-date: /home/om/slambot/install/new_robot_firmware/include/include/new_robot_firmware/new_robot_interface.hpp
[1.083s] -- Installing: /home/om/slambot/install/new_robot_firmware/share/new_robot_firmware/environment/library_path.sh
[1.083s] -- Installing: /home/om/slambot/install/new_robot_firmware/share/new_robot_firmware/environment/library_path.dsv
[1.083s] -- Installing: /home/om/slambot/install/new_robot_firmware/share/ament_index/resource_index/package_run_dependencies/new_robot_firmware
[1.083s] -- Installing: /home/om/slambot/install/new_robot_firmware/share/ament_index/resource_index/parent_prefix_path/new_robot_firmware
[1.084s] -- Installing: /home/om/slambot/install/new_robot_firmware/share/new_robot_firmware/environment/ament_prefix_path.sh
[1.084s] -- Installing: /home/om/slambot/install/new_robot_firmware/share/new_robot_firmware/environment/ament_prefix_path.dsv
[1.084s] -- Installing: /home/om/slambot/install/new_robot_firmware/share/new_robot_firmware/environment/path.sh
[1.084s] -- Installing: /home/om/slambot/install/new_robot_firmware/share/new_robot_firmware/environment/path.dsv
[1.084s] -- Up-to-date: /home/om/slambot/install/new_robot_firmware/share/new_robot_firmware/local_setup.bash
[1.084s] -- Installing: /home/om/slambot/install/new_robot_firmware/share/new_robot_firmware/local_setup.sh
[1.084s] -- Up-to-date: /home/om/slambot/install/new_robot_firmware/share/new_robot_firmware/local_setup.zsh
[1.084s] -- Installing: /home/om/slambot/install/new_robot_firmware/share/new_robot_firmware/local_setup.dsv
[1.085s] -- Installing: /home/om/slambot/install/new_robot_firmware/share/new_robot_firmware/package.dsv
[1.085s] -- Up-to-date: /home/om/slambot/install/new_robot_firmware/share/ament_index/resource_index/packages/new_robot_firmware
[1.085s] -- Installing: /home/om/slambot/install/new_robot_firmware/share/ament_index/resource_index/hardware_interface__pluginlib__plugin/new_robot_firmware
[1.085s] -- Installing: /home/om/slambot/install/new_robot_firmware/share/new_robot_firmware/cmake/ament_cmake_export_include_directories-extras.cmake
[1.085s] -- Installing: /home/om/slambot/install/new_robot_firmware/share/new_robot_firmware/cmake/ament_cmake_export_libraries-extras.cmake
[1.085s] -- Installing: /home/om/slambot/install/new_robot_firmware/share/new_robot_firmware/cmake/ament_cmake_export_dependencies-extras.cmake
[1.085s] -- Installing: /home/om/slambot/install/new_robot_firmware/share/new_robot_firmware/cmake/new_robot_firmwareConfig.cmake
[1.086s] -- Up-to-date: /home/om/slambot/install/new_robot_firmware/share/new_robot_firmware/cmake/new_robot_firmwareConfig-version.cmake
[1.086s] -- Installing: /home/om/slambot/install/new_robot_firmware/share/new_robot_firmware/package.xml
[1.089s] Invoked command in '/home/om/slambot/build/new_robot_firmware' returned '0': CMAKE_PREFIX_PATH=${CMAKE_PREFIX_PATH}:/opt/ros/humble /usr/bin/cmake --install /home/om/slambot/build/new_robot_firmware
