[0.021s] Invoking command in '/home/om/slambot/build/bumperbot_cpp_examples': AMENT_PREFIX_PATH=/home/om/slambot/install/bumperbot_msgs:${AMENT_PREFIX_PATH} CMAKE_PREFIX_PATH=/home/om/slambot/install/bumperbot_msgs:/home/om/ur5_gazebo/install/ur_simulation_gazebo:/home/om/ur5_gazebo/install/ur_moveit_config:/home/om/ur5_gazebo/install/ur_description:/home/om/ur5_gazebo/install/trac_ik:/home/om/ur5_gazebo/install/trac_ik_kinematics_plugin:/home/om/ur5_gazebo/install/trac_ik_lib:/home/om/ur5_gazebo/install/robot_controller:/opt/ros/humble LD_LIBRARY_PATH=/home/om/slambot/install/bumperbot_msgs/lib:${LD_LIBRARY_PATH} PYTHONPATH=/home/om/slambot/install/bumperbot_msgs/local/lib/python3.10/dist-packages:${PYTHONPATH} /usr/bin/cmake --build /home/om/slambot/build/bumperbot_cpp_examples -- -j8 -l8
[0.050s] -- Found ament_cmake: 1.3.10 (/opt/ros/humble/share/ament_cmake/cmake)
[0.216s] -- Found rclcpp: 16.0.10 (/opt/ros/humble/share/rclcpp/cmake)
[0.250s] -- Found rosidl_generator_c: 3.1.5 (/opt/ros/humble/share/rosidl_generator_c/cmake)
[0.253s] -- Found rosidl_adapter: 3.1.5 (/opt/ros/humble/share/rosidl_adapter/cmake)
[0.260s] -- Found rosidl_generator_cpp: 3.1.5 (/opt/ros/humble/share/rosidl_generator_cpp/cmake)
[0.274s] -- Using all available rosidl_typesupport_c: rosidl_typesupport_fastrtps_c;rosidl_typesupport_introspection_c
[0.290s] -- Using all available rosidl_typesupport_cpp: rosidl_typesupport_fastrtps_cpp;rosidl_typesupport_introspection_cpp
[0.332s] -- Found rmw_implementation_cmake: 6.1.2 (/opt/ros/humble/share/rmw_implementation_cmake/cmake)
[0.332s] -- Found rmw_fastrtps_cpp: 6.2.7 (/opt/ros/humble/share/rmw_fastrtps_cpp/cmake)
[0.467s] -- Using RMW implementation 'rmw_fastrtps_cpp' as default
[0.530s] -- Found turtlesim: 1.4.2 (/opt/ros/humble/share/turtlesim/cmake)
[0.581s] -- Found bumperbot_msgs: 0.0.0 (/home/om/slambot/install/bumperbot_msgs/share/bumperbot_msgs/cmake)
[0.615s] -- Found tf2: 0.25.7 (/opt/ros/humble/share/tf2/cmake)
[0.620s] -- Found tf2_ros: 0.25.7 (/opt/ros/humble/share/tf2_ros/cmake)
[0.689s] -- Found rclcpp_lifecycle: 16.0.10 (/opt/ros/humble/share/rclcpp_lifecycle/cmake)
[0.809s] -- Configuring done
[0.859s] -- Generating done
[0.860s] -- Build files have been written to: /home/om/slambot/build/bumperbot_cpp_examples
[0.906s] [35m[1mConsolidate compiler generated dependencies of target simple_parameter[0m
[0.906s] [35m[1mConsolidate compiler generated dependencies of target simple_turtlesim_kinematics[0m
[0.906s] [35m[1mConsolidate compiler generated dependencies of target simple_service_client[0m
[0.911s] [35m[1mConsolidate compiler generated dependencies of target simple_service_server[0m
[0.914s] [35m[1mConsolidate compiler generated dependencies of target simple_lifecycle_node[0m
[0.914s] [35m[1mConsolidate compiler generated dependencies of target simple_subscriber[0m
[0.923s] [35m[1mConsolidate compiler generated dependencies of target simple_publisher[0m
[0.923s] [35m[1mConsolidate compiler generated dependencies of target simple_tf_kinematics[0m
[0.943s] [ 18%] Built target simple_parameter
[0.943s] [ 25%] Built target simple_service_server
[0.945s] [ 37%] Built target simple_lifecycle_node
[0.947s] [ 50%] Built target simple_turtlesim_kinematics
[0.951s] [ 62%] Built target simple_service_client
[0.953s] [ 75%] Built target simple_subscriber
[0.957s] [ 87%] Built target simple_publisher
[0.966s] [100%] Built target simple_tf_kinematics
[0.980s] Invoked command in '/home/om/slambot/build/bumperbot_cpp_examples' returned '0': AMENT_PREFIX_PATH=/home/om/slambot/install/bumperbot_msgs:${AMENT_PREFIX_PATH} CMAKE_PREFIX_PATH=/home/om/slambot/install/bumperbot_msgs:/home/om/ur5_gazebo/install/ur_simulation_gazebo:/home/om/ur5_gazebo/install/ur_moveit_config:/home/om/ur5_gazebo/install/ur_description:/home/om/ur5_gazebo/install/trac_ik:/home/om/ur5_gazebo/install/trac_ik_kinematics_plugin:/home/om/ur5_gazebo/install/trac_ik_lib:/home/om/ur5_gazebo/install/robot_controller:/opt/ros/humble LD_LIBRARY_PATH=/home/om/slambot/install/bumperbot_msgs/lib:${LD_LIBRARY_PATH} PYTHONPATH=/home/om/slambot/install/bumperbot_msgs/local/lib/python3.10/dist-packages:${PYTHONPATH} /usr/bin/cmake --build /home/om/slambot/build/bumperbot_cpp_examples -- -j8 -l8
[1.035s] Invoking command in '/home/om/slambot/build/bumperbot_cpp_examples': AMENT_PREFIX_PATH=/home/om/slambot/install/bumperbot_msgs:${AMENT_PREFIX_PATH} CMAKE_PREFIX_PATH=/home/om/slambot/install/bumperbot_msgs:/home/om/ur5_gazebo/install/ur_simulation_gazebo:/home/om/ur5_gazebo/install/ur_moveit_config:/home/om/ur5_gazebo/install/ur_description:/home/om/ur5_gazebo/install/trac_ik:/home/om/ur5_gazebo/install/trac_ik_kinematics_plugin:/home/om/ur5_gazebo/install/trac_ik_lib:/home/om/ur5_gazebo/install/robot_controller:/opt/ros/humble LD_LIBRARY_PATH=/home/om/slambot/install/bumperbot_msgs/lib:${LD_LIBRARY_PATH} PYTHONPATH=/home/om/slambot/install/bumperbot_msgs/local/lib/python3.10/dist-packages:${PYTHONPATH} /usr/bin/cmake --install /home/om/slambot/build/bumperbot_cpp_examples
[1.042s] -- Install configuration: ""
[1.043s] -- Up-to-date: /home/om/slambot/install/bumperbot_cpp_examples/include/include
[1.043s] -- Up-to-date: /home/om/slambot/install/bumperbot_cpp_examples/include/include/bumperbot_cpp_examples
[1.043s] -- Up-to-date: /home/om/slambot/install/bumperbot_cpp_examples/include/include/bumperbot_cpp_examples/simple_turtlesim_kinematics.hpp
[1.043s] -- Up-to-date: /home/om/slambot/install/bumperbot_cpp_examples/include/include/bumperbot_cpp_examples/simple_tf_kinematics.hpp
[1.043s] -- Up-to-date: /home/om/slambot/install/bumperbot_cpp_examples/lib/bumperbot_cpp_examples/simple_publisher
[1.044s] -- Up-to-date: /home/om/slambot/install/bumperbot_cpp_examples/lib/bumperbot_cpp_examples/simple_subscriber
[1.045s] -- Up-to-date: /home/om/slambot/install/bumperbot_cpp_examples/lib/bumperbot_cpp_examples/simple_parameter
[1.046s] -- Up-to-date: /home/om/slambot/install/bumperbot_cpp_examples/lib/bumperbot_cpp_examples/simple_turtlesim_kinematics
[1.047s] -- Up-to-date: /home/om/slambot/install/bumperbot_cpp_examples/lib/bumperbot_cpp_examples/simple_service_server
[1.048s] -- Up-to-date: /home/om/slambot/install/bumperbot_cpp_examples/lib/bumperbot_cpp_examples/simple_service_client
[1.049s] -- Up-to-date: /home/om/slambot/install/bumperbot_cpp_examples/lib/bumperbot_cpp_examples/simple_tf_kinematics
[1.049s] -- Up-to-date: /home/om/slambot/install/bumperbot_cpp_examples/lib/bumperbot_cpp_examples/simple_lifecycle_node
[1.050s] -- Up-to-date: /home/om/slambot/install/bumperbot_cpp_examples/share/ament_index/resource_index/package_run_dependencies/bumperbot_cpp_examples
[1.050s] -- Installing: /home/om/slambot/install/bumperbot_cpp_examples/share/ament_index/resource_index/parent_prefix_path/bumperbot_cpp_examples
[1.050s] -- Installing: /home/om/slambot/install/bumperbot_cpp_examples/share/bumperbot_cpp_examples/environment/ament_prefix_path.sh
[1.050s] -- Installing: /home/om/slambot/install/bumperbot_cpp_examples/share/bumperbot_cpp_examples/environment/ament_prefix_path.dsv
[1.050s] -- Installing: /home/om/slambot/install/bumperbot_cpp_examples/share/bumperbot_cpp_examples/environment/path.sh
[1.050s] -- Installing: /home/om/slambot/install/bumperbot_cpp_examples/share/bumperbot_cpp_examples/environment/path.dsv
[1.050s] -- Up-to-date: /home/om/slambot/install/bumperbot_cpp_examples/share/bumperbot_cpp_examples/local_setup.bash
[1.050s] -- Up-to-date: /home/om/slambot/install/bumperbot_cpp_examples/share/bumperbot_cpp_examples/local_setup.sh
[1.051s] -- Up-to-date: /home/om/slambot/install/bumperbot_cpp_examples/share/bumperbot_cpp_examples/local_setup.zsh
[1.051s] -- Installing: /home/om/slambot/install/bumperbot_cpp_examples/share/bumperbot_cpp_examples/local_setup.dsv
[1.051s] -- Installing: /home/om/slambot/install/bumperbot_cpp_examples/share/bumperbot_cpp_examples/package.dsv
[1.051s] -- Up-to-date: /home/om/slambot/install/bumperbot_cpp_examples/share/ament_index/resource_index/packages/bumperbot_cpp_examples
[1.051s] -- Up-to-date: /home/om/slambot/install/bumperbot_cpp_examples/share/bumperbot_cpp_examples/cmake/bumperbot_cpp_examplesConfig.cmake
[1.051s] -- Up-to-date: /home/om/slambot/install/bumperbot_cpp_examples/share/bumperbot_cpp_examples/cmake/bumperbot_cpp_examplesConfig-version.cmake
[1.051s] -- Up-to-date: /home/om/slambot/install/bumperbot_cpp_examples/share/bumperbot_cpp_examples/package.xml
[1.054s] Invoked command in '/home/om/slambot/build/bumperbot_cpp_examples' returned '0': AMENT_PREFIX_PATH=/home/om/slambot/install/bumperbot_msgs:${AMENT_PREFIX_PATH} CMAKE_PREFIX_PATH=/home/om/slambot/install/bumperbot_msgs:/home/om/ur5_gazebo/install/ur_simulation_gazebo:/home/om/ur5_gazebo/install/ur_moveit_config:/home/om/ur5_gazebo/install/ur_description:/home/om/ur5_gazebo/install/trac_ik:/home/om/ur5_gazebo/install/trac_ik_kinematics_plugin:/home/om/ur5_gazebo/install/trac_ik_lib:/home/om/ur5_gazebo/install/robot_controller:/opt/ros/humble LD_LIBRARY_PATH=/home/om/slambot/install/bumperbot_msgs/lib:${LD_LIBRARY_PATH} PYTHONPATH=/home/om/slambot/install/bumperbot_msgs/local/lib/python3.10/dist-packages:${PYTHONPATH} /usr/bin/cmake --install /home/om/slambot/build/bumperbot_cpp_examples
