[0.204s] DEBUG:colcon:Command line arguments: ['/usr/bin/colcon', 'list', '-p', '--base-paths', '/home/om/slambot']
[0.204s] DEBUG:colcon:Parsed command line arguments: Namespace(log_base=None, log_level=None, verb_name='list', build_base='build', ignore_user_meta=False, metas=['./colcon.meta'], base_paths=['/home/om/slambot'], packages_ignore=None, packages_ignore_regex=None, paths=None, packages_up_to=None, packages_up_to_regex=None, packages_above=None, packages_above_and_dependencies=None, packages_above_depth=None, packages_select_by_dep=None, packages_skip_by_dep=None, packages_skip_up_to=None, packages_select_build_failed=False, packages_skip_build_finished=False, packages_select_test_failures=False, packages_skip_test_passed=False, packages_select=None, packages_skip=None, packages_select_regex=None, packages_skip_regex=None, packages_start=None, packages_end=None, allow_overriding=[], topological_order=False, names_only=False, paths_only=True, topological_graph=False, topological_graph_dot=False, topological_graph_density=False, topological_graph_legend=False, topological_graph_dot_cluster=False, topological_graph_dot_include_skipped=False, verb_parser=<colcon_defaults.argument_parser.defaults.DefaultArgumentsDecorator object at 0x70bb44739ae0>, verb_extension=<colcon_package_information.verb.list.ListVerb object at 0x70bb448b2770>, main=<bound method ListVerb.main of <colcon_package_information.verb.list.ListVerb object at 0x70bb448b2770>>)
[0.578s] Level 1:colcon.colcon_core.package_discovery:discover_packages(colcon_meta) check parameters
[0.578s] Level 1:colcon.colcon_core.package_discovery:discover_packages(recursive) check parameters
[0.578s] Level 1:colcon.colcon_core.package_discovery:discover_packages(ignore) check parameters
[0.578s] Level 1:colcon.colcon_core.package_discovery:discover_packages(path) check parameters
[0.578s] Level 1:colcon.colcon_core.package_discovery:discover_packages(recursive) discover
[0.578s] INFO:colcon.colcon_core.package_discovery:Crawling recursively for packages in '/home/om/slambot'
[0.579s] Level 1:colcon.colcon_core.package_identification:_identify(/home/om/slambot) by extensions ['ignore', 'ignore_ament_install']
[0.579s] Level 1:colcon.colcon_core.package_identification:_identify(/home/om/slambot) by extension 'ignore'
[0.579s] Level 1:colcon.colcon_core.package_identification:_identify(/home/om/slambot) by extension 'ignore_ament_install'
[0.579s] Level 1:colcon.colcon_core.package_identification:_identify(/home/om/slambot) by extensions ['colcon_pkg']
[0.579s] Level 1:colcon.colcon_core.package_identification:_identify(/home/om/slambot) by extension 'colcon_pkg'
[0.579s] Level 1:colcon.colcon_core.package_identification:_identify(/home/om/slambot) by extensions ['colcon_meta']
[0.579s] Level 1:colcon.colcon_core.package_identification:_identify(/home/om/slambot) by extension 'colcon_meta'
[0.579s] Level 1:colcon.colcon_core.package_identification:_identify(/home/om/slambot) by extensions ['ros']
[0.579s] Level 1:colcon.colcon_core.package_identification:_identify(/home/om/slambot) by extension 'ros'
[0.605s] Level 1:colcon.colcon_core.package_identification:_identify(/home/om/slambot) by extensions ['cmake', 'python']
[0.605s] Level 1:colcon.colcon_core.package_identification:_identify(/home/om/slambot) by extension 'cmake'
[0.605s] Level 1:colcon.colcon_core.package_identification:_identify(/home/om/slambot) by extension 'python'
[0.605s] Level 1:colcon.colcon_core.package_identification:_identify(/home/om/slambot) by extensions ['python_setup_py']
[0.605s] Level 1:colcon.colcon_core.package_identification:_identify(/home/om/slambot) by extension 'python_setup_py'
[0.606s] Level 1:colcon.colcon_core.package_identification:_identify(/home/om/slambot/build) by extensions ['ignore', 'ignore_ament_install']
[0.606s] Level 1:colcon.colcon_core.package_identification:_identify(/home/om/slambot/build) by extension 'ignore'
[0.606s] Level 1:colcon.colcon_core.package_identification:_identify(/home/om/slambot/build) ignored
[0.606s] Level 1:colcon.colcon_core.package_identification:_identify(/home/om/slambot/install) by extensions ['ignore', 'ignore_ament_install']
[0.606s] Level 1:colcon.colcon_core.package_identification:_identify(/home/om/slambot/install) by extension 'ignore'
[0.606s] Level 1:colcon.colcon_core.package_identification:_identify(/home/om/slambot/install) ignored
[0.607s] Level 1:colcon.colcon_core.package_identification:_identify(/home/om/slambot/log) by extensions ['ignore', 'ignore_ament_install']
[0.607s] Level 1:colcon.colcon_core.package_identification:_identify(/home/om/slambot/log) by extension 'ignore'
[0.607s] Level 1:colcon.colcon_core.package_identification:_identify(/home/om/slambot/log) ignored
[0.607s] Level 1:colcon.colcon_core.package_identification:_identify(/home/om/slambot/src) by extensions ['ignore', 'ignore_ament_install']
[0.607s] Level 1:colcon.colcon_core.package_identification:_identify(/home/om/slambot/src) by extension 'ignore'
[0.607s] Level 1:colcon.colcon_core.package_identification:_identify(/home/om/slambot/src) by extension 'ignore_ament_install'
[0.608s] Level 1:colcon.colcon_core.package_identification:_identify(/home/om/slambot/src) by extensions ['colcon_pkg']
[0.608s] Level 1:colcon.colcon_core.package_identification:_identify(/home/om/slambot/src) by extension 'colcon_pkg'
[0.608s] Level 1:colcon.colcon_core.package_identification:_identify(/home/om/slambot/src) by extensions ['colcon_meta']
[0.608s] Level 1:colcon.colcon_core.package_identification:_identify(/home/om/slambot/src) by extension 'colcon_meta'
[0.608s] Level 1:colcon.colcon_core.package_identification:_identify(/home/om/slambot/src) by extensions ['ros']
[0.608s] Level 1:colcon.colcon_core.package_identification:_identify(/home/om/slambot/src) by extension 'ros'
[0.608s] Level 1:colcon.colcon_core.package_identification:_identify(/home/om/slambot/src) by extensions ['cmake', 'python']
[0.608s] Level 1:colcon.colcon_core.package_identification:_identify(/home/om/slambot/src) by extension 'cmake'
[0.608s] Level 1:colcon.colcon_core.package_identification:_identify(/home/om/slambot/src) by extension 'python'
[0.608s] Level 1:colcon.colcon_core.package_identification:_identify(/home/om/slambot/src) by extensions ['python_setup_py']
[0.609s] Level 1:colcon.colcon_core.package_identification:_identify(/home/om/slambot/src) by extension 'python_setup_py'
[0.609s] Level 1:colcon.colcon_core.package_identification:_identify(/home/om/slambot/src/bumperbot_bringup) by extensions ['ignore', 'ignore_ament_install']
[0.609s] Level 1:colcon.colcon_core.package_identification:_identify(/home/om/slambot/src/bumperbot_bringup) by extension 'ignore'
[0.609s] Level 1:colcon.colcon_core.package_identification:_identify(/home/om/slambot/src/bumperbot_bringup) by extension 'ignore_ament_install'
[0.609s] Level 1:colcon.colcon_core.package_identification:_identify(/home/om/slambot/src/bumperbot_bringup) by extensions ['colcon_pkg']
[0.609s] Level 1:colcon.colcon_core.package_identification:_identify(/home/om/slambot/src/bumperbot_bringup) by extension 'colcon_pkg'
[0.609s] Level 1:colcon.colcon_core.package_identification:_identify(/home/om/slambot/src/bumperbot_bringup) by extensions ['colcon_meta']
[0.610s] Level 1:colcon.colcon_core.package_identification:_identify(/home/om/slambot/src/bumperbot_bringup) by extension 'colcon_meta'
[0.610s] Level 1:colcon.colcon_core.package_identification:_identify(/home/om/slambot/src/bumperbot_bringup) by extensions ['ros']
[0.610s] Level 1:colcon.colcon_core.package_identification:_identify(/home/om/slambot/src/bumperbot_bringup) by extension 'ros'
[0.616s] DEBUG:colcon.colcon_core.package_identification:Package '/home/om/slambot/src/bumperbot_bringup' with type 'ros.ament_cmake' and name 'bumperbot_bringup'
[0.616s] Level 1:colcon.colcon_core.package_identification:_identify(/home/om/slambot/src/bumperbot_controller) by extensions ['ignore', 'ignore_ament_install']
[0.616s] Level 1:colcon.colcon_core.package_identification:_identify(/home/om/slambot/src/bumperbot_controller) by extension 'ignore'
[0.616s] Level 1:colcon.colcon_core.package_identification:_identify(/home/om/slambot/src/bumperbot_controller) by extension 'ignore_ament_install'
[0.616s] Level 1:colcon.colcon_core.package_identification:_identify(/home/om/slambot/src/bumperbot_controller) by extensions ['colcon_pkg']
[0.617s] Level 1:colcon.colcon_core.package_identification:_identify(/home/om/slambot/src/bumperbot_controller) by extension 'colcon_pkg'
[0.617s] Level 1:colcon.colcon_core.package_identification:_identify(/home/om/slambot/src/bumperbot_controller) by extensions ['colcon_meta']
[0.617s] Level 1:colcon.colcon_core.package_identification:_identify(/home/om/slambot/src/bumperbot_controller) by extension 'colcon_meta'
[0.617s] Level 1:colcon.colcon_core.package_identification:_identify(/home/om/slambot/src/bumperbot_controller) by extensions ['ros']
[0.617s] Level 1:colcon.colcon_core.package_identification:_identify(/home/om/slambot/src/bumperbot_controller) by extension 'ros'
[0.620s] DEBUG:colcon.colcon_core.package_identification:Package '/home/om/slambot/src/bumperbot_controller' with type 'ros.ament_cmake' and name 'bumperbot_controller'
[0.620s] Level 1:colcon.colcon_core.package_identification:_identify(/home/om/slambot/src/bumperbot_cpp_examples) by extensions ['ignore', 'ignore_ament_install']
[0.620s] Level 1:colcon.colcon_core.package_identification:_identify(/home/om/slambot/src/bumperbot_cpp_examples) by extension 'ignore'
[0.621s] Level 1:colcon.colcon_core.package_identification:_identify(/home/om/slambot/src/bumperbot_cpp_examples) by extension 'ignore_ament_install'
[0.621s] Level 1:colcon.colcon_core.package_identification:_identify(/home/om/slambot/src/bumperbot_cpp_examples) by extensions ['colcon_pkg']
[0.621s] Level 1:colcon.colcon_core.package_identification:_identify(/home/om/slambot/src/bumperbot_cpp_examples) by extension 'colcon_pkg'
[0.621s] Level 1:colcon.colcon_core.package_identification:_identify(/home/om/slambot/src/bumperbot_cpp_examples) by extensions ['colcon_meta']
[0.621s] Level 1:colcon.colcon_core.package_identification:_identify(/home/om/slambot/src/bumperbot_cpp_examples) by extension 'colcon_meta'
[0.621s] Level 1:colcon.colcon_core.package_identification:_identify(/home/om/slambot/src/bumperbot_cpp_examples) by extensions ['ros']
[0.621s] Level 1:colcon.colcon_core.package_identification:_identify(/home/om/slambot/src/bumperbot_cpp_examples) by extension 'ros'
[0.624s] DEBUG:colcon.colcon_core.package_identification:Package '/home/om/slambot/src/bumperbot_cpp_examples' with type 'ros.ament_cmake' and name 'bumperbot_cpp_examples'
[0.624s] Level 1:colcon.colcon_core.package_identification:_identify(/home/om/slambot/src/bumperbot_description) by extensions ['ignore', 'ignore_ament_install']
[0.625s] Level 1:colcon.colcon_core.package_identification:_identify(/home/om/slambot/src/bumperbot_description) by extension 'ignore'
[0.625s] Level 1:colcon.colcon_core.package_identification:_identify(/home/om/slambot/src/bumperbot_description) by extension 'ignore_ament_install'
[0.625s] Level 1:colcon.colcon_core.package_identification:_identify(/home/om/slambot/src/bumperbot_description) by extensions ['colcon_pkg']
[0.625s] Level 1:colcon.colcon_core.package_identification:_identify(/home/om/slambot/src/bumperbot_description) by extension 'colcon_pkg'
[0.625s] Level 1:colcon.colcon_core.package_identification:_identify(/home/om/slambot/src/bumperbot_description) by extensions ['colcon_meta']
[0.625s] Level 1:colcon.colcon_core.package_identification:_identify(/home/om/slambot/src/bumperbot_description) by extension 'colcon_meta'
[0.625s] Level 1:colcon.colcon_core.package_identification:_identify(/home/om/slambot/src/bumperbot_description) by extensions ['ros']
[0.625s] Level 1:colcon.colcon_core.package_identification:_identify(/home/om/slambot/src/bumperbot_description) by extension 'ros'
[0.627s] DEBUG:colcon.colcon_core.package_identification:Package '/home/om/slambot/src/bumperbot_description' with type 'ros.ament_cmake' and name 'bumperbot_description'
[0.627s] Level 1:colcon.colcon_core.package_identification:_identify(/home/om/slambot/src/bumperbot_firmware) by extensions ['ignore', 'ignore_ament_install']
[0.627s] Level 1:colcon.colcon_core.package_identification:_identify(/home/om/slambot/src/bumperbot_firmware) by extension 'ignore'
[0.627s] Level 1:colcon.colcon_core.package_identification:_identify(/home/om/slambot/src/bumperbot_firmware) by extension 'ignore_ament_install'
[0.628s] Level 1:colcon.colcon_core.package_identification:_identify(/home/om/slambot/src/bumperbot_firmware) by extensions ['colcon_pkg']
[0.628s] Level 1:colcon.colcon_core.package_identification:_identify(/home/om/slambot/src/bumperbot_firmware) by extension 'colcon_pkg'
[0.628s] Level 1:colcon.colcon_core.package_identification:_identify(/home/om/slambot/src/bumperbot_firmware) by extensions ['colcon_meta']
[0.628s] Level 1:colcon.colcon_core.package_identification:_identify(/home/om/slambot/src/bumperbot_firmware) by extension 'colcon_meta'
[0.628s] Level 1:colcon.colcon_core.package_identification:_identify(/home/om/slambot/src/bumperbot_firmware) by extensions ['ros']
[0.628s] Level 1:colcon.colcon_core.package_identification:_identify(/home/om/slambot/src/bumperbot_firmware) by extension 'ros'
[0.631s] DEBUG:colcon.colcon_core.package_identification:Package '/home/om/slambot/src/bumperbot_firmware' with type 'ros.ament_cmake' and name 'bumperbot_firmware'
[0.631s] Level 1:colcon.colcon_core.package_identification:_identify(/home/om/slambot/src/bumperbot_localization) by extensions ['ignore', 'ignore_ament_install']
[0.631s] Level 1:colcon.colcon_core.package_identification:_identify(/home/om/slambot/src/bumperbot_localization) by extension 'ignore'
[0.631s] Level 1:colcon.colcon_core.package_identification:_identify(/home/om/slambot/src/bumperbot_localization) by extension 'ignore_ament_install'
[0.631s] Level 1:colcon.colcon_core.package_identification:_identify(/home/om/slambot/src/bumperbot_localization) by extensions ['colcon_pkg']
[0.631s] Level 1:colcon.colcon_core.package_identification:_identify(/home/om/slambot/src/bumperbot_localization) by extension 'colcon_pkg'
[0.631s] Level 1:colcon.colcon_core.package_identification:_identify(/home/om/slambot/src/bumperbot_localization) by extensions ['colcon_meta']
[0.631s] Level 1:colcon.colcon_core.package_identification:_identify(/home/om/slambot/src/bumperbot_localization) by extension 'colcon_meta'
[0.632s] Level 1:colcon.colcon_core.package_identification:_identify(/home/om/slambot/src/bumperbot_localization) by extensions ['ros']
[0.632s] Level 1:colcon.colcon_core.package_identification:_identify(/home/om/slambot/src/bumperbot_localization) by extension 'ros'
[0.633s] DEBUG:colcon.colcon_core.package_identification:Package '/home/om/slambot/src/bumperbot_localization' with type 'ros.ament_cmake' and name 'bumperbot_localization'
[0.634s] Level 1:colcon.colcon_core.package_identification:_identify(/home/om/slambot/src/bumperbot_msgs) by extensions ['ignore', 'ignore_ament_install']
[0.634s] Level 1:colcon.colcon_core.package_identification:_identify(/home/om/slambot/src/bumperbot_msgs) by extension 'ignore'
[0.634s] Level 1:colcon.colcon_core.package_identification:_identify(/home/om/slambot/src/bumperbot_msgs) by extension 'ignore_ament_install'
[0.634s] Level 1:colcon.colcon_core.package_identification:_identify(/home/om/slambot/src/bumperbot_msgs) by extensions ['colcon_pkg']
[0.634s] Level 1:colcon.colcon_core.package_identification:_identify(/home/om/slambot/src/bumperbot_msgs) by extension 'colcon_pkg'
[0.634s] Level 1:colcon.colcon_core.package_identification:_identify(/home/om/slambot/src/bumperbot_msgs) by extensions ['colcon_meta']
[0.634s] Level 1:colcon.colcon_core.package_identification:_identify(/home/om/slambot/src/bumperbot_msgs) by extension 'colcon_meta'
[0.635s] Level 1:colcon.colcon_core.package_identification:_identify(/home/om/slambot/src/bumperbot_msgs) by extensions ['ros']
[0.635s] Level 1:colcon.colcon_core.package_identification:_identify(/home/om/slambot/src/bumperbot_msgs) by extension 'ros'
[0.636s] DEBUG:colcon.colcon_core.package_identification:Package '/home/om/slambot/src/bumperbot_msgs' with type 'ros.ament_cmake' and name 'bumperbot_msgs'
[0.636s] Level 1:colcon.colcon_core.package_identification:_identify(/home/om/slambot/src/bumperbot_py_examples) by extensions ['ignore', 'ignore_ament_install']
[0.636s] Level 1:colcon.colcon_core.package_identification:_identify(/home/om/slambot/src/bumperbot_py_examples) by extension 'ignore'
[0.637s] Level 1:colcon.colcon_core.package_identification:_identify(/home/om/slambot/src/bumperbot_py_examples) by extension 'ignore_ament_install'
[0.637s] Level 1:colcon.colcon_core.package_identification:_identify(/home/om/slambot/src/bumperbot_py_examples) by extensions ['colcon_pkg']
[0.637s] Level 1:colcon.colcon_core.package_identification:_identify(/home/om/slambot/src/bumperbot_py_examples) by extension 'colcon_pkg'
[0.637s] Level 1:colcon.colcon_core.package_identification:_identify(/home/om/slambot/src/bumperbot_py_examples) by extensions ['colcon_meta']
[0.637s] Level 1:colcon.colcon_core.package_identification:_identify(/home/om/slambot/src/bumperbot_py_examples) by extension 'colcon_meta'
[0.637s] Level 1:colcon.colcon_core.package_identification:_identify(/home/om/slambot/src/bumperbot_py_examples) by extensions ['ros']
[0.637s] Level 1:colcon.colcon_core.package_identification:_identify(/home/om/slambot/src/bumperbot_py_examples) by extension 'ros'
[0.640s] DEBUG:colcon.colcon_core.package_identification:Package '/home/om/slambot/src/bumperbot_py_examples' with type 'ros.ament_python' and name 'bumperbot_py_examples'
[0.640s] Level 1:colcon.colcon_core.package_identification:_identify(/home/om/slambot/src/new_practice_bringup) by extensions ['ignore', 'ignore_ament_install']
[0.640s] Level 1:colcon.colcon_core.package_identification:_identify(/home/om/slambot/src/new_practice_bringup) by extension 'ignore'
[0.640s] Level 1:colcon.colcon_core.package_identification:_identify(/home/om/slambot/src/new_practice_bringup) by extension 'ignore_ament_install'
[0.640s] Level 1:colcon.colcon_core.package_identification:_identify(/home/om/slambot/src/new_practice_bringup) by extensions ['colcon_pkg']
[0.640s] Level 1:colcon.colcon_core.package_identification:_identify(/home/om/slambot/src/new_practice_bringup) by extension 'colcon_pkg'
[0.640s] Level 1:colcon.colcon_core.package_identification:_identify(/home/om/slambot/src/new_practice_bringup) by extensions ['colcon_meta']
[0.641s] Level 1:colcon.colcon_core.package_identification:_identify(/home/om/slambot/src/new_practice_bringup) by extension 'colcon_meta'
[0.641s] Level 1:colcon.colcon_core.package_identification:_identify(/home/om/slambot/src/new_practice_bringup) by extensions ['ros']
[0.641s] Level 1:colcon.colcon_core.package_identification:_identify(/home/om/slambot/src/new_practice_bringup) by extension 'ros'
[0.642s] DEBUG:colcon.colcon_core.package_identification:Package '/home/om/slambot/src/new_practice_bringup' with type 'ros.ament_cmake' and name 'new_practice_bringup'
[0.642s] Level 1:colcon.colcon_core.package_identification:_identify(/home/om/slambot/src/new_robot_controller) by extensions ['ignore', 'ignore_ament_install']
[0.643s] Level 1:colcon.colcon_core.package_identification:_identify(/home/om/slambot/src/new_robot_controller) by extension 'ignore'
[0.643s] Level 1:colcon.colcon_core.package_identification:_identify(/home/om/slambot/src/new_robot_controller) by extension 'ignore_ament_install'
[0.643s] Level 1:colcon.colcon_core.package_identification:_identify(/home/om/slambot/src/new_robot_controller) by extensions ['colcon_pkg']
[0.643s] Level 1:colcon.colcon_core.package_identification:_identify(/home/om/slambot/src/new_robot_controller) by extension 'colcon_pkg'
[0.643s] Level 1:colcon.colcon_core.package_identification:_identify(/home/om/slambot/src/new_robot_controller) by extensions ['colcon_meta']
[0.643s] Level 1:colcon.colcon_core.package_identification:_identify(/home/om/slambot/src/new_robot_controller) by extension 'colcon_meta'
[0.643s] Level 1:colcon.colcon_core.package_identification:_identify(/home/om/slambot/src/new_robot_controller) by extensions ['ros']
[0.643s] Level 1:colcon.colcon_core.package_identification:_identify(/home/om/slambot/src/new_robot_controller) by extension 'ros'
[0.645s] DEBUG:colcon.colcon_core.package_identification:Package '/home/om/slambot/src/new_robot_controller' with type 'ros.ament_cmake' and name 'new_robot_controller'
[0.646s] Level 1:colcon.colcon_core.package_identification:_identify(/home/om/slambot/src/new_robot_description) by extensions ['ignore', 'ignore_ament_install']
[0.646s] Level 1:colcon.colcon_core.package_identification:_identify(/home/om/slambot/src/new_robot_description) by extension 'ignore'
[0.646s] Level 1:colcon.colcon_core.package_identification:_identify(/home/om/slambot/src/new_robot_description) by extension 'ignore_ament_install'
[0.646s] Level 1:colcon.colcon_core.package_identification:_identify(/home/om/slambot/src/new_robot_description) by extensions ['colcon_pkg']
[0.646s] Level 1:colcon.colcon_core.package_identification:_identify(/home/om/slambot/src/new_robot_description) by extension 'colcon_pkg'
[0.646s] Level 1:colcon.colcon_core.package_identification:_identify(/home/om/slambot/src/new_robot_description) by extensions ['colcon_meta']
[0.646s] Level 1:colcon.colcon_core.package_identification:_identify(/home/om/slambot/src/new_robot_description) by extension 'colcon_meta'
[0.647s] Level 1:colcon.colcon_core.package_identification:_identify(/home/om/slambot/src/new_robot_description) by extensions ['ros']
[0.647s] Level 1:colcon.colcon_core.package_identification:_identify(/home/om/slambot/src/new_robot_description) by extension 'ros'
[0.648s] DEBUG:colcon.colcon_core.package_identification:Package '/home/om/slambot/src/new_robot_description' with type 'ros.ament_cmake' and name 'new_robot_description'
[0.648s] Level 1:colcon.colcon_core.package_identification:_identify(/home/om/slambot/src/new_robot_firmware) by extensions ['ignore', 'ignore_ament_install']
[0.648s] Level 1:colcon.colcon_core.package_identification:_identify(/home/om/slambot/src/new_robot_firmware) by extension 'ignore'
[0.649s] Level 1:colcon.colcon_core.package_identification:_identify(/home/om/slambot/src/new_robot_firmware) by extension 'ignore_ament_install'
[0.649s] Level 1:colcon.colcon_core.package_identification:_identify(/home/om/slambot/src/new_robot_firmware) by extensions ['colcon_pkg']
[0.649s] Level 1:colcon.colcon_core.package_identification:_identify(/home/om/slambot/src/new_robot_firmware) by extension 'colcon_pkg'
[0.649s] Level 1:colcon.colcon_core.package_identification:_identify(/home/om/slambot/src/new_robot_firmware) by extensions ['colcon_meta']
[0.649s] Level 1:colcon.colcon_core.package_identification:_identify(/home/om/slambot/src/new_robot_firmware) by extension 'colcon_meta'
[0.649s] Level 1:colcon.colcon_core.package_identification:_identify(/home/om/slambot/src/new_robot_firmware) by extensions ['ros']
[0.649s] Level 1:colcon.colcon_core.package_identification:_identify(/home/om/slambot/src/new_robot_firmware) by extension 'ros'
[0.650s] DEBUG:colcon.colcon_core.package_identification:Package '/home/om/slambot/src/new_robot_firmware' with type 'ros.ament_cmake' and name 'new_robot_firmware'
[0.650s] Level 1:colcon.colcon_core.package_identification:_identify(/home/om/slambot/src/rplidar_ros2) by extensions ['ignore', 'ignore_ament_install']
[0.651s] Level 1:colcon.colcon_core.package_identification:_identify(/home/om/slambot/src/rplidar_ros2) by extension 'ignore'
[0.651s] Level 1:colcon.colcon_core.package_identification:_identify(/home/om/slambot/src/rplidar_ros2) by extension 'ignore_ament_install'
[0.651s] Level 1:colcon.colcon_core.package_identification:_identify(/home/om/slambot/src/rplidar_ros2) by extensions ['colcon_pkg']
[0.651s] Level 1:colcon.colcon_core.package_identification:_identify(/home/om/slambot/src/rplidar_ros2) by extension 'colcon_pkg'
[0.651s] Level 1:colcon.colcon_core.package_identification:_identify(/home/om/slambot/src/rplidar_ros2) by extensions ['colcon_meta']
[0.651s] Level 1:colcon.colcon_core.package_identification:_identify(/home/om/slambot/src/rplidar_ros2) by extension 'colcon_meta'
[0.651s] Level 1:colcon.colcon_core.package_identification:_identify(/home/om/slambot/src/rplidar_ros2) by extensions ['ros']
[0.651s] Level 1:colcon.colcon_core.package_identification:_identify(/home/om/slambot/src/rplidar_ros2) by extension 'ros'
[0.653s] DEBUG:colcon.colcon_core.package_identification:Package '/home/om/slambot/src/rplidar_ros2' with type 'ros.ament_cmake' and name 'rplidar_ros'
[0.653s] Level 1:colcon.colcon_core.package_discovery:discover_packages(recursive) using defaults
