[0.053s] Invoking command in '/home/om/slambot/build/cpp_examples': CMAKE_PREFIX_PATH=/opt/ros/humble /usr/bin/cmake --build /home/om/slambot/build/cpp_examples -- -j8 -l8
[0.158s] Invoked command in '/home/om/slambot/build/cpp_examples' returned '0': CMAKE_PREFIX_PATH=/opt/ros/humble /usr/bin/cmake --build /home/om/slambot/build/cpp_examples -- -j8 -l8
[0.256s] Invoking command in '/home/om/slambot/build/cpp_examples': CMAKE_PREFIX_PATH=/opt/ros/humble /usr/bin/cmake --install /home/om/slambot/build/cpp_examples
[0.273s] -- Install configuration: ""
[0.273s] -- Up-to-date: /home/om/slambot/install/cpp_examples/share/ament_index/resource_index/package_run_dependencies/cpp_examples
[0.273s] -- Up-to-date: /home/om/slambot/install/cpp_examples/share/ament_index/resource_index/parent_prefix_path/cpp_examples
[0.274s] -- Up-to-date: /home/om/slambot/install/cpp_examples/share/cpp_examples/environment/ament_prefix_path.sh
[0.275s] -- Up-to-date: /home/om/slambot/install/cpp_examples/share/cpp_examples/environment/ament_prefix_path.dsv
[0.275s] -- Up-to-date: /home/om/slambot/install/cpp_examples/share/cpp_examples/environment/path.sh
[0.275s] -- Up-to-date: /home/om/slambot/install/cpp_examples/share/cpp_examples/environment/path.dsv
[0.275s] -- Up-to-date: /home/om/slambot/install/cpp_examples/share/cpp_examples/local_setup.bash
[0.275s] -- Up-to-date: /home/om/slambot/install/cpp_examples/share/cpp_examples/local_setup.sh
[0.275s] -- Up-to-date: /home/om/slambot/install/cpp_examples/share/cpp_examples/local_setup.zsh
[0.275s] -- Up-to-date: /home/om/slambot/install/cpp_examples/share/cpp_examples/local_setup.dsv
[0.275s] -- Installing: /home/om/slambot/install/cpp_examples/share/cpp_examples/package.dsv
[0.275s] -- Up-to-date: /home/om/slambot/install/cpp_examples/share/ament_index/resource_index/packages/cpp_examples
[0.275s] -- Up-to-date: /home/om/slambot/install/cpp_examples/share/cpp_examples/cmake/cpp_examplesConfig.cmake
[0.275s] -- Up-to-date: /home/om/slambot/install/cpp_examples/share/cpp_examples/cmake/cpp_examplesConfig-version.cmake
[0.275s] -- Up-to-date: /home/om/slambot/install/cpp_examples/share/cpp_examples/package.xml
[0.341s] Invoked command in '/home/om/slambot/build/cpp_examples' returned '0': CMAKE_PREFIX_PATH=/opt/ros/humble /usr/bin/cmake --install /home/om/slambot/build/cpp_examples
