[0.045s] Invoking command in '/home/om/slambot/build/bumperbot_bringup': CMAKE_PREFIX_PATH=/opt/ros/humble /usr/bin/cmake --build /home/om/slambot/build/bumperbot_bringup -- -j8 -l8
[0.097s] Invoked command in '/home/om/slambot/build/bumperbot_bringup' returned '0': CMAKE_PREFIX_PATH=/opt/ros/humble /usr/bin/cmake --build /home/om/slambot/build/bumperbot_bringup -- -j8 -l8
[0.203s] Invoking command in '/home/om/slambot/build/bumperbot_bringup': CMAKE_PREFIX_PATH=/opt/ros/humble /usr/bin/cmake --install /home/om/slambot/build/bumperbot_bringup
[0.220s] -- Install configuration: ""
[0.221s] -- Up-to-date: /home/om/slambot/install/bumperbot_bringup/share/bumperbot_bringup/launch
[0.221s] -- Up-to-date: /home/om/slambot/install/bumperbot_bringup/share/bumperbot_bringup/launch/simulated_robot.launch.py
[0.221s] -- Up-to-date: /home/om/slambot/install/bumperbot_bringup/share/bumperbot_bringup/launch/real_robot.launch.py
[0.221s] -- Up-to-date: /home/om/slambot/install/bumperbot_bringup/share/ament_index/resource_index/package_run_dependencies/bumperbot_bringup
[0.221s] -- Up-to-date: /home/om/slambot/install/bumperbot_bringup/share/ament_index/resource_index/parent_prefix_path/bumperbot_bringup
[0.221s] -- Up-to-date: /home/om/slambot/install/bumperbot_bringup/share/bumperbot_bringup/environment/ament_prefix_path.sh
[0.221s] -- Up-to-date: /home/om/slambot/install/bumperbot_bringup/share/bumperbot_bringup/environment/ament_prefix_path.dsv
[0.221s] -- Up-to-date: /home/om/slambot/install/bumperbot_bringup/share/bumperbot_bringup/environment/path.sh
[0.221s] -- Up-to-date: /home/om/slambot/install/bumperbot_bringup/share/bumperbot_bringup/environment/path.dsv
[0.221s] -- Up-to-date: /home/om/slambot/install/bumperbot_bringup/share/bumperbot_bringup/local_setup.bash
[0.221s] -- Up-to-date: /home/om/slambot/install/bumperbot_bringup/share/bumperbot_bringup/local_setup.sh
[0.221s] -- Up-to-date: /home/om/slambot/install/bumperbot_bringup/share/bumperbot_bringup/local_setup.zsh
[0.221s] -- Up-to-date: /home/om/slambot/install/bumperbot_bringup/share/bumperbot_bringup/local_setup.dsv
[0.221s] -- Installing: /home/om/slambot/install/bumperbot_bringup/share/bumperbot_bringup/package.dsv
[0.221s] -- Up-to-date: /home/om/slambot/install/bumperbot_bringup/share/ament_index/resource_index/packages/bumperbot_bringup
[0.221s] -- Up-to-date: /home/om/slambot/install/bumperbot_bringup/share/bumperbot_bringup/cmake/bumperbot_bringupConfig.cmake
[0.222s] -- Up-to-date: /home/om/slambot/install/bumperbot_bringup/share/bumperbot_bringup/cmake/bumperbot_bringupConfig-version.cmake
[0.222s] -- Up-to-date: /home/om/slambot/install/bumperbot_bringup/share/bumperbot_bringup/package.xml
[0.228s] Invoked command in '/home/om/slambot/build/bumperbot_bringup' returned '0': CMAKE_PREFIX_PATH=/opt/ros/humble /usr/bin/cmake --install /home/om/slambot/build/bumperbot_bringup
