[0.088s] Invoking command in '/home/om/slambot/build/bumperbot_controller': CMAKE_PREFIX_PATH=${CMAKE_PREFIX_PATH}:/home/om/slambot/install/bumperbot_py_examples:/opt/ros/humble /usr/bin/cmake --build /home/om/slambot/build/bumperbot_controller -- -j8 -l8
[0.299s] [ 50%] Built target noisy_controller
[0.332s] [100%] Built target simple_controller
[0.367s] [100%] Built target ament_cmake_python_copy_bumperbot_controller
[1.157s] running egg_info
[1.159s] writing bumperbot_controller.egg-info/PKG-INFO
[1.163s] writing dependency_links to bumperbot_controller.egg-info/dependency_links.txt
[1.163s] writing top-level names to bumperbot_controller.egg-info/top_level.txt
[1.167s] reading manifest file 'bumperbot_controller.egg-info/SOURCES.txt'
[1.178s] writing manifest file 'bumperbot_controller.egg-info/SOURCES.txt'
[1.290s] [100%] Built target ament_cmake_python_build_bumperbot_controller_egg
[1.392s] Invoked command in '/home/om/slambot/build/bumperbot_controller' returned '0': CMAKE_PREFIX_PATH=${CMAKE_PREFIX_PATH}:/home/om/slambot/install/bumperbot_py_examples:/opt/ros/humble /usr/bin/cmake --build /home/om/slambot/build/bumperbot_controller -- -j8 -l8
[1.499s] Invoking command in '/home/om/slambot/build/bumperbot_controller': CMAKE_PREFIX_PATH=${CMAKE_PREFIX_PATH}:/home/om/slambot/install/bumperbot_py_examples:/opt/ros/humble /usr/bin/cmake --install /home/om/slambot/build/bumperbot_controller
[1.521s] -- Install configuration: ""
[1.522s] -- Up-to-date: /home/om/slambot/install/bumperbot_controller/share/bumperbot_controller/environment/pythonpath.sh
[1.522s] -- Up-to-date: /home/om/slambot/install/bumperbot_controller/share/bumperbot_controller/environment/pythonpath.dsv
[1.522s] -- Up-to-date: /home/om/slambot/install/bumperbot_controller/local/lib/python3.10/dist-packages/bumperbot_controller-0.0.0-py3.10.egg-info
[1.522s] -- Installing: /home/om/slambot/install/bumperbot_controller/local/lib/python3.10/dist-packages/bumperbot_controller-0.0.0-py3.10.egg-info/PKG-INFO
[1.522s] -- Installing: /home/om/slambot/install/bumperbot_controller/local/lib/python3.10/dist-packages/bumperbot_controller-0.0.0-py3.10.egg-info/dependency_links.txt
[1.522s] -- Installing: /home/om/slambot/install/bumperbot_controller/local/lib/python3.10/dist-packages/bumperbot_controller-0.0.0-py3.10.egg-info/SOURCES.txt
[1.527s] -- Installing: /home/om/slambot/install/bumperbot_controller/local/lib/python3.10/dist-packages/bumperbot_controller-0.0.0-py3.10.egg-info/top_level.txt
[1.527s] -- Up-to-date: /home/om/slambot/install/bumperbot_controller/local/lib/python3.10/dist-packages/bumperbot_controller
[1.527s] -- Up-to-date: /home/om/slambot/install/bumperbot_controller/local/lib/python3.10/dist-packages/bumperbot_controller/simple_controller.py
[1.528s] -- Up-to-date: /home/om/slambot/install/bumperbot_controller/local/lib/python3.10/dist-packages/bumperbot_controller/noisy_controller.py
[1.528s] -- Up-to-date: /home/om/slambot/install/bumperbot_controller/local/lib/python3.10/dist-packages/bumperbot_controller/__init__.py
[1.616s] Listing '/home/om/slambot/install/bumperbot_controller/local/lib/python3.10/dist-packages/bumperbot_controller'...
[1.647s] -- Up-to-date: /home/om/slambot/install/bumperbot_controller/include/include
[1.648s] -- Up-to-date: /home/om/slambot/install/bumperbot_controller/include/include/bumperbot_controller
[1.648s] -- Up-to-date: /home/om/slambot/install/bumperbot_controller/include/include/bumperbot_controller/simple_controller.hpp
[1.648s] -- Up-to-date: /home/om/slambot/install/bumperbot_controller/include/include/bumperbot_controller/noisy_controller.hpp
[1.648s] -- Up-to-date: /home/om/slambot/install/bumperbot_controller/lib/bumperbot_controller/simple_controller
[1.648s] -- Up-to-date: /home/om/slambot/install/bumperbot_controller/lib/bumperbot_controller/noisy_controller
[1.648s] -- Up-to-date: /home/om/slambot/install/bumperbot_controller/share/bumperbot_controller/launch
[1.649s] -- Up-to-date: /home/om/slambot/install/bumperbot_controller/share/bumperbot_controller/launch/controller.launch.py
[1.649s] -- Up-to-date: /home/om/slambot/install/bumperbot_controller/share/bumperbot_controller/launch/joystick_teleop.launch.py
[1.663s] -- Up-to-date: /home/om/slambot/install/bumperbot_controller/share/bumperbot_controller/config
[1.663s] -- Up-to-date: /home/om/slambot/install/bumperbot_controller/share/bumperbot_controller/config/bumperbot_controllers.yaml
[1.663s] -- Up-to-date: /home/om/slambot/install/bumperbot_controller/share/bumperbot_controller/config/joy_config.yaml
[1.663s] -- Up-to-date: /home/om/slambot/install/bumperbot_controller/share/bumperbot_controller/config/joy_teleop.yaml
[1.664s] -- Up-to-date: /home/om/slambot/install/bumperbot_controller/lib/bumperbot_controller/simple_controller.py
[1.664s] -- Up-to-date: /home/om/slambot/install/bumperbot_controller/lib/bumperbot_controller/noisy_controller.py
[1.664s] -- Up-to-date: /home/om/slambot/install/bumperbot_controller/share/ament_index/resource_index/package_run_dependencies/bumperbot_controller
[1.664s] -- Up-to-date: /home/om/slambot/install/bumperbot_controller/share/ament_index/resource_index/parent_prefix_path/bumperbot_controller
[1.664s] -- Up-to-date: /home/om/slambot/install/bumperbot_controller/share/bumperbot_controller/environment/ament_prefix_path.sh
[1.664s] -- Up-to-date: /home/om/slambot/install/bumperbot_controller/share/bumperbot_controller/environment/ament_prefix_path.dsv
[1.664s] -- Up-to-date: /home/om/slambot/install/bumperbot_controller/share/bumperbot_controller/environment/path.sh
[1.664s] -- Up-to-date: /home/om/slambot/install/bumperbot_controller/share/bumperbot_controller/environment/path.dsv
[1.665s] -- Up-to-date: /home/om/slambot/install/bumperbot_controller/share/bumperbot_controller/local_setup.bash
[1.665s] -- Up-to-date: /home/om/slambot/install/bumperbot_controller/share/bumperbot_controller/local_setup.sh
[1.665s] -- Up-to-date: /home/om/slambot/install/bumperbot_controller/share/bumperbot_controller/local_setup.zsh
[1.665s] -- Up-to-date: /home/om/slambot/install/bumperbot_controller/share/bumperbot_controller/local_setup.dsv
[1.665s] -- Installing: /home/om/slambot/install/bumperbot_controller/share/bumperbot_controller/package.dsv
[1.665s] -- Up-to-date: /home/om/slambot/install/bumperbot_controller/share/ament_index/resource_index/packages/bumperbot_controller
[1.665s] -- Up-to-date: /home/om/slambot/install/bumperbot_controller/share/bumperbot_controller/cmake/bumperbot_controllerConfig.cmake
[1.665s] -- Up-to-date: /home/om/slambot/install/bumperbot_controller/share/bumperbot_controller/cmake/bumperbot_controllerConfig-version.cmake
[1.666s] -- Up-to-date: /home/om/slambot/install/bumperbot_controller/share/bumperbot_controller/package.xml
[1.680s] Invoked command in '/home/om/slambot/build/bumperbot_controller' returned '0': CMAKE_PREFIX_PATH=${CMAKE_PREFIX_PATH}:/home/om/slambot/install/bumperbot_py_examples:/opt/ros/humble /usr/bin/cmake --install /home/om/slambot/build/bumperbot_controller
