[0.017s] Invoking command in '/home/om/slambot/build/rplidar_ros': CMAKE_PREFIX_PATH=${CMAKE_PREFIX_PATH}:/opt/ros/humble /usr/bin/cmake /home/om/slambot/src/rplidar_ros2 -DCMAKE_INSTALL_PREFIX=/home/om/slambot/install/rplidar_ros
[0.040s] -- Found ament_cmake_auto: 1.3.9 (/opt/ros/humble/share/ament_cmake_auto/cmake)
[0.188s] -- Override CMake install command with custom implementation using symlinks instead of copying resources
[0.207s] -- Found ament_cmake_ros: 0.10.0 (/opt/ros/humble/share/ament_cmake_ros/cmake)
[0.330s] -- Found rosidl_generator_c: 3.1.5 (/opt/ros/humble/share/rosidl_generator_c/cmake)
[0.334s] -- Found rosidl_adapter: 3.1.5 (/opt/ros/humble/share/rosidl_adapter/cmake)
[0.344s] -- Found rosidl_generator_cpp: 3.1.5 (/opt/ros/humble/share/rosidl_generator_cpp/cmake)
[0.360s] -- Using all available rosidl_typesupport_c: rosidl_typesupport_fastrtps_c;rosidl_typesupport_introspection_c
[0.382s] -- Using all available rosidl_typesupport_cpp: rosidl_typesupport_fastrtps_cpp;rosidl_typesupport_introspection_cpp
[0.464s] -- Found rmw_implementation_cmake: 6.1.2 (/opt/ros/humble/share/rmw_implementation_cmake/cmake)
[0.466s] -- Found rmw_fastrtps_cpp: 6.2.6 (/opt/ros/humble/share/rmw_fastrtps_cpp/cmake)
[0.628s] -- Using RMW implementation 'rmw_fastrtps_cpp' as default
[1.124s] -- Configuring done
[1.146s] -- Generating done
[1.148s] -- Build files have been written to: /home/om/slambot/build/rplidar_ros
[1.158s] Invoked command in '/home/om/slambot/build/rplidar_ros' returned '0': CMAKE_PREFIX_PATH=${CMAKE_PREFIX_PATH}:/opt/ros/humble /usr/bin/cmake /home/om/slambot/src/rplidar_ros2 -DCMAKE_INSTALL_PREFIX=/home/om/slambot/install/rplidar_ros
[1.161s] Invoking command in '/home/om/slambot/build/rplidar_ros': CMAKE_PREFIX_PATH=${CMAKE_PREFIX_PATH}:/opt/ros/humble /usr/bin/cmake --build /home/om/slambot/build/rplidar_ros -- -j8 -l8
[1.216s] [35m[1mConsolidate compiler generated dependencies of target rplidar_composition_node[0m
[1.260s] [ 77%] Built target rplidar_composition_node
[1.274s] [35m[1mConsolidate compiler generated dependencies of target rplidar_composition[0m
[1.295s] [100%] Built target rplidar_composition
[1.309s] Invoked command in '/home/om/slambot/build/rplidar_ros' returned '0': CMAKE_PREFIX_PATH=${CMAKE_PREFIX_PATH}:/opt/ros/humble /usr/bin/cmake --build /home/om/slambot/build/rplidar_ros -- -j8 -l8
[1.365s] Invoking command in '/home/om/slambot/build/rplidar_ros': CMAKE_PREFIX_PATH=${CMAKE_PREFIX_PATH}:/opt/ros/humble /usr/bin/cmake --install /home/om/slambot/build/rplidar_ros
[1.374s] -- Install configuration: ""
[1.374s] -- Execute custom install script
[1.375s] -- Up-to-date symlink: /home/om/slambot/install/rplidar_ros/lib/rplidar_ros/rplidar_composition
[1.375s] -- Up-to-date symlink: /home/om/slambot/install/rplidar_ros/share/rplidar_ros/launch/rplidar.launch.py
[1.375s] -- Up-to-date symlink: /home/om/slambot/install/rplidar_ros/share/rplidar_ros/launch/rplidar_a3.launch.py
[1.376s] -- Up-to-date symlink: /home/om/slambot/install/rplidar_ros/share/rplidar_ros/launch/rplidar_s1.launch.py
[1.376s] -- Up-to-date symlink: /home/om/slambot/install/rplidar_ros/share/rplidar_ros/launch/rplidar_s1_tcp.launch.py
[1.376s] -- Up-to-date symlink: /home/om/slambot/install/rplidar_ros/share/rplidar_ros/launch/test_rplidar_a3.launch.py
[1.376s] -- Up-to-date symlink: /home/om/slambot/install/rplidar_ros/share/rplidar_ros/launch/view_rplidar.launch.py
[1.376s] -- Up-to-date symlink: /home/om/slambot/install/rplidar_ros/share/rplidar_ros/launch/view_rplidar_a3.launch.py
[1.376s] -- Up-to-date symlink: /home/om/slambot/install/rplidar_ros/share/rplidar_ros/launch/view_rplidar_s1.launch.py
[1.377s] -- Up-to-date symlink: /home/om/slambot/install/rplidar_ros/share/rplidar_ros/launch/view_rplidar_s1_tcp.launch.py
[1.377s] -- Up-to-date symlink: /home/om/slambot/install/rplidar_ros/share/rplidar_ros/rviz/rplidar.rviz
[1.377s] -- Up-to-date symlink: /home/om/slambot/install/rplidar_ros/lib/librplidar_composition_node.so
[1.377s] -- Up-to-date symlink: /home/om/slambot/install/rplidar_ros/include/rplidar_node.hpp
[1.377s] -- Up-to-date symlink: /home/om/slambot/install/rplidar_ros/include/visibility.h
[1.377s] -- Up-to-date symlink: /home/om/slambot/install/rplidar_ros/lib/rplidar_ros/rplidar_composition
[1.377s] -- Up-to-date symlink: /home/om/slambot/install/rplidar_ros/share/ament_index/resource_index/package_run_dependencies/rplidar_ros
[1.377s] -- Up-to-date symlink: /home/om/slambot/install/rplidar_ros/share/ament_index/resource_index/parent_prefix_path/rplidar_ros
[1.377s] -- Up-to-date symlink: /home/om/slambot/install/rplidar_ros/share/rplidar_ros/environment/ament_prefix_path.sh
[1.378s] -- Up-to-date symlink: /home/om/slambot/install/rplidar_ros/share/rplidar_ros/environment/ament_prefix_path.dsv
[1.378s] -- Up-to-date symlink: /home/om/slambot/install/rplidar_ros/share/rplidar_ros/environment/path.sh
[1.378s] -- Up-to-date symlink: /home/om/slambot/install/rplidar_ros/share/rplidar_ros/environment/path.dsv
[1.378s] -- Up-to-date symlink: /home/om/slambot/install/rplidar_ros/share/rplidar_ros/local_setup.bash
[1.378s] -- Up-to-date symlink: /home/om/slambot/install/rplidar_ros/share/rplidar_ros/local_setup.sh
[1.378s] -- Up-to-date symlink: /home/om/slambot/install/rplidar_ros/share/rplidar_ros/local_setup.zsh
[1.379s] -- Up-to-date symlink: /home/om/slambot/install/rplidar_ros/share/rplidar_ros/local_setup.dsv
[1.379s] -- Symlinking: /home/om/slambot/install/rplidar_ros/share/rplidar_ros/package.dsv
[1.390s] -- Up-to-date symlink: /home/om/slambot/install/rplidar_ros/share/ament_index/resource_index/packages/rplidar_ros
[1.391s] -- Up-to-date symlink: /home/om/slambot/install/rplidar_ros/share/ament_index/resource_index/rclcpp_components/rplidar_ros
[1.391s] -- Up-to-date symlink: /home/om/slambot/install/rplidar_ros/share/rplidar_ros/cmake/ament_cmake_export_dependencies-extras.cmake
[1.391s] -- Up-to-date symlink: /home/om/slambot/install/rplidar_ros/share/rplidar_ros/cmake/ament_cmake_export_include_directories-extras.cmake
[1.391s] -- Up-to-date symlink: /home/om/slambot/install/rplidar_ros/share/rplidar_ros/cmake/rplidar_rosConfig.cmake
[1.391s] -- Up-to-date symlink: /home/om/slambot/install/rplidar_ros/share/rplidar_ros/cmake/rplidar_rosConfig-version.cmake
[1.391s] -- Up-to-date symlink: /home/om/slambot/install/rplidar_ros/share/rplidar_ros/package.xml
[1.395s] Invoked command in '/home/om/slambot/build/rplidar_ros' returned '0': CMAKE_PREFIX_PATH=${CMAKE_PREFIX_PATH}:/opt/ros/humble /usr/bin/cmake --install /home/om/slambot/build/rplidar_ros
