[0.022s] Invoking command in '/home/om/slambot/build/bumperbot_localization': CMAKE_PREFIX_PATH=/opt/ros/humble /usr/bin/cmake /home/om/slambot/src/bumperbot_localization -DCMAKE_INSTALL_PREFIX=/home/om/slambot/install/bumperbot_localization
[0.139s] -- The C compiler identification is GNU 11.4.0
[0.275s] -- The CXX compiler identification is GNU 11.4.0
[0.285s] -- Detecting C compiler ABI info
[0.371s] -- Detecting C compiler ABI info - done
[0.379s] -- Check for working C compiler: /usr/bin/cc - skipped
[0.379s] -- Detecting C compile features
[0.379s] -- Detecting C compile features - done
[0.384s] -- Detecting CXX compiler ABI info
[0.492s] -- Detecting CXX compiler ABI info - done
[0.500s] -- Check for working CXX compiler: /usr/bin/c++ - skipped
[0.500s] -- Detecting CXX compile features
[0.501s] -- Detecting CXX compile features - done
[0.503s] -- Found ament_cmake: 1.3.9 (/opt/ros/humble/share/ament_cmake/cmake)
[0.673s] -- Found Python3: /usr/bin/python3 (found version "3.10.12") found components: Interpreter 
[0.832s] -- Found rclcpp: 16.0.9 (/opt/ros/humble/share/rclcpp/cmake)
[0.891s] -- Found rosidl_generator_c: 3.1.5 (/opt/ros/humble/share/rosidl_generator_c/cmake)
[0.898s] -- Found rosidl_adapter: 3.1.5 (/opt/ros/humble/share/rosidl_adapter/cmake)
[0.909s] -- Found rosidl_generator_cpp: 3.1.5 (/opt/ros/humble/share/rosidl_generator_cpp/cmake)
[0.933s] -- Using all available rosidl_typesupport_c: rosidl_typesupport_fastrtps_c;rosidl_typesupport_introspection_c
[0.955s] -- Using all available rosidl_typesupport_cpp: rosidl_typesupport_fastrtps_cpp;rosidl_typesupport_introspection_cpp
[1.048s] -- Found rmw_implementation_cmake: 6.1.2 (/opt/ros/humble/share/rmw_implementation_cmake/cmake)
[1.050s] -- Found rmw_fastrtps_cpp: 6.2.6 (/opt/ros/humble/share/rmw_fastrtps_cpp/cmake)
[1.176s] -- Found OpenSSL: /usr/lib/x86_64-linux-gnu/libcrypto.so (found version "3.0.2")  
[1.238s] -- Found FastRTPS: /opt/ros/humble/include  
[1.300s] -- Using RMW implementation 'rmw_fastrtps_cpp' as default
[1.309s] -- Looking for pthread.h
[1.396s] -- Looking for pthread.h - found
[1.396s] -- Performing Test CMAKE_HAVE_LIBC_PTHREAD
[1.471s] -- Performing Test CMAKE_HAVE_LIBC_PTHREAD - Success
[1.471s] -- Found Threads: TRUE  
[1.634s] -- Found rclpy: 3.3.13 (/opt/ros/humble/share/rclpy/cmake)
[1.636s] -- Found nav_msgs: 4.2.4 (/opt/ros/humble/share/nav_msgs/cmake)
[1.771s] -- Found sensor_msgs: 4.2.4 (/opt/ros/humble/share/sensor_msgs/cmake)
[2.004s] -- Configuring done
[2.016s] -- Generating done
[2.017s] -- Build files have been written to: /home/om/slambot/build/bumperbot_localization
[2.027s] Invoked command in '/home/om/slambot/build/bumperbot_localization' returned '0': CMAKE_PREFIX_PATH=/opt/ros/humble /usr/bin/cmake /home/om/slambot/src/bumperbot_localization -DCMAKE_INSTALL_PREFIX=/home/om/slambot/install/bumperbot_localization
[2.028s] Invoking command in '/home/om/slambot/build/bumperbot_localization': CMAKE_PREFIX_PATH=/opt/ros/humble /usr/bin/cmake --build /home/om/slambot/build/bumperbot_localization -- -j8 -l8
[2.070s] [ 50%] [32mBuilding CXX object CMakeFiles/imu_republisher.dir/src/imu_republisher.cpp.o[0m
[2.070s] [ 50%] [32mBuilding CXX object CMakeFiles/kalman_filter.dir/src/kalman_filter.cpp.o[0m
[2.078s] [ 50%] Built target ament_cmake_python_copy_bumperbot_localization
[2.298s] running egg_info
[2.299s] creating bumperbot_localization.egg-info
[2.299s] writing bumperbot_localization.egg-info/PKG-INFO
[2.299s] writing dependency_links to bumperbot_localization.egg-info/dependency_links.txt
[2.299s] writing top-level names to bumperbot_localization.egg-info/top_level.txt
[2.299s] writing manifest file 'bumperbot_localization.egg-info/SOURCES.txt'
[2.302s] reading manifest file 'bumperbot_localization.egg-info/SOURCES.txt'
[2.302s] writing manifest file 'bumperbot_localization.egg-info/SOURCES.txt'
[2.358s] [ 50%] Built target ament_cmake_python_build_bumperbot_localization_egg
[14.853s] [ 75%] [32m[1mLinking CXX executable imu_republisher[0m
[16.300s] [ 75%] Built target imu_republisher
[19.962s] [100%] [32m[1mLinking CXX executable kalman_filter[0m
[20.799s] [100%] Built target kalman_filter
[20.828s] Invoked command in '/home/om/slambot/build/bumperbot_localization' returned '0': CMAKE_PREFIX_PATH=/opt/ros/humble /usr/bin/cmake --build /home/om/slambot/build/bumperbot_localization -- -j8 -l8
[20.861s] Invoking command in '/home/om/slambot/build/bumperbot_localization': CMAKE_PREFIX_PATH=/opt/ros/humble /usr/bin/cmake --install /home/om/slambot/build/bumperbot_localization
[20.868s] -- Install configuration: ""
[20.868s] -- Installing: /home/om/slambot/install/bumperbot_localization/share/bumperbot_localization/environment/pythonpath.sh
[20.868s] -- Installing: /home/om/slambot/install/bumperbot_localization/share/bumperbot_localization/environment/pythonpath.dsv
[20.868s] -- Installing: /home/om/slambot/install/bumperbot_localization/local/lib/python3.10/dist-packages/bumperbot_localization-0.0.0-py3.10.egg-info
[20.868s] -- Installing: /home/om/slambot/install/bumperbot_localization/local/lib/python3.10/dist-packages/bumperbot_localization-0.0.0-py3.10.egg-info/PKG-INFO
[20.868s] -- Installing: /home/om/slambot/install/bumperbot_localization/local/lib/python3.10/dist-packages/bumperbot_localization-0.0.0-py3.10.egg-info/dependency_links.txt
[20.869s] -- Installing: /home/om/slambot/install/bumperbot_localization/local/lib/python3.10/dist-packages/bumperbot_localization-0.0.0-py3.10.egg-info/SOURCES.txt
[20.869s] -- Installing: /home/om/slambot/install/bumperbot_localization/local/lib/python3.10/dist-packages/bumperbot_localization-0.0.0-py3.10.egg-info/top_level.txt
[20.869s] -- Installing: /home/om/slambot/install/bumperbot_localization/local/lib/python3.10/dist-packages/bumperbot_localization
[20.869s] -- Installing: /home/om/slambot/install/bumperbot_localization/local/lib/python3.10/dist-packages/bumperbot_localization/__init__.py
[20.869s] -- Installing: /home/om/slambot/install/bumperbot_localization/local/lib/python3.10/dist-packages/bumperbot_localization/kalman_filter.py
[20.870s] -- Installing: /home/om/slambot/install/bumperbot_localization/local/lib/python3.10/dist-packages/bumperbot_localization/imu_republisher.py
[20.905s] Listing '/home/om/slambot/install/bumperbot_localization/local/lib/python3.10/dist-packages/bumperbot_localization'...
[20.905s] Compiling '/home/om/slambot/install/bumperbot_localization/local/lib/python3.10/dist-packages/bumperbot_localization/__init__.py'...
[20.905s] Compiling '/home/om/slambot/install/bumperbot_localization/local/lib/python3.10/dist-packages/bumperbot_localization/imu_republisher.py'...
[20.905s] Compiling '/home/om/slambot/install/bumperbot_localization/local/lib/python3.10/dist-packages/bumperbot_localization/kalman_filter.py'...
[20.913s] -- Installing: /home/om/slambot/install/bumperbot_localization/include/include
[20.913s] -- Installing: /home/om/slambot/install/bumperbot_localization/include/include/bumperbot_localization
[20.914s] -- Installing: /home/om/slambot/install/bumperbot_localization/include/include/bumperbot_localization/kalman_filter.hpp
[20.915s] -- Installing: /home/om/slambot/install/bumperbot_localization/lib/bumperbot_localization/kalman_filter
[20.920s] -- Set runtime path of "/home/om/slambot/install/bumperbot_localization/lib/bumperbot_localization/kalman_filter" to ""
[20.921s] -- Installing: /home/om/slambot/install/bumperbot_localization/lib/bumperbot_localization/imu_republisher
[20.924s] -- Set runtime path of "/home/om/slambot/install/bumperbot_localization/lib/bumperbot_localization/imu_republisher" to ""
[20.925s] -- Installing: /home/om/slambot/install/bumperbot_localization/share/bumperbot_localization/launch
[20.925s] -- Installing: /home/om/slambot/install/bumperbot_localization/share/bumperbot_localization/launch/local_localization.launch.py
[20.926s] -- Installing: /home/om/slambot/install/bumperbot_localization/share/bumperbot_localization/config
[20.926s] -- Installing: /home/om/slambot/install/bumperbot_localization/share/bumperbot_localization/config/ekf.yaml
[20.927s] -- Installing: /home/om/slambot/install/bumperbot_localization/lib/bumperbot_localization/kalman_filter.py
[20.928s] -- Installing: /home/om/slambot/install/bumperbot_localization/lib/bumperbot_localization/imu_republisher.py
[20.928s] -- Installing: /home/om/slambot/install/bumperbot_localization/share/ament_index/resource_index/package_run_dependencies/bumperbot_localization
[20.929s] -- Installing: /home/om/slambot/install/bumperbot_localization/share/ament_index/resource_index/parent_prefix_path/bumperbot_localization
[20.929s] -- Installing: /home/om/slambot/install/bumperbot_localization/share/bumperbot_localization/environment/ament_prefix_path.sh
[20.930s] -- Installing: /home/om/slambot/install/bumperbot_localization/share/bumperbot_localization/environment/ament_prefix_path.dsv
[20.930s] -- Installing: /home/om/slambot/install/bumperbot_localization/share/bumperbot_localization/environment/path.sh
[20.930s] -- Installing: /home/om/slambot/install/bumperbot_localization/share/bumperbot_localization/environment/path.dsv
[20.931s] -- Installing: /home/om/slambot/install/bumperbot_localization/share/bumperbot_localization/local_setup.bash
[20.931s] -- Installing: /home/om/slambot/install/bumperbot_localization/share/bumperbot_localization/local_setup.sh
[20.932s] -- Installing: /home/om/slambot/install/bumperbot_localization/share/bumperbot_localization/local_setup.zsh
[20.932s] -- Installing: /home/om/slambot/install/bumperbot_localization/share/bumperbot_localization/local_setup.dsv
[20.934s] -- Installing: /home/om/slambot/install/bumperbot_localization/share/bumperbot_localization/package.dsv
[20.934s] -- Installing: /home/om/slambot/install/bumperbot_localization/share/ament_index/resource_index/packages/bumperbot_localization
[20.935s] -- Installing: /home/om/slambot/install/bumperbot_localization/share/bumperbot_localization/cmake/bumperbot_localizationConfig.cmake
[20.935s] -- Installing: /home/om/slambot/install/bumperbot_localization/share/bumperbot_localization/cmake/bumperbot_localizationConfig-version.cmake
[20.936s] -- Installing: /home/om/slambot/install/bumperbot_localization/share/bumperbot_localization/package.xml
[20.942s] Invoked command in '/home/om/slambot/build/bumperbot_localization' returned '0': CMAKE_PREFIX_PATH=/opt/ros/humble /usr/bin/cmake --install /home/om/slambot/build/bumperbot_localization
