[0.049s] Invoking command in '/home/om/slambot/build/cpp_examples': CMAKE_PREFIX_PATH=${CMAKE_PREFIX_PATH}:/opt/ros/humble /usr/bin/cmake /home/om/slambot/src/cpp_examples -DCMAKE_INSTALL_PREFIX=/home/om/slambot/install/cpp_examples
[0.479s] -- The C compiler identification is GNU 11.4.0
[0.479s] -- The CXX compiler identification is GNU 11.4.0
[0.479s] -- Detecting C compiler ABI info
[0.500s] -- Detecting C compiler ABI info - done
[0.512s] -- Check for working C compiler: /usr/bin/cc - skipped
[0.512s] -- Detecting C compile features
[0.513s] -- Detecting C compile features - done
[0.518s] -- Detecting CXX compiler ABI info
[0.638s] -- Detecting CXX compiler ABI info - done
[0.644s] -- Check for working CXX compiler: /usr/bin/c++ - skipped
[0.652s] -- Detecting CXX compile features
[0.652s] -- Detecting CXX compile features - done
[0.652s] -- Found ament_cmake: 1.3.10 (/opt/ros/humble/share/ament_cmake/cmake)
[0.904s] -- Found Python3: /usr/bin/python3 (found version "3.10.12") found components: Interpreter 
[1.082s] -- Found ament_lint_auto: 0.12.11 (/opt/ros/humble/share/ament_lint_auto/cmake)
[1.227s] -- Added test 'cppcheck' to perform static code analysis on C / C++ code
[1.227s] -- Configured cppcheck include dirs: 
[1.227s] -- Configured cppcheck exclude dirs and/or files: 
[1.229s] -- Added test 'lint_cmake' to check CMake code style
[1.231s] -- Added test 'uncrustify' to check C / C++ code style
[1.232s] -- Configured uncrustify additional arguments: 
[1.232s] -- Added test 'xmllint' to check XML markup files
[1.234s] -- Configuring done
[1.238s] -- Generating done
[1.240s] -- Build files have been written to: /home/om/slambot/build/cpp_examples
[1.251s] Invoked command in '/home/om/slambot/build/cpp_examples' returned '0': CMAKE_PREFIX_PATH=${CMAKE_PREFIX_PATH}:/opt/ros/humble /usr/bin/cmake /home/om/slambot/src/cpp_examples -DCMAKE_INSTALL_PREFIX=/home/om/slambot/install/cpp_examples
[1.258s] Invoking command in '/home/om/slambot/build/cpp_examples': CMAKE_PREFIX_PATH=${CMAKE_PREFIX_PATH}:/opt/ros/humble /usr/bin/cmake --build /home/om/slambot/build/cpp_examples -- -j8 -l8
[1.676s] Invoked command in '/home/om/slambot/build/cpp_examples' returned '0': CMAKE_PREFIX_PATH=${CMAKE_PREFIX_PATH}:/opt/ros/humble /usr/bin/cmake --build /home/om/slambot/build/cpp_examples -- -j8 -l8
[1.722s] Invoking command in '/home/om/slambot/build/cpp_examples': CMAKE_PREFIX_PATH=${CMAKE_PREFIX_PATH}:/opt/ros/humble /usr/bin/cmake --install /home/om/slambot/build/cpp_examples
[1.733s] -- Install configuration: ""
[1.734s] -- Installing: /home/om/slambot/install/cpp_examples/share/ament_index/resource_index/package_run_dependencies/cpp_examples
[1.735s] -- Installing: /home/om/slambot/install/cpp_examples/share/ament_index/resource_index/parent_prefix_path/cpp_examples
[1.735s] -- Installing: /home/om/slambot/install/cpp_examples/share/cpp_examples/environment/ament_prefix_path.sh
[1.735s] -- Installing: /home/om/slambot/install/cpp_examples/share/cpp_examples/environment/ament_prefix_path.dsv
[1.736s] -- Installing: /home/om/slambot/install/cpp_examples/share/cpp_examples/environment/path.sh
[1.736s] -- Installing: /home/om/slambot/install/cpp_examples/share/cpp_examples/environment/path.dsv
[1.736s] -- Installing: /home/om/slambot/install/cpp_examples/share/cpp_examples/local_setup.bash
[1.736s] -- Installing: /home/om/slambot/install/cpp_examples/share/cpp_examples/local_setup.sh
[1.739s] -- Installing: /home/om/slambot/install/cpp_examples/share/cpp_examples/local_setup.zsh
[1.739s] -- Installing: /home/om/slambot/install/cpp_examples/share/cpp_examples/local_setup.dsv
[1.742s] -- Installing: /home/om/slambot/install/cpp_examples/share/cpp_examples/package.dsv
[1.743s] -- Installing: /home/om/slambot/install/cpp_examples/share/ament_index/resource_index/packages/cpp_examples
[1.743s] -- Installing: /home/om/slambot/install/cpp_examples/share/cpp_examples/cmake/cpp_examplesConfig.cmake
[1.743s] -- Installing: /home/om/slambot/install/cpp_examples/share/cpp_examples/cmake/cpp_examplesConfig-version.cmake
[1.744s] -- Installing: /home/om/slambot/install/cpp_examples/share/cpp_examples/package.xml
[1.753s] Invoked command in '/home/om/slambot/build/cpp_examples' returned '0': CMAKE_PREFIX_PATH=${CMAKE_PREFIX_PATH}:/opt/ros/humble /usr/bin/cmake --install /home/om/slambot/build/cpp_examples
