[0.119s] Invoking command in '/home/om/slambot/build/new_robot_controller': CMAKE_PREFIX_PATH=${CMAKE_PREFIX_PATH}:/home/om/slambot/install/bumperbot_py_examples:/opt/ros/humble /usr/bin/cmake --build /home/om/slambot/build/new_robot_controller -- -j8 -l8
[0.288s] [35m[1mConsolidate compiler generated dependencies of target simple_controller[0m
[0.391s] [  0%] Built target ament_cmake_python_copy_new_robot_controller
[0.424s] [ 50%] [32mBuilding CXX object CMakeFiles/simple_controller.dir/src/simple_controller.cpp.o[0m
[1.298s] running egg_info
[1.299s] writing new_robot_controller.egg-info/PKG-INFO
[1.299s] writing dependency_links to new_robot_controller.egg-info/dependency_links.txt
[1.299s] writing top-level names to new_robot_controller.egg-info/top_level.txt
[1.299s] reading manifest file 'new_robot_controller.egg-info/SOURCES.txt'
[1.300s] writing manifest file 'new_robot_controller.egg-info/SOURCES.txt'
[1.398s] [ 50%] Built target ament_cmake_python_build_new_robot_controller_egg
[14.207s] [100%] [32m[1mLinking CXX executable simple_controller[0m
[14.972s] [100%] Built target simple_controller
[14.983s] Invoked command in '/home/om/slambot/build/new_robot_controller' returned '0': CMAKE_PREFIX_PATH=${CMAKE_PREFIX_PATH}:/home/om/slambot/install/bumperbot_py_examples:/opt/ros/humble /usr/bin/cmake --build /home/om/slambot/build/new_robot_controller -- -j8 -l8
[15.011s] Invoking command in '/home/om/slambot/build/new_robot_controller': CMAKE_PREFIX_PATH=${CMAKE_PREFIX_PATH}:/home/om/slambot/install/bumperbot_py_examples:/opt/ros/humble /usr/bin/cmake --install /home/om/slambot/build/new_robot_controller
[15.017s] -- Install configuration: ""
[15.017s] -- Up-to-date: /home/om/slambot/install/new_robot_controller/share/new_robot_controller/environment/pythonpath.sh
[15.017s] -- Installing: /home/om/slambot/install/new_robot_controller/share/new_robot_controller/environment/pythonpath.dsv
[15.018s] -- Up-to-date: /home/om/slambot/install/new_robot_controller/local/lib/python3.10/dist-packages/new_robot_controller-0.0.0-py3.10.egg-info
[15.018s] -- Installing: /home/om/slambot/install/new_robot_controller/local/lib/python3.10/dist-packages/new_robot_controller-0.0.0-py3.10.egg-info/PKG-INFO
[15.018s] -- Installing: /home/om/slambot/install/new_robot_controller/local/lib/python3.10/dist-packages/new_robot_controller-0.0.0-py3.10.egg-info/dependency_links.txt
[15.018s] -- Installing: /home/om/slambot/install/new_robot_controller/local/lib/python3.10/dist-packages/new_robot_controller-0.0.0-py3.10.egg-info/SOURCES.txt
[15.018s] -- Installing: /home/om/slambot/install/new_robot_controller/local/lib/python3.10/dist-packages/new_robot_controller-0.0.0-py3.10.egg-info/top_level.txt
[15.018s] -- Up-to-date: /home/om/slambot/install/new_robot_controller/local/lib/python3.10/dist-packages/new_robot_controller
[15.018s] -- Up-to-date: /home/om/slambot/install/new_robot_controller/local/lib/python3.10/dist-packages/new_robot_controller/simple_controller.py
[15.018s] -- Up-to-date: /home/om/slambot/install/new_robot_controller/local/lib/python3.10/dist-packages/new_robot_controller/__init__.py
[15.043s] Listing '/home/om/slambot/install/new_robot_controller/local/lib/python3.10/dist-packages/new_robot_controller'...
[15.046s] -- Up-to-date: /home/om/slambot/install/new_robot_controller/include/include
[15.046s] -- Up-to-date: /home/om/slambot/install/new_robot_controller/include/include/new_robot_controller
[15.047s] -- Installing: /home/om/slambot/install/new_robot_controller/include/include/new_robot_controller/simple_controller.hpp
[15.047s] -- Installing: /home/om/slambot/install/new_robot_controller/lib/new_robot_controller/simple_controller
[15.054s] -- Set runtime path of "/home/om/slambot/install/new_robot_controller/lib/new_robot_controller/simple_controller" to ""
[15.054s] -- Up-to-date: /home/om/slambot/install/new_robot_controller/share/new_robot_controller/launch
[15.054s] -- Up-to-date: /home/om/slambot/install/new_robot_controller/share/new_robot_controller/launch/joystick_teleop.launch.py
[15.054s] -- Up-to-date: /home/om/slambot/install/new_robot_controller/share/new_robot_controller/launch/simple_controller.launch.py
[15.055s] -- Up-to-date: /home/om/slambot/install/new_robot_controller/share/new_robot_controller/config
[15.055s] -- Up-to-date: /home/om/slambot/install/new_robot_controller/share/new_robot_controller/config/joy_config.yaml
[15.055s] -- Up-to-date: /home/om/slambot/install/new_robot_controller/share/new_robot_controller/config/new_robot_controllers.yaml
[15.055s] -- Up-to-date: /home/om/slambot/install/new_robot_controller/share/new_robot_controller/config/joy_teleop.yaml
[15.055s] -- Up-to-date: /home/om/slambot/install/new_robot_controller/lib/new_robot_controller/simple_controller.py
[15.055s] -- Installing: /home/om/slambot/install/new_robot_controller/share/ament_index/resource_index/package_run_dependencies/new_robot_controller
[15.055s] -- Installing: /home/om/slambot/install/new_robot_controller/share/ament_index/resource_index/parent_prefix_path/new_robot_controller
[15.055s] -- Up-to-date: /home/om/slambot/install/new_robot_controller/share/new_robot_controller/environment/ament_prefix_path.sh
[15.056s] -- Installing: /home/om/slambot/install/new_robot_controller/share/new_robot_controller/environment/ament_prefix_path.dsv
[15.056s] -- Up-to-date: /home/om/slambot/install/new_robot_controller/share/new_robot_controller/environment/path.sh
[15.056s] -- Installing: /home/om/slambot/install/new_robot_controller/share/new_robot_controller/environment/path.dsv
[15.056s] -- Up-to-date: /home/om/slambot/install/new_robot_controller/share/new_robot_controller/local_setup.bash
[15.056s] -- Up-to-date: /home/om/slambot/install/new_robot_controller/share/new_robot_controller/local_setup.sh
[15.056s] -- Up-to-date: /home/om/slambot/install/new_robot_controller/share/new_robot_controller/local_setup.zsh
[15.056s] -- Installing: /home/om/slambot/install/new_robot_controller/share/new_robot_controller/local_setup.dsv
[15.056s] -- Installing: /home/om/slambot/install/new_robot_controller/share/new_robot_controller/package.dsv
[15.056s] -- Up-to-date: /home/om/slambot/install/new_robot_controller/share/ament_index/resource_index/packages/new_robot_controller
[15.057s] -- Up-to-date: /home/om/slambot/install/new_robot_controller/share/new_robot_controller/cmake/new_robot_controllerConfig.cmake
[15.057s] -- Up-to-date: /home/om/slambot/install/new_robot_controller/share/new_robot_controller/cmake/new_robot_controllerConfig-version.cmake
[15.057s] -- Installing: /home/om/slambot/install/new_robot_controller/share/new_robot_controller/package.xml
[15.058s] Invoked command in '/home/om/slambot/build/new_robot_controller' returned '0': CMAKE_PREFIX_PATH=${CMAKE_PREFIX_PATH}:/home/om/slambot/install/bumperbot_py_examples:/opt/ros/humble /usr/bin/cmake --install /home/om/slambot/build/new_robot_controller
