[0.101s] Invoking command in '/home/om/slambot/build/bumperbot_localization': CMAKE_PREFIX_PATH=${CMAKE_PREFIX_PATH}:/home/om/slambot/install/bumperbot_py_examples:/opt/ros/humble /usr/bin/cmake --build /home/om/slambot/build/bumperbot_localization -- -j8 -l8
[0.289s] [ 50%] Built target kalman_filter
[0.314s] [100%] Built target imu_republisher
[0.319s] [100%] Built target ament_cmake_python_copy_bumperbot_localization
[0.972s] running egg_info
[0.974s] writing bumperbot_localization.egg-info/PKG-INFO
[0.974s] writing dependency_links to bumperbot_localization.egg-info/dependency_links.txt
[0.974s] writing top-level names to bumperbot_localization.egg-info/top_level.txt
[0.981s] reading manifest file 'bumperbot_localization.egg-info/SOURCES.txt'
[0.982s] writing manifest file 'bumperbot_localization.egg-info/SOURCES.txt'
[1.073s] [100%] Built target ament_cmake_python_build_bumperbot_localization_egg
[1.131s] Invoked command in '/home/om/slambot/build/bumperbot_localization' returned '0': CMAKE_PREFIX_PATH=${CMAKE_PREFIX_PATH}:/home/om/slambot/install/bumperbot_py_examples:/opt/ros/humble /usr/bin/cmake --build /home/om/slambot/build/bumperbot_localization -- -j8 -l8
[1.226s] Invoking command in '/home/om/slambot/build/bumperbot_localization': CMAKE_PREFIX_PATH=${CMAKE_PREFIX_PATH}:/home/om/slambot/install/bumperbot_py_examples:/opt/ros/humble /usr/bin/cmake --install /home/om/slambot/build/bumperbot_localization
[1.249s] -- Install configuration: ""
[1.254s] -- Up-to-date: /home/om/slambot/install/bumperbot_localization/share/bumperbot_localization/environment/pythonpath.sh
[1.254s] -- Up-to-date: /home/om/slambot/install/bumperbot_localization/share/bumperbot_localization/environment/pythonpath.dsv
[1.254s] -- Up-to-date: /home/om/slambot/install/bumperbot_localization/local/lib/python3.10/dist-packages/bumperbot_localization-0.0.0-py3.10.egg-info
[1.255s] -- Installing: /home/om/slambot/install/bumperbot_localization/local/lib/python3.10/dist-packages/bumperbot_localization-0.0.0-py3.10.egg-info/PKG-INFO
[1.255s] -- Installing: /home/om/slambot/install/bumperbot_localization/local/lib/python3.10/dist-packages/bumperbot_localization-0.0.0-py3.10.egg-info/dependency_links.txt
[1.255s] -- Installing: /home/om/slambot/install/bumperbot_localization/local/lib/python3.10/dist-packages/bumperbot_localization-0.0.0-py3.10.egg-info/SOURCES.txt
[1.255s] -- Installing: /home/om/slambot/install/bumperbot_localization/local/lib/python3.10/dist-packages/bumperbot_localization-0.0.0-py3.10.egg-info/top_level.txt
[1.255s] -- Up-to-date: /home/om/slambot/install/bumperbot_localization/local/lib/python3.10/dist-packages/bumperbot_localization
[1.255s] -- Up-to-date: /home/om/slambot/install/bumperbot_localization/local/lib/python3.10/dist-packages/bumperbot_localization/__init__.py
[1.255s] -- Up-to-date: /home/om/slambot/install/bumperbot_localization/local/lib/python3.10/dist-packages/bumperbot_localization/kalman_filter.py
[1.256s] -- Up-to-date: /home/om/slambot/install/bumperbot_localization/local/lib/python3.10/dist-packages/bumperbot_localization/imu_republisher.py
[1.325s] Listing '/home/om/slambot/install/bumperbot_localization/local/lib/python3.10/dist-packages/bumperbot_localization'...
[1.336s] -- Up-to-date: /home/om/slambot/install/bumperbot_localization/include/include
[1.337s] -- Up-to-date: /home/om/slambot/install/bumperbot_localization/include/include/bumperbot_localization
[1.337s] -- Up-to-date: /home/om/slambot/install/bumperbot_localization/include/include/bumperbot_localization/kalman_filter.hpp
[1.337s] -- Up-to-date: /home/om/slambot/install/bumperbot_localization/lib/bumperbot_localization/kalman_filter
[1.337s] -- Up-to-date: /home/om/slambot/install/bumperbot_localization/lib/bumperbot_localization/imu_republisher
[1.337s] -- Up-to-date: /home/om/slambot/install/bumperbot_localization/share/bumperbot_localization/launch
[1.337s] -- Up-to-date: /home/om/slambot/install/bumperbot_localization/share/bumperbot_localization/launch/local_localization.launch.py
[1.338s] -- Up-to-date: /home/om/slambot/install/bumperbot_localization/share/bumperbot_localization/config
[1.338s] -- Up-to-date: /home/om/slambot/install/bumperbot_localization/share/bumperbot_localization/config/ekf.yaml
[1.338s] -- Up-to-date: /home/om/slambot/install/bumperbot_localization/lib/bumperbot_localization/kalman_filter.py
[1.338s] -- Up-to-date: /home/om/slambot/install/bumperbot_localization/lib/bumperbot_localization/imu_republisher.py
[1.338s] -- Up-to-date: /home/om/slambot/install/bumperbot_localization/share/ament_index/resource_index/package_run_dependencies/bumperbot_localization
[1.338s] -- Up-to-date: /home/om/slambot/install/bumperbot_localization/share/ament_index/resource_index/parent_prefix_path/bumperbot_localization
[1.338s] -- Up-to-date: /home/om/slambot/install/bumperbot_localization/share/bumperbot_localization/environment/ament_prefix_path.sh
[1.339s] -- Up-to-date: /home/om/slambot/install/bumperbot_localization/share/bumperbot_localization/environment/ament_prefix_path.dsv
[1.339s] -- Up-to-date: /home/om/slambot/install/bumperbot_localization/share/bumperbot_localization/environment/path.sh
[1.339s] -- Up-to-date: /home/om/slambot/install/bumperbot_localization/share/bumperbot_localization/environment/path.dsv
[1.339s] -- Up-to-date: /home/om/slambot/install/bumperbot_localization/share/bumperbot_localization/local_setup.bash
[1.339s] -- Up-to-date: /home/om/slambot/install/bumperbot_localization/share/bumperbot_localization/local_setup.sh
[1.339s] -- Up-to-date: /home/om/slambot/install/bumperbot_localization/share/bumperbot_localization/local_setup.zsh
[1.339s] -- Up-to-date: /home/om/slambot/install/bumperbot_localization/share/bumperbot_localization/local_setup.dsv
[1.340s] -- Installing: /home/om/slambot/install/bumperbot_localization/share/bumperbot_localization/package.dsv
[1.340s] -- Up-to-date: /home/om/slambot/install/bumperbot_localization/share/ament_index/resource_index/packages/bumperbot_localization
[1.340s] -- Up-to-date: /home/om/slambot/install/bumperbot_localization/share/bumperbot_localization/cmake/bumperbot_localizationConfig.cmake
[1.340s] -- Up-to-date: /home/om/slambot/install/bumperbot_localization/share/bumperbot_localization/cmake/bumperbot_localizationConfig-version.cmake
[1.340s] -- Up-to-date: /home/om/slambot/install/bumperbot_localization/share/bumperbot_localization/package.xml
[1.391s] Invoked command in '/home/om/slambot/build/bumperbot_localization' returned '0': CMAKE_PREFIX_PATH=${CMAKE_PREFIX_PATH}:/home/om/slambot/install/bumperbot_py_examples:/opt/ros/humble /usr/bin/cmake --install /home/om/slambot/build/bumperbot_localization
