[0.029s] Invoking command in '/home/om/slambot/build/bumperbot_firmware': CMAKE_PREFIX_PATH=/opt/ros/humble /usr/bin/cmake --build /home/om/slambot/build/bumperbot_firmware -- -j8 -l8
[0.086s] [35m[1mConsolidate compiler generated dependencies of target bumperbot_firmware[0m
[0.101s] [35m[1mConsolidate compiler generated dependencies of target simple_serial_transmitter[0m
[0.108s] [35m[1mConsolidate compiler generated dependencies of target simple_serial_receiver[0m
[0.110s] [  0%] Built target ament_cmake_python_copy_bumperbot_firmware
[0.130s] [ 33%] Built target bumperbot_firmware
[0.131s] [ 66%] Built target simple_serial_transmitter
[0.136s] [100%] Built target simple_serial_receiver
[0.374s] running egg_info
[0.375s] writing bumperbot_firmware.egg-info/PKG-INFO
[0.375s] writing dependency_links to bumperbot_firmware.egg-info/dependency_links.txt
[0.375s] writing top-level names to bumperbot_firmware.egg-info/top_level.txt
[0.378s] reading manifest file 'bumperbot_firmware.egg-info/SOURCES.txt'
[0.379s] writing manifest file 'bumperbot_firmware.egg-info/SOURCES.txt'
[0.433s] [100%] Built target ament_cmake_python_build_bumperbot_firmware_egg
[0.459s] Invoked command in '/home/om/slambot/build/bumperbot_firmware' returned '0': CMAKE_PREFIX_PATH=/opt/ros/humble /usr/bin/cmake --build /home/om/slambot/build/bumperbot_firmware -- -j8 -l8
[0.488s] Invoking command in '/home/om/slambot/build/bumperbot_firmware': CMAKE_PREFIX_PATH=/opt/ros/humble /usr/bin/cmake --install /home/om/slambot/build/bumperbot_firmware
[0.495s] -- Install configuration: ""
[0.495s] -- Up-to-date: /home/om/slambot/install/bumperbot_firmware/share/bumperbot_firmware/environment/pythonpath.sh
[0.496s] -- Up-to-date: /home/om/slambot/install/bumperbot_firmware/share/bumperbot_firmware/environment/pythonpath.dsv
[0.496s] -- Up-to-date: /home/om/slambot/install/bumperbot_firmware/local/lib/python3.10/dist-packages/bumperbot_firmware-0.0.0-py3.10.egg-info
[0.496s] -- Installing: /home/om/slambot/install/bumperbot_firmware/local/lib/python3.10/dist-packages/bumperbot_firmware-0.0.0-py3.10.egg-info/PKG-INFO
[0.496s] -- Installing: /home/om/slambot/install/bumperbot_firmware/local/lib/python3.10/dist-packages/bumperbot_firmware-0.0.0-py3.10.egg-info/dependency_links.txt
[0.496s] -- Installing: /home/om/slambot/install/bumperbot_firmware/local/lib/python3.10/dist-packages/bumperbot_firmware-0.0.0-py3.10.egg-info/SOURCES.txt
[0.496s] -- Installing: /home/om/slambot/install/bumperbot_firmware/local/lib/python3.10/dist-packages/bumperbot_firmware-0.0.0-py3.10.egg-info/top_level.txt
[0.496s] -- Up-to-date: /home/om/slambot/install/bumperbot_firmware/local/lib/python3.10/dist-packages/bumperbot_firmware
[0.496s] -- Up-to-date: /home/om/slambot/install/bumperbot_firmware/local/lib/python3.10/dist-packages/bumperbot_firmware/__init__.py
[0.496s] -- Up-to-date: /home/om/slambot/install/bumperbot_firmware/local/lib/python3.10/dist-packages/bumperbot_firmware/simple_serial_receiver.py
[0.497s] -- Up-to-date: /home/om/slambot/install/bumperbot_firmware/local/lib/python3.10/dist-packages/bumperbot_firmware/simple_serial_transmitter.py
[0.527s] Listing '/home/om/slambot/install/bumperbot_firmware/local/lib/python3.10/dist-packages/bumperbot_firmware'...
[0.535s] -- Up-to-date: /home/om/slambot/install/bumperbot_firmware/share/bumperbot_firmware/bumperbot_interface.xml
[0.535s] -- Up-to-date: /home/om/slambot/install/bumperbot_firmware/lib/libbumperbot_firmware.so
[0.535s] -- Up-to-date: /home/om/slambot/install/bumperbot_firmware/include/include
[0.535s] -- Up-to-date: /home/om/slambot/install/bumperbot_firmware/include/include/bumperbot_firmware
[0.535s] -- Up-to-date: /home/om/slambot/install/bumperbot_firmware/include/include/bumperbot_firmware/bumperbot_interface.hpp
[0.535s] -- Up-to-date: /home/om/slambot/install/bumperbot_firmware/share/bumperbot_firmware/launch
[0.535s] -- Up-to-date: /home/om/slambot/install/bumperbot_firmware/share/bumperbot_firmware/launch/hardware_interface.launch.py
[0.535s] -- Up-to-date: /home/om/slambot/install/bumperbot_firmware/lib/bumperbot_firmware/simple_serial_transmitter.py
[0.535s] -- Up-to-date: /home/om/slambot/install/bumperbot_firmware/lib/bumperbot_firmware/simple_serial_receiver.py
[0.535s] -- Up-to-date: /home/om/slambot/install/bumperbot_firmware/lib/bumperbot_firmware/simple_serial_receiver
[0.535s] -- Up-to-date: /home/om/slambot/install/bumperbot_firmware/lib/bumperbot_firmware/simple_serial_transmitter
[0.535s] -- Up-to-date: /home/om/slambot/install/bumperbot_firmware/share/bumperbot_firmware/environment/library_path.sh
[0.536s] -- Up-to-date: /home/om/slambot/install/bumperbot_firmware/share/bumperbot_firmware/environment/library_path.dsv
[0.537s] -- Up-to-date: /home/om/slambot/install/bumperbot_firmware/share/ament_index/resource_index/package_run_dependencies/bumperbot_firmware
[0.537s] -- Up-to-date: /home/om/slambot/install/bumperbot_firmware/share/ament_index/resource_index/parent_prefix_path/bumperbot_firmware
[0.538s] -- Up-to-date: /home/om/slambot/install/bumperbot_firmware/share/bumperbot_firmware/environment/ament_prefix_path.sh
[0.539s] -- Up-to-date: /home/om/slambot/install/bumperbot_firmware/share/bumperbot_firmware/environment/ament_prefix_path.dsv
[0.539s] -- Up-to-date: /home/om/slambot/install/bumperbot_firmware/share/bumperbot_firmware/environment/path.sh
[0.540s] -- Up-to-date: /home/om/slambot/install/bumperbot_firmware/share/bumperbot_firmware/environment/path.dsv
[0.540s] -- Up-to-date: /home/om/slambot/install/bumperbot_firmware/share/bumperbot_firmware/local_setup.bash
[0.540s] -- Up-to-date: /home/om/slambot/install/bumperbot_firmware/share/bumperbot_firmware/local_setup.sh
[0.540s] -- Up-to-date: /home/om/slambot/install/bumperbot_firmware/share/bumperbot_firmware/local_setup.zsh
[0.540s] -- Up-to-date: /home/om/slambot/install/bumperbot_firmware/share/bumperbot_firmware/local_setup.dsv
[0.540s] -- Installing: /home/om/slambot/install/bumperbot_firmware/share/bumperbot_firmware/package.dsv
[0.540s] -- Up-to-date: /home/om/slambot/install/bumperbot_firmware/share/ament_index/resource_index/packages/bumperbot_firmware
[0.540s] -- Up-to-date: /home/om/slambot/install/bumperbot_firmware/share/ament_index/resource_index/hardware_interface__pluginlib__plugin/bumperbot_firmware
[0.540s] -- Up-to-date: /home/om/slambot/install/bumperbot_firmware/share/bumperbot_firmware/cmake/ament_cmake_export_include_directories-extras.cmake
[0.540s] -- Up-to-date: /home/om/slambot/install/bumperbot_firmware/share/bumperbot_firmware/cmake/ament_cmake_export_libraries-extras.cmake
[0.541s] -- Up-to-date: /home/om/slambot/install/bumperbot_firmware/share/bumperbot_firmware/cmake/ament_cmake_export_dependencies-extras.cmake
[0.541s] -- Up-to-date: /home/om/slambot/install/bumperbot_firmware/share/bumperbot_firmware/cmake/bumperbot_firmwareConfig.cmake
[0.541s] -- Up-to-date: /home/om/slambot/install/bumperbot_firmware/share/bumperbot_firmware/cmake/bumperbot_firmwareConfig-version.cmake
[0.541s] -- Up-to-date: /home/om/slambot/install/bumperbot_firmware/share/bumperbot_firmware/package.xml
[0.543s] Invoked command in '/home/om/slambot/build/bumperbot_firmware' returned '0': CMAKE_PREFIX_PATH=/opt/ros/humble /usr/bin/cmake --install /home/om/slambot/build/bumperbot_firmware
