[0.022s] Invoking command in '/home/om/slambot/build/new_robot_firmware': CMAKE_PREFIX_PATH=/opt/ros/humble /usr/bin/cmake /home/om/slambot/src/new_robot_firmware -DCMAKE_INSTALL_PREFIX=/home/om/slambot/install/new_robot_firmware
[0.160s] -- The C compiler identification is GNU 11.4.0
[0.270s] -- The CXX compiler identification is GNU 11.4.0
[0.289s] -- Detecting C compiler ABI info
[0.383s] -- Detecting C compiler ABI info - done
[0.393s] -- Check for working C compiler: /usr/bin/cc - skipped
[0.394s] -- Detecting C compile features
[0.395s] -- Detecting C compile features - done
[0.400s] -- Detecting CXX compiler ABI info
[0.520s] -- Detecting CXX compiler ABI info - done
[0.529s] -- Check for working CXX compiler: /usr/bin/c++ - skipped
[0.530s] -- Detecting CXX compile features
[0.530s] -- Detecting CXX compile features - done
[0.534s] -- Found ament_cmake: 1.3.9 (/opt/ros/humble/share/ament_cmake/cmake)
[0.741s] -- Found Python3: /usr/bin/python3 (found version "3.10.12") found components: Interpreter 
[0.850s] -- Found ament_lint_auto: 0.12.11 (/opt/ros/humble/share/ament_lint_auto/cmake)
[0.950s] -- Added test 'cppcheck' to perform static code analysis on C / C++ code
[0.950s] -- Configured cppcheck include dirs: 
[0.950s] -- Configured cppcheck exclude dirs and/or files: 
[0.951s] -- Added test 'lint_cmake' to check CMake code style
[0.952s] -- Added test 'uncrustify' to check C / C++ code style
[0.952s] -- Configured uncrustify additional arguments: 
[0.953s] -- Added test 'xmllint' to check XML markup files
[0.954s] -- Configuring done
[0.958s] -- Generating done
[0.958s] -- Build files have been written to: /home/om/slambot/build/new_robot_firmware
[0.980s] Invoked command in '/home/om/slambot/build/new_robot_firmware' returned '0': CMAKE_PREFIX_PATH=/opt/ros/humble /usr/bin/cmake /home/om/slambot/src/new_robot_firmware -DCMAKE_INSTALL_PREFIX=/home/om/slambot/install/new_robot_firmware
[0.982s] Invoking command in '/home/om/slambot/build/new_robot_firmware': CMAKE_PREFIX_PATH=/opt/ros/humble /usr/bin/cmake --build /home/om/slambot/build/new_robot_firmware -- -j8 -l8
